Using pre-set license
Built from '2021.2/staging' branch; Version is '2021.2.8f1 (d0e5f0a7b06a) revision 13690352'; Using compiler version '192829333'; Build Type 'Release'
OS: 'Windows 10  (10.0.19042) 64bit Core' Language: 'de' Physical Memory: 15731 MB
BatchMode: 1, IsHumanControllingUs: 0, StartBugReporterOnCrash: 0, Is64bit: 1, IsPro: 0

COMMAND LINE ARGUMENTS:
C:\Users\49157\Desktop\Unity\2021.2.8f1\Editor\Unity.exe
-adb2
-batchMode
-noUpm
-name
AssetImportWorker0
-projectPath
C:/Users/49157/Dropbox/Mein PC (LAPTOP-G1C5OG0U)/Documents/GitHub/29Jan
-logFile
Logs/AssetImportWorker0.log
-srvPort
58496
Successfully changed project path to: C:/Users/49157/Dropbox/Mein PC (LAPTOP-G1C5OG0U)/Documents/GitHub/29Jan
C:/Users/49157/Dropbox/Mein PC (LAPTOP-G1C5OG0U)/Documents/GitHub/29Jan
[UnityMemory] Configuration Parameters - Can be set up in boot.config
    "memorysetup-bucket-allocator-granularity=16"
    "memorysetup-bucket-allocator-bucket-count=8"
    "memorysetup-bucket-allocator-block-size=33554432"
    "memorysetup-bucket-allocator-block-count=8"
    "memorysetup-main-allocator-block-size=16777216"
    "memorysetup-thread-allocator-block-size=16777216"
    "memorysetup-gfx-main-allocator-block-size=16777216"
    "memorysetup-gfx-thread-allocator-block-size=16777216"
    "memorysetup-cache-allocator-block-size=4194304"
    "memorysetup-typetree-allocator-block-size=2097152"
    "memorysetup-profiler-bucket-allocator-granularity=16"
    "memorysetup-profiler-bucket-allocator-bucket-count=8"
    "memorysetup-profiler-bucket-allocator-block-size=33554432"
    "memorysetup-profiler-bucket-allocator-block-count=8"
    "memorysetup-profiler-allocator-block-size=16777216"
    "memorysetup-profiler-editor-allocator-block-size=1048576"
    "memorysetup-temp-allocator-size-main=16777216"
    "memorysetup-job-temp-allocator-block-size=2097152"
    "memorysetup-job-temp-allocator-block-size-background=1048576"
    "memorysetup-job-temp-allocator-reduction-small-platforms=262144"
    "memorysetup-temp-allocator-size-background-worker=32768"
    "memorysetup-temp-allocator-size-job-worker=262144"
    "memorysetup-temp-allocator-size-preload-manager=33554432"
    "memorysetup-temp-allocator-size-nav-mesh-worker=65536"
    "memorysetup-temp-allocator-size-audio-worker=65536"
    "memorysetup-temp-allocator-size-cloud-worker=32768"
    "memorysetup-temp-allocator-size-gi-baking-worker=262144"
    "memorysetup-temp-allocator-size-gfx=262144"
Refreshing native plugins compatible for Editor in 866.35 ms, found 8 plugins.
Preloading 0 native plugins for Editor in 0.00 ms.
Initialize engine version: 2021.2.8f1 (d0e5f0a7b06a)
[Subsystems] Discovering subsystems at path C:/Users/49157/Desktop/Unity/2021.2.8f1/Editor/Data/Resources/UnitySubsystems
[Subsystems] Discovering subsystems at path C:/Users/49157/Dropbox/Mein PC (LAPTOP-G1C5OG0U)/Documents/GitHub/29Jan/Assets
GfxDevice: creating device client; threaded=0; jobified=0
Direct3D:
    Version:  Direct3D 11.0 [level 11.1]
    Renderer: NVIDIA GeForce GTX 1660 Ti with Max-Q Design (ID=0x2191)
    Vendor:   NVIDIA
    VRAM:     5991 MB
    Driver:   27.21.14.6280
Initialize mono
Mono path[0] = 'C:/Users/49157/Desktop/Unity/2021.2.8f1/Editor/Data/Managed'
Mono path[1] = 'C:/Users/49157/Desktop/Unity/2021.2.8f1/Editor/Data/MonoBleedingEdge/lib/mono/unityjit-win32'
Mono config path = 'C:/Users/49157/Desktop/Unity/2021.2.8f1/Editor/Data/MonoBleedingEdge/etc'
Using monoOptions --debugger-agent=transport=dt_socket,embedding=1,server=y,suspend=n,address=127.0.0.1:56956
Begin MonoManager ReloadAssembly
Registering precompiled unity dll's ...
Register platform support module: C:/Users/49157/Desktop/Unity/2021.2.8f1/Editor/Data/PlaybackEngines/WindowsStandaloneSupport/UnityEditor.WindowsStandalone.Extensions.dll
Registered in 0.011474 seconds.
Native extension for WindowsStandalone target not found
Refreshing native plugins compatible for Editor in 180.46 ms, found 8 plugins.
Preloading 0 native plugins for Editor in 0.00 ms.
Mono: successfully reloaded assembly
- Completed reload, in  0.864 seconds
Domain Reload Profiling:
	ReloadAssembly (864ms)
		BeginReloadAssembly (141ms)
			ExecutionOrderSort (0ms)
			DisableScriptedObjects (0ms)
			BackupInstance (0ms)
			ReleaseScriptingObjects (0ms)
			CreateAndSetChildDomain (1ms)
		EndReloadAssembly (630ms)
			LoadAssemblies (138ms)
			RebuildTransferFunctionScriptingTraits (0ms)
			SetupTypeCache (109ms)
			ReleaseScriptCaches (0ms)
			RebuildScriptCaches (33ms)
			SetupLoadedEditorAssemblies (426ms)
				LogAssemblyErrors (0ms)
				InitializePlatformSupportModulesInManaged (16ms)
				SetLoadedEditorAssemblies (0ms)
				RefreshPlugins (181ms)
				BeforeProcessingInitializeOnLoad (2ms)
				ProcessInitializeOnLoadAttributes (174ms)
				ProcessInitializeOnLoadMethodAttributes (53ms)
				AfterProcessingInitializeOnLoad (0ms)
				EditorAssembliesLoaded (0ms)
			ExecutionOrderSort2 (0ms)
			AwakeInstancesAfterBackupRestoration (0ms)
Platform modules already initialized, skipping
Registering precompiled user dll's ...
Registered in 0.023611 seconds.
Begin MonoManager ReloadAssembly
Symbol file LoadedFromMemory doesn't match image C:\Users\49157\Dropbox\Mein PC (LAPTOP-G1C5OG0U)\Documents\GitHub\29Jan\Library\PackageCache\com.unity.visualscripting@1.7.6\Editor\VisualScripting.Core\Dependencies\DotNetZip\Unity.VisualScripting.IonicZip.dll
Symbol file LoadedFromMemory doesn't match image C:\Users\49157\Dropbox\Mein PC (LAPTOP-G1C5OG0U)\Documents\GitHub\29Jan\Library\PackageCache\com.unity.visualscripting@1.7.6\Editor\VisualScripting.Core\Dependencies\YamlDotNet\Unity.VisualScripting.YamlDotNet.dll
Native extension for WindowsStandalone target not found
Refreshing native plugins compatible for Editor in 135.38 ms, found 8 plugins.
Preloading 0 native plugins for Editor in 0.00 ms.
Package Manager log level set to [2]
Mono: successfully reloaded assembly
- Completed reload, in  3.029 seconds
Domain Reload Profiling:
	ReloadAssembly (3030ms)
		BeginReloadAssembly (145ms)
			ExecutionOrderSort (0ms)
			DisableScriptedObjects (6ms)
			BackupInstance (0ms)
			ReleaseScriptingObjects (0ms)
			CreateAndSetChildDomain (20ms)
		EndReloadAssembly (2765ms)
			LoadAssemblies (239ms)
			RebuildTransferFunctionScriptingTraits (0ms)
			SetupTypeCache (358ms)
			ReleaseScriptCaches (1ms)
			RebuildScriptCaches (81ms)
			SetupLoadedEditorAssemblies (2055ms)
				LogAssemblyErrors (0ms)
				InitializePlatformSupportModulesInManaged (12ms)
				SetLoadedEditorAssemblies (0ms)
				RefreshPlugins (135ms)
				BeforeProcessingInitializeOnLoad (158ms)
				ProcessInitializeOnLoadAttributes (1635ms)
				ProcessInitializeOnLoadMethodAttributes (103ms)
				AfterProcessingInitializeOnLoad (11ms)
				EditorAssembliesLoaded (0ms)
			ExecutionOrderSort2 (0ms)
			AwakeInstancesAfterBackupRestoration (6ms)
Platform modules already initialized, skipping
========================================================================
Worker process is ready to serve import requests
Launched and connected shader compiler UnityShaderCompiler.exe after 0.06 seconds
Refreshing native plugins compatible for Editor in 2.35 ms, found 8 plugins.
Preloading 0 native plugins for Editor in 0.00 ms.
Unloading 6299 Unused Serialized files (Serialized files now loaded: 0)
Unloading 201 unused Assets / (410.6 KB). Loaded Objects now: 6714.
Memory consumption went from 255.4 MB to 255.0 MB.
Total: 6.923500 ms (FindLiveObjects: 0.656000 ms CreateObjectMapping: 0.472600 ms MarkObjects: 5.215000 ms  DeleteObjects: 0.577900 ms)

AssetImportParameters requested are different than current active one (requested -> active):
  custom:video-decoder-ogg-theora: a1e56fd34408186e4bbccfd4996cb3dc -> 
  custom:container-muxer-webm: aa71ff27fc2769a1b78a27578f13a17b -> 
  custom:container-demuxer-webm: 4f35f7cbe854078d1ac9338744f61a02 -> 
  custom:video-encoder-webm-vp8: eb34c28f22e8b96e1ab97ce403110664 -> 
  custom:video-codec-MediaFoundation-h265: 746d11721c4dcdbdad8f713fa42b33f4 -> 
  custom:audio-encoder-webm-vorbis: bf7c407c2cedff20999df2af8eb42d56 -> 
  custom:framework-win-MediaFoundation: 216162199b28c13a410421893ffa2e32 -> 
  custom:container-demuxer-ogg: 62fdf1f143b41e24485cea50d1cbac27 -> 
  custom:video-decoder-webm-vp8: 9c59270c3fd7afecdb556c50c9e8de78 -> 
  custom:audio-decoder-ogg-vorbis: bf7c407c2cedff20999df2af8eb42d56 -> 
========================================================================
Received Import Request.
  Time since last request: 163923.988328 seconds.
  path: Assets/New Terrain.asset
  artifactKey: Guid(4ae238d78d7ad1842acadef09450b720) Importer(815301076,1909f56bfc062723c751e8b465ee728b)
Start importing Assets/New Terrain.asset using Guid(4ae238d78d7ad1842acadef09450b720) Importer(815301076,1909f56bfc062723c751e8b465ee728b) 
 -> (artifact id: '20664a7a448d447c95494ac06894b442') in 0.146161 seconds 
========================================================================
Received Prepare
Registering precompiled user dll's ...
Registered in 0.025758 seconds.
Begin MonoManager ReloadAssembly
Symbol file LoadedFromMemory doesn't match image C:\Users\49157\Dropbox\Mein PC (LAPTOP-G1C5OG0U)\Documents\GitHub\29Jan\Library\PackageCache\com.unity.visualscripting@1.7.6\Editor\VisualScripting.Core\Dependencies\DotNetZip\Unity.VisualScripting.IonicZip.dll
Symbol file LoadedFromMemory doesn't match image C:\Users\49157\Dropbox\Mein PC (LAPTOP-G1C5OG0U)\Documents\GitHub\29Jan\Library\PackageCache\com.unity.visualscripting@1.7.6\Editor\VisualScripting.Core\Dependencies\YamlDotNet\Unity.VisualScripting.YamlDotNet.dll
Native extension for WindowsStandalone target not found
Refreshing native plugins compatible for Editor in 2.26 ms, found 8 plugins.
Preloading 0 native plugins for Editor in 0.00 ms.
Warning: Annotation not found!
UnityEngine.StackTraceUtility:ExtractStackTrace ()
UnityEditor.ProBuilder.EditorUtility:SetGizmoIconEnabled (System.Type,bool) (at Library/PackageCache/com.unity.probuilder@5.0.3/Editor/EditorCore/EditorUtility.cs:575)
UnityEditor.ProBuilder.HierarchyListener:.cctor () (at Library/PackageCache/com.unity.probuilder@5.0.3/Editor/EditorCore/HierarchyListener.cs:21)
System.Runtime.CompilerServices.RuntimeHelpers:RunClassConstructor (System.RuntimeTypeHandle)
UnityEditor.EditorAssemblies:ProcessInitializeOnLoadAttributes (System.Type[])

[Library/PackageCache/com.unity.probuilder@5.0.3/Editor/EditorCore/EditorUtility.cs line 575]

Mono: successfully reloaded assembly
- Completed reload, in 10.086 seconds
Domain Reload Profiling:
	ReloadAssembly (10087ms)
		BeginReloadAssembly (435ms)
			ExecutionOrderSort (0ms)
			DisableScriptedObjects (18ms)
			BackupInstance (0ms)
			ReleaseScriptingObjects (0ms)
			CreateAndSetChildDomain (119ms)
		EndReloadAssembly (9403ms)
			LoadAssemblies (3175ms)
			RebuildTransferFunctionScriptingTraits (130ms)
			SetupTypeCache (861ms)
			ReleaseScriptCaches (4ms)
			RebuildScriptCaches (2601ms)
			SetupLoadedEditorAssemblies (1167ms)
				LogAssemblyErrors (0ms)
				InitializePlatformSupportModulesInManaged (18ms)
				SetLoadedEditorAssemblies (1ms)
				RefreshPlugins (2ms)
				BeforeProcessingInitializeOnLoad (153ms)
				ProcessInitializeOnLoadAttributes (879ms)
				ProcessInitializeOnLoadMethodAttributes (103ms)
				AfterProcessingInitializeOnLoad (11ms)
				EditorAssembliesLoaded (0ms)
			ExecutionOrderSort2 (0ms)
			AwakeInstancesAfterBackupRestoration (16ms)
Platform modules already initialized, skipping
Switching build target platform(19) subTarget(0) extendedPlatform(0) -> platform(13) subTarget(0) extendedPlatform(0)
Refreshing native plugins compatible for Editor in 1.93 ms, found 8 plugins.
Preloading 0 native plugins for Editor in 0.00 ms.
Unloading 6127 Unused Serialized files (Serialized files now loaded: 0)
Unloading 50 unused Assets / (363.2 KB). Loaded Objects now: 6743.
Memory consumption went from 247.3 MB to 247.0 MB.
Total: 79.469200 ms (FindLiveObjects: 5.689300 ms CreateObjectMapping: 3.554900 ms MarkObjects: 69.213300 ms  DeleteObjects: 1.008200 ms)

AssetImportParameters requested are different than current active one (requested -> active):
  custom:video-decoder-ogg-theora: a1e56fd34408186e4bbccfd4996cb3dc -> 
  custom:container-muxer-webm: aa71ff27fc2769a1b78a27578f13a17b -> 
  custom:container-demuxer-webm: 4f35f7cbe854078d1ac9338744f61a02 -> 
  custom:video-encoder-webm-vp8: eb34c28f22e8b96e1ab97ce403110664 -> 
  custom:video-codec-MediaFoundation-h265: 746d11721c4dcdbdad8f713fa42b33f4 -> 
  custom:audio-encoder-webm-vorbis: bf7c407c2cedff20999df2af8eb42d56 -> 
  custom:framework-win-MediaFoundation: 216162199b28c13a410421893ffa2e32 -> 
  custom:container-demuxer-ogg: 62fdf1f143b41e24485cea50d1cbac27 -> 
  custom:video-decoder-webm-vp8: 9c59270c3fd7afecdb556c50c9e8de78 -> 
  custom:audio-decoder-ogg-vorbis: bf7c407c2cedff20999df2af8eb42d56 -> 
========================================================================
Received Prepare
Registering precompiled user dll's ...
Registered in 0.022812 seconds.
Begin MonoManager ReloadAssembly
Symbol file LoadedFromMemory doesn't match image C:\Users\49157\Dropbox\Mein PC (LAPTOP-G1C5OG0U)\Documents\GitHub\29Jan\Library\PackageCache\com.unity.visualscripting@1.7.6\Editor\VisualScripting.Core\Dependencies\DotNetZip\Unity.VisualScripting.IonicZip.dll
Symbol file LoadedFromMemory doesn't match image C:\Users\49157\Dropbox\Mein PC (LAPTOP-G1C5OG0U)\Documents\GitHub\29Jan\Library\PackageCache\com.unity.visualscripting@1.7.6\Editor\VisualScripting.Core\Dependencies\YamlDotNet\Unity.VisualScripting.YamlDotNet.dll
Native extension for WindowsStandalone target not found
Refreshing native plugins compatible for Editor in 2.14 ms, found 8 plugins.
Preloading 0 native plugins for Editor in 0.00 ms.
Warning: Annotation not found!
UnityEngine.StackTraceUtility:ExtractStackTrace ()
UnityEditor.ProBuilder.EditorUtility:SetGizmoIconEnabled (System.Type,bool) (at Library/PackageCache/com.unity.probuilder@5.0.3/Editor/EditorCore/EditorUtility.cs:575)
UnityEditor.ProBuilder.HierarchyListener:.cctor () (at Library/PackageCache/com.unity.probuilder@5.0.3/Editor/EditorCore/HierarchyListener.cs:21)
System.Runtime.CompilerServices.RuntimeHelpers:RunClassConstructor (System.RuntimeTypeHandle)
UnityEditor.EditorAssemblies:ProcessInitializeOnLoadAttributes (System.Type[])

[Library/PackageCache/com.unity.probuilder@5.0.3/Editor/EditorCore/EditorUtility.cs line 575]

Mono: successfully reloaded assembly
- Completed reload, in  2.609 seconds
Domain Reload Profiling:
	ReloadAssembly (2610ms)
		BeginReloadAssembly (215ms)
			ExecutionOrderSort (0ms)
			DisableScriptedObjects (8ms)
			BackupInstance (0ms)
			ReleaseScriptingObjects (0ms)
			CreateAndSetChildDomain (53ms)
		EndReloadAssembly (2275ms)
			LoadAssemblies (267ms)
			RebuildTransferFunctionScriptingTraits (0ms)
			SetupTypeCache (346ms)
			ReleaseScriptCaches (3ms)
			RebuildScriptCaches (69ms)
			SetupLoadedEditorAssemblies (1522ms)
				LogAssemblyErrors (0ms)
				InitializePlatformSupportModulesInManaged (17ms)
				SetLoadedEditorAssemblies (1ms)
				RefreshPlugins (2ms)
				BeforeProcessingInitializeOnLoad (128ms)
				ProcessInitializeOnLoadAttributes (1259ms)
				ProcessInitializeOnLoadMethodAttributes (105ms)
				AfterProcessingInitializeOnLoad (10ms)
				EditorAssembliesLoaded (0ms)
			ExecutionOrderSort2 (0ms)
			AwakeInstancesAfterBackupRestoration (15ms)
Platform modules already initialized, skipping
Switching build target platform(19) subTarget(0) extendedPlatform(0) -> platform(13) subTarget(0) extendedPlatform(0)
Refreshing native plugins compatible for Editor in 1.62 ms, found 8 plugins.
Preloading 0 native plugins for Editor in 0.00 ms.
Unloading 6118 Unused Serialized files (Serialized files now loaded: 0)
Unloading 50 unused Assets / (355.4 KB). Loaded Objects now: 6746.
Memory consumption went from 246.8 MB to 246.4 MB.
Total: 6.916900 ms (FindLiveObjects: 0.988100 ms CreateObjectMapping: 0.915100 ms MarkObjects: 4.797500 ms  DeleteObjects: 0.213300 ms)

AssetImportParameters requested are different than current active one (requested -> active):
  custom:video-decoder-ogg-theora: a1e56fd34408186e4bbccfd4996cb3dc -> 
  custom:container-muxer-webm: aa71ff27fc2769a1b78a27578f13a17b -> 
  custom:container-demuxer-webm: 4f35f7cbe854078d1ac9338744f61a02 -> 
  custom:video-encoder-webm-vp8: eb34c28f22e8b96e1ab97ce403110664 -> 
  custom:video-codec-MediaFoundation-h265: 746d11721c4dcdbdad8f713fa42b33f4 -> 
  custom:audio-encoder-webm-vorbis: bf7c407c2cedff20999df2af8eb42d56 -> 
  custom:framework-win-MediaFoundation: 216162199b28c13a410421893ffa2e32 -> 
  custom:container-demuxer-ogg: 62fdf1f143b41e24485cea50d1cbac27 -> 
  custom:video-decoder-webm-vp8: 9c59270c3fd7afecdb556c50c9e8de78 -> 
  custom:audio-decoder-ogg-vorbis: bf7c407c2cedff20999df2af8eb42d56 -> 
========================================================================
Received Prepare
Registering precompiled user dll's ...
Registered in 0.024989 seconds.
Begin MonoManager ReloadAssembly
Symbol file LoadedFromMemory doesn't match image C:\Users\49157\Dropbox\Mein PC (LAPTOP-G1C5OG0U)\Documents\GitHub\29Jan\Library\PackageCache\com.unity.visualscripting@1.7.6\Editor\VisualScripting.Core\Dependencies\DotNetZip\Unity.VisualScripting.IonicZip.dll
Symbol file LoadedFromMemory doesn't match image C:\Users\49157\Dropbox\Mein PC (LAPTOP-G1C5OG0U)\Documents\GitHub\29Jan\Library\PackageCache\com.unity.visualscripting@1.7.6\Editor\VisualScripting.Core\Dependencies\YamlDotNet\Unity.VisualScripting.YamlDotNet.dll
Native extension for WindowsStandalone target not found
Refreshing native plugins compatible for Editor in 1.53 ms, found 8 plugins.
Preloading 0 native plugins for Editor in 0.00 ms.
Warning: Annotation not found!
UnityEngine.StackTraceUtility:ExtractStackTrace ()
UnityEditor.ProBuilder.EditorUtility:SetGizmoIconEnabled (System.Type,bool) (at Library/PackageCache/com.unity.probuilder@5.0.3/Editor/EditorCore/EditorUtility.cs:575)
UnityEditor.ProBuilder.HierarchyListener:.cctor () (at Library/PackageCache/com.unity.probuilder@5.0.3/Editor/EditorCore/HierarchyListener.cs:21)
System.Runtime.CompilerServices.RuntimeHelpers:RunClassConstructor (System.RuntimeTypeHandle)
UnityEditor.EditorAssemblies:ProcessInitializeOnLoadAttributes (System.Type[])

[Library/PackageCache/com.unity.probuilder@5.0.3/Editor/EditorCore/EditorUtility.cs line 575]

Mono: successfully reloaded assembly
- Completed reload, in  1.914 seconds
Domain Reload Profiling:
	ReloadAssembly (1915ms)
		BeginReloadAssembly (191ms)
			ExecutionOrderSort (0ms)
			DisableScriptedObjects (9ms)
			BackupInstance (0ms)
			ReleaseScriptingObjects (0ms)
			CreateAndSetChildDomain (48ms)
		EndReloadAssembly (1610ms)
			LoadAssemblies (172ms)
			RebuildTransferFunctionScriptingTraits (0ms)
			SetupTypeCache (347ms)
			ReleaseScriptCaches (2ms)
			RebuildScriptCaches (76ms)
			SetupLoadedEditorAssemblies (912ms)
				LogAssemblyErrors (0ms)
				InitializePlatformSupportModulesInManaged (17ms)
				SetLoadedEditorAssemblies (1ms)
				RefreshPlugins (2ms)
				BeforeProcessingInitializeOnLoad (142ms)
				ProcessInitializeOnLoadAttributes (626ms)
				ProcessInitializeOnLoadMethodAttributes (113ms)
				AfterProcessingInitializeOnLoad (11ms)
				EditorAssembliesLoaded (0ms)
			ExecutionOrderSort2 (0ms)
			AwakeInstancesAfterBackupRestoration (15ms)
Platform modules already initialized, skipping
Switching build target platform(19) subTarget(0) extendedPlatform(0) -> platform(13) subTarget(0) extendedPlatform(0)
Refreshing native plugins compatible for Editor in 1.61 ms, found 8 plugins.
Preloading 0 native plugins for Editor in 0.00 ms.
Unloading 6118 Unused Serialized files (Serialized files now loaded: 0)
Unloading 50 unused Assets / (371.1 KB). Loaded Objects now: 6749.
Memory consumption went from 246.8 MB to 246.4 MB.
Total: 5.886400 ms (FindLiveObjects: 0.658300 ms CreateObjectMapping: 0.399100 ms MarkObjects: 4.582800 ms  DeleteObjects: 0.243700 ms)

AssetImportParameters requested are different than current active one (requested -> active):
  custom:video-decoder-ogg-theora: a1e56fd34408186e4bbccfd4996cb3dc -> 
  custom:container-muxer-webm: aa71ff27fc2769a1b78a27578f13a17b -> 
  custom:container-demuxer-webm: 4f35f7cbe854078d1ac9338744f61a02 -> 
  custom:video-encoder-webm-vp8: eb34c28f22e8b96e1ab97ce403110664 -> 
  custom:video-codec-MediaFoundation-h265: 746d11721c4dcdbdad8f713fa42b33f4 -> 
  custom:audio-encoder-webm-vorbis: bf7c407c2cedff20999df2af8eb42d56 -> 
  custom:framework-win-MediaFoundation: 216162199b28c13a410421893ffa2e32 -> 
  custom:container-demuxer-ogg: 62fdf1f143b41e24485cea50d1cbac27 -> 
  custom:video-decoder-webm-vp8: 9c59270c3fd7afecdb556c50c9e8de78 -> 
  custom:audio-decoder-ogg-vorbis: bf7c407c2cedff20999df2af8eb42d56 -> 
========================================================================
Received Prepare
Registering precompiled user dll's ...
Registered in 0.024517 seconds.
Begin MonoManager ReloadAssembly
Symbol file LoadedFromMemory doesn't match image C:\Users\49157\Dropbox\Mein PC (LAPTOP-G1C5OG0U)\Documents\GitHub\29Jan\Library\PackageCache\com.unity.visualscripting@1.7.6\Editor\VisualScripting.Core\Dependencies\DotNetZip\Unity.VisualScripting.IonicZip.dll
Symbol file LoadedFromMemory doesn't match image C:\Users\49157\Dropbox\Mein PC (LAPTOP-G1C5OG0U)\Documents\GitHub\29Jan\Library\PackageCache\com.unity.visualscripting@1.7.6\Editor\VisualScripting.Core\Dependencies\YamlDotNet\Unity.VisualScripting.YamlDotNet.dll
Native extension for WindowsStandalone target not found
Refreshing native plugins compatible for Editor in 1.34 ms, found 8 plugins.
Preloading 0 native plugins for Editor in 0.00 ms.
Warning: Annotation not found!
UnityEngine.StackTraceUtility:ExtractStackTrace ()
UnityEditor.ProBuilder.EditorUtility:SetGizmoIconEnabled (System.Type,bool) (at Library/PackageCache/com.unity.probuilder@5.0.3/Editor/EditorCore/EditorUtility.cs:575)
UnityEditor.ProBuilder.HierarchyListener:.cctor () (at Library/PackageCache/com.unity.probuilder@5.0.3/Editor/EditorCore/HierarchyListener.cs:21)
System.Runtime.CompilerServices.RuntimeHelpers:RunClassConstructor (System.RuntimeTypeHandle)
UnityEditor.EditorAssemblies:ProcessInitializeOnLoadAttributes (System.Type[])

[Library/PackageCache/com.unity.probuilder@5.0.3/Editor/EditorCore/EditorUtility.cs line 575]

Mono: successfully reloaded assembly
- Completed reload, in  1.536 seconds
Domain Reload Profiling:
	ReloadAssembly (1536ms)
		BeginReloadAssembly (176ms)
			ExecutionOrderSort (0ms)
			DisableScriptedObjects (7ms)
			BackupInstance (0ms)
			ReleaseScriptingObjects (0ms)
			CreateAndSetChildDomain (50ms)
		EndReloadAssembly (1265ms)
			LoadAssemblies (130ms)
			RebuildTransferFunctionScriptingTraits (0ms)
			SetupTypeCache (282ms)
			ReleaseScriptCaches (2ms)
			RebuildScriptCaches (60ms)
			SetupLoadedEditorAssemblies (698ms)
				LogAssemblyErrors (0ms)
				InitializePlatformSupportModulesInManaged (11ms)
				SetLoadedEditorAssemblies (0ms)
				RefreshPlugins (1ms)
				BeforeProcessingInitializeOnLoad (118ms)
				ProcessInitializeOnLoadAttributes (485ms)
				ProcessInitializeOnLoadMethodAttributes (73ms)
				AfterProcessingInitializeOnLoad (9ms)
				EditorAssembliesLoaded (0ms)
			ExecutionOrderSort2 (0ms)
			AwakeInstancesAfterBackupRestoration (13ms)
Platform modules already initialized, skipping
Switching build target platform(19) subTarget(0) extendedPlatform(0) -> platform(13) subTarget(0) extendedPlatform(0)
Refreshing native plugins compatible for Editor in 1.49 ms, found 8 plugins.
Preloading 0 native plugins for Editor in 0.00 ms.
Unloading 6118 Unused Serialized files (Serialized files now loaded: 0)
Unloading 50 unused Assets / (355.4 KB). Loaded Objects now: 6752.
Memory consumption went from 246.8 MB to 246.5 MB.
Total: 5.981900 ms (FindLiveObjects: 0.614300 ms CreateObjectMapping: 0.498000 ms MarkObjects: 4.442900 ms  DeleteObjects: 0.423300 ms)

AssetImportParameters requested are different than current active one (requested -> active):
  custom:video-decoder-ogg-theora: a1e56fd34408186e4bbccfd4996cb3dc -> 
  custom:container-muxer-webm: aa71ff27fc2769a1b78a27578f13a17b -> 
  custom:container-demuxer-webm: 4f35f7cbe854078d1ac9338744f61a02 -> 
  custom:video-encoder-webm-vp8: eb34c28f22e8b96e1ab97ce403110664 -> 
  custom:video-codec-MediaFoundation-h265: 746d11721c4dcdbdad8f713fa42b33f4 -> 
  custom:audio-encoder-webm-vorbis: bf7c407c2cedff20999df2af8eb42d56 -> 
  custom:framework-win-MediaFoundation: 216162199b28c13a410421893ffa2e32 -> 
  custom:container-demuxer-ogg: 62fdf1f143b41e24485cea50d1cbac27 -> 
  custom:video-decoder-webm-vp8: 9c59270c3fd7afecdb556c50c9e8de78 -> 
  custom:audio-decoder-ogg-vorbis: bf7c407c2cedff20999df2af8eb42d56 -> 
========================================================================
Received Import Request.
  Time since last request: 4757.082378 seconds.
  path: Assets/EffectExamples/Weapon Effects/Materials/BulletDecalMetal.mat
  artifactKey: Guid(094e76e620df5714eb3946120657e1f6) Importer(815301076,1909f56bfc062723c751e8b465ee728b)
Start importing Assets/EffectExamples/Weapon Effects/Materials/BulletDecalMetal.mat using Guid(094e76e620df5714eb3946120657e1f6) Importer(815301076,1909f56bfc062723c751e8b465ee728b)  -> (artifact id: '332825680396cabc38d2f25196f45d44') in 6.153183 seconds 
========================================================================
Received Import Request.
  Time since last request: 0.000037 seconds.
  path: Assets/ExampleAssets/Textures/Props/HardHat/SafetyHat_MetallicOcculusionSmoothness.tif
  artifactKey: Guid(6f61f8dd4499250438f1aa39448e860a) Importer(815301076,1909f56bfc062723c751e8b465ee728b)
Start importing Assets/ExampleAssets/Textures/Props/HardHat/SafetyHat_MetallicOcculusionSmoothness.tif using Guid(6f61f8dd4499250438f1aa39448e860a) Importer(815301076,1909f56bfc062723c751e8b465ee728b)  -> (artifact id: '242777c226d0e84ae510387359a98d04') in 0.038975 seconds 
========================================================================
Received Import Request.
  Time since last request: 0.000071 seconds.
  path: Assets/ExampleAssets/Textures/Plastic/Elastic_MetallicOcculusionSmoothness.tif
  artifactKey: Guid(f5df2fb0c070b57429f8ca23b216093b) Importer(815301076,1909f56bfc062723c751e8b465ee728b)
Start importing Assets/ExampleAssets/Textures/Plastic/Elastic_MetallicOcculusionSmoothness.tif using Guid(f5df2fb0c070b57429f8ca23b216093b) Importer(815301076,1909f56bfc062723c751e8b465ee728b)  -> (artifact id: '66cef358b8d6780cbde8f9d95de7c34a') in 0.075510 seconds 
========================================================================
Received Import Request.
  Time since last request: 0.000073 seconds.
  path: Assets/Storage Assets Pack/materials/mat_metal_shelf.mat
  artifactKey: Guid(a317d56114c653c43b04c39572cf0512) Importer(815301076,1909f56bfc062723c751e8b465ee728b)
Start importing Assets/Storage Assets Pack/materials/mat_metal_shelf.mat using Guid(a317d56114c653c43b04c39572cf0512) Importer(815301076,1909f56bfc062723c751e8b465ee728b)  -> (artifact id: '941fc104c93e0776da37c70bcdc3b8fc') in 0.593463 seconds 
========================================================================
Received Import Request.
  Time since last request: 0.000044 seconds.
  path: Assets/ExampleAssets/Textures/Metal/Metal_MetallicSmoothness.tif
  artifactKey: Guid(40da0395b61db4448b98bab66d6b549c) Importer(815301076,1909f56bfc062723c751e8b465ee728b)
Start importing Assets/ExampleAssets/Textures/Metal/Metal_MetallicSmoothness.tif using Guid(40da0395b61db4448b98bab66d6b549c) Importer(815301076,1909f56bfc062723c751e8b465ee728b)  -> (artifact id: 'c38a17bee89ee97844927d617e0222ca') in 0.018529 seconds 
========================================================================
Received Import Request.
  Time since last request: 0.000048 seconds.
  path: Assets/ExampleAssets/Textures/Concrete/Ground_MetallicOcculusionSmoothness.tif
  artifactKey: Guid(a8d38587573a5f34c91c4ae0fbd8bfef) Importer(815301076,1909f56bfc062723c751e8b465ee728b)
Start importing Assets/ExampleAssets/Textures/Concrete/Ground_MetallicOcculusionSmoothness.tif using Guid(a8d38587573a5f34c91c4ae0fbd8bfef) Importer(815301076,1909f56bfc062723c751e8b465ee728b)  -> (artifact id: 'dcc2a211371e2c285701845b187dbfb2') in 0.022328 seconds 
========================================================================
Received Import Request.
  Time since last request: 0.000046 seconds.
  path: Assets/ExampleAssets/Textures/Metal/Metal_Normal.tif
  artifactKey: Guid(3b0b7c1f4ac9f6b499e27cf84e722ff4) Importer(815301076,1909f56bfc062723c751e8b465ee728b)
Start importing Assets/ExampleAssets/Textures/Metal/Metal_Normal.tif using Guid(3b0b7c1f4ac9f6b499e27cf84e722ff4) Importer(815301076,1909f56bfc062723c751e8b465ee728b)  -> (artifact id: 'a90375d65dfb243761088ce47f27d704') in 0.022013 seconds 
========================================================================
Received Import Request.
  Time since last request: 0.000050 seconds.
  path: Assets/StorageStuffAsset/Textures/MetalBarrel.png
  artifactKey: Guid(676d22cd631cb844884c31cec0f16fe6) Importer(815301076,1909f56bfc062723c751e8b465ee728b)
Start importing Assets/StorageStuffAsset/Textures/MetalBarrel.png using Guid(676d22cd631cb844884c31cec0f16fe6) Importer(815301076,1909f56bfc062723c751e8b465ee728b)  -> (artifact id: '58c0ad9f9ddb34e1fd7daabc596855f8') in 0.202157 seconds 
========================================================================
Received Import Request.
  Time since last request: 0.000033 seconds.
  path: Assets/StorageStuffAsset/Textures/MetalShelf.png
  artifactKey: Guid(ac10f7ca5d442d64aa0bc0dd2868d051) Importer(815301076,1909f56bfc062723c751e8b465ee728b)
Start importing Assets/StorageStuffAsset/Textures/MetalShelf.png using Guid(ac10f7ca5d442d64aa0bc0dd2868d051) Importer(815301076,1909f56bfc062723c751e8b465ee728b)  -> (artifact id: '217088339be633bc71f5810c03e066d1') in 0.111458 seconds 
========================================================================
Received Import Request.
  Time since last request: 0.000057 seconds.
  path: Assets/Storage Assets Pack/textures/tex_toolbox_metal_difftga.tga
  artifactKey: Guid(5411a6fd9b1c2e645b0f33350fab796f) Importer(815301076,1909f56bfc062723c751e8b465ee728b)
Start importing Assets/Storage Assets Pack/textures/tex_toolbox_metal_difftga.tga using Guid(5411a6fd9b1c2e645b0f33350fab796f) Importer(815301076,1909f56bfc062723c751e8b465ee728b)  -> (artifact id: '9ffdd53ec25f5628048eb2334b3e560b') in 0.027581 seconds 
========================================================================
Received Import Request.
  Time since last request: 0.000040 seconds.
  path: Assets/Storage Assets Pack/textures/tex_metal_shelf_spec.tga
  artifactKey: Guid(7dae6333cab41b749bedbc5374b316ce) Importer(815301076,1909f56bfc062723c751e8b465ee728b)
Start importing Assets/Storage Assets Pack/textures/tex_metal_shelf_spec.tga using Guid(7dae6333cab41b749bedbc5374b316ce) Importer(815301076,1909f56bfc062723c751e8b465ee728b)  -> (artifact id: 'e3217cfa27ea733203f340350e7c3d5d') in 0.019047 seconds 
========================================================================
Received Import Request.
  Time since last request: 0.000041 seconds.
  path: Assets/ExampleAssets/Textures/Wood/OBS_MetallicOcculusionSmoothness.tif
  artifactKey: Guid(22638a9216f1ebf4cb43273a00879f51) Importer(815301076,1909f56bfc062723c751e8b465ee728b)
Start importing Assets/ExampleAssets/Textures/Wood/OBS_MetallicOcculusionSmoothness.tif using Guid(22638a9216f1ebf4cb43273a00879f51) Importer(815301076,1909f56bfc062723c751e8b465ee728b)  -> (artifact id: '86bc6d6943a5e47304ed0aaa6785ce48') in 0.019485 seconds 
========================================================================
Received Import Request.
  Time since last request: 0.000039 seconds.
  path: Assets/Storage Assets Pack/prefabs/ms_metal_shelf_large.prefab
  artifactKey: Guid(819507cfe9c3df146b4d27967734ed9b) Importer(815301076,1909f56bfc062723c751e8b465ee728b)
Start importing Assets/Storage Assets Pack/prefabs/ms_metal_shelf_large.prefab using Guid(819507cfe9c3df146b4d27967734ed9b) Importer(815301076,1909f56bfc062723c751e8b465ee728b)  -> (artifact id: '7977d380fee705e6a3a2fdccd0e1156f') in 0.059089 seconds 
========================================================================
Received Import Request.
  Time since last request: 0.000035 seconds.
  path: Assets/StorageStuffAsset/Textures/Normals/MetalBarrel2N.png
  artifactKey: Guid(13f2271a365e6da4fb54f7d09c22e01f) Importer(815301076,1909f56bfc062723c751e8b465ee728b)
Start importing Assets/StorageStuffAsset/Textures/Normals/MetalBarrel2N.png using Guid(13f2271a365e6da4fb54f7d09c22e01f) Importer(815301076,1909f56bfc062723c751e8b465ee728b)  -> (artifact id: '26e9ecc84e0fa5e20750b1e452c4a7d0') in 0.031482 seconds 
========================================================================
Received Import Request.
  Time since last request: 0.000046 seconds.
  path: Assets/Storage Assets Pack/textures/tex_metal_shelf_diff.tga
  artifactKey: Guid(b58ed76079d0a4f4f9597acb06d7d451) Importer(815301076,1909f56bfc062723c751e8b465ee728b)
Start importing Assets/Storage Assets Pack/textures/tex_metal_shelf_diff.tga using Guid(b58ed76079d0a4f4f9597acb06d7d451) Importer(815301076,1909f56bfc062723c751e8b465ee728b)  -> (artifact id: 'e3f1a34507cfce580b6a8787c6ede10f') in 0.022031 seconds 
========================================================================
Received Import Request.
  Time since last request: 0.000067 seconds.
  path: Assets/ExampleAssets/Textures/Props/Paint/Paint1G_MetallicOcculusionRoughness.tif
  artifactKey: Guid(ca084ebab0cef7c4ba746cdb442f9c1e) Importer(815301076,1909f56bfc062723c751e8b465ee728b)
Start importing Assets/ExampleAssets/Textures/Props/Paint/Paint1G_MetallicOcculusionRoughness.tif using Guid(ca084ebab0cef7c4ba746cdb442f9c1e) Importer(815301076,1909f56bfc062723c751e8b465ee728b)  -> (artifact id: 'f4863245f59c3acfc674f9276f0f5539') in 0.023687 seconds 
========================================================================
Received Import Request.
  Time since last request: 0.000037 seconds.
  path: Assets/ExampleAssets/Textures/Plastic/PlasticRough_MetallicOcculusionSmoothness.tif
  artifactKey: Guid(ee7680f1374ab4449b6d5f6b2c2c1936) Importer(815301076,1909f56bfc062723c751e8b465ee728b)
Start importing Assets/ExampleAssets/Textures/Plastic/PlasticRough_MetallicOcculusionSmoothness.tif using Guid(ee7680f1374ab4449b6d5f6b2c2c1936) Importer(815301076,1909f56bfc062723c751e8b465ee728b)  -> (artifact id: '0d8e0f42ac65b1eed271df2e6309cdc6') in 0.020002 seconds 
========================================================================
Received Import Request.
  Time since last request: 0.000037 seconds.
  path: Assets/StorageStuffAsset/Textures/MetalBarrel2.png
  artifactKey: Guid(347e29c017bedb042b06175e53a2794b) Importer(815301076,1909f56bfc062723c751e8b465ee728b)
Start importing Assets/StorageStuffAsset/Textures/MetalBarrel2.png using Guid(347e29c017bedb042b06175e53a2794b) Importer(815301076,1909f56bfc062723c751e8b465ee728b)  -> (artifact id: '881ececbb28c2209623bd03b5d392ba6') in 0.132947 seconds 
========================================================================
Received Import Request.
  Time since last request: 0.000035 seconds.
  path: Assets/EffectExamples/Weapon Effects/Materials/MetalSparks.mat
  artifactKey: Guid(d8002e76dc5e4904f90dc137b3f085ba) Importer(815301076,1909f56bfc062723c751e8b465ee728b)
Start importing Assets/EffectExamples/Weapon Effects/Materials/MetalSparks.mat using Guid(d8002e76dc5e4904f90dc137b3f085ba) Importer(815301076,1909f56bfc062723c751e8b465ee728b)  -> (artifact id: '79fe2c3dc1be58d576c22c326729b27a') in 0.130011 seconds 
========================================================================
Received Import Request.
  Time since last request: 0.000048 seconds.
  path: Assets/ExampleAssets/Textures/Wood/Plywood_MetallicOcculusionSmoothness.tif
  artifactKey: Guid(2e38f7921b7d7b1418ab63c08117ffb8) Importer(815301076,1909f56bfc062723c751e8b465ee728b)
Start importing Assets/ExampleAssets/Textures/Wood/Plywood_MetallicOcculusionSmoothness.tif using Guid(2e38f7921b7d7b1418ab63c08117ffb8) Importer(815301076,1909f56bfc062723c751e8b465ee728b)  -> (artifact id: 'd440887e01bacef39a8bbf6739812e1c') in 0.024064 seconds 
========================================================================
Received Import Request.
  Time since last request: 0.000043 seconds.
  path: Assets/StorageStuffAsset/Materials/MetalBarrel.mat
  artifactKey: Guid(ed6096b88e7fa7449866a5e3853fe2c3) Importer(815301076,1909f56bfc062723c751e8b465ee728b)
Start importing Assets/StorageStuffAsset/Materials/MetalBarrel.mat using Guid(ed6096b88e7fa7449866a5e3853fe2c3) Importer(815301076,1909f56bfc062723c751e8b465ee728b)  -> (artifact id: '0fc8809bdd65d60de8940df36fb1af74') in 0.074241 seconds 
========================================================================
Received Import Request.
  Time since last request: 0.000043 seconds.
  path: Assets/ExampleAssets/Textures/Props/Construction_Light/ConstructionLight_MetallicOcculusionSmoothness.tif
  artifactKey: Guid(9a81f1a59f171804e84fce76584bdcb7) Importer(815301076,1909f56bfc062723c751e8b465ee728b)
Start importing Assets/ExampleAssets/Textures/Props/Construction_Light/ConstructionLight_MetallicOcculusionSmoothness.tif using Guid(9a81f1a59f171804e84fce76584bdcb7) Importer(815301076,1909f56bfc062723c751e8b465ee728b)  -> (artifact id: 'ab1b74fdfb798e4aa4a5a8948c0f5feb') in 0.024661 seconds 
========================================================================
Received Import Request.
  Time since last request: 0.000037 seconds.
  path: Assets/Storage Assets Pack/textures/tex_toolbox_metal_nrm.tga
  artifactKey: Guid(6b668fdea1545614aada91c27c9269dc) Importer(815301076,1909f56bfc062723c751e8b465ee728b)
Start importing Assets/Storage Assets Pack/textures/tex_toolbox_metal_nrm.tga using Guid(6b668fdea1545614aada91c27c9269dc) Importer(815301076,1909f56bfc062723c751e8b465ee728b)  -> (artifact id: 'f4e2d158e165f2388c6e3f56475a1fcc') in 0.018708 seconds 
========================================================================
Received Import Request.
  Time since last request: 0.000035 seconds.
  path: Assets/EffectExamples/Weapon Effects/Textures/BulletHoleMetalThroughNormal.tif
  artifactKey: Guid(b284a0bea151ce444957bb92f6b50ac4) Importer(815301076,1909f56bfc062723c751e8b465ee728b)
Start importing Assets/EffectExamples/Weapon Effects/Textures/BulletHoleMetalThroughNormal.tif using Guid(b284a0bea151ce444957bb92f6b50ac4) Importer(815301076,1909f56bfc062723c751e8b465ee728b)  -> (artifact id: 'f1e5bad6c12533e825277b577d4f55af') in 0.017859 seconds 
========================================================================
Received Import Request.
  Time since last request: 0.000048 seconds.
  path: Assets/Storage Assets Pack/props/ms_toolbox_metal.fbx
  artifactKey: Guid(cb119ce1893a0d54e9245047c42a413e) Importer(815301076,1909f56bfc062723c751e8b465ee728b)
Start importing Assets/Storage Assets Pack/props/ms_toolbox_metal.fbx using Guid(cb119ce1893a0d54e9245047c42a413e) Importer(815301076,1909f56bfc062723c751e8b465ee728b)  -> (artifact id: 'd1c8eae1b0fc2925f83b5aa25784ca19') in 0.166059 seconds 
========================================================================
Received Import Request.
  Time since last request: 0.000050 seconds.
  path: Assets/Storage Assets Pack/props/ms_metal_shelf_binding.fbx
  artifactKey: Guid(1c9d0b90570f4aa47b28d54067ad2f3c) Importer(815301076,1909f56bfc062723c751e8b465ee728b)
Start importing Assets/Storage Assets Pack/props/ms_metal_shelf_binding.fbx using Guid(1c9d0b90570f4aa47b28d54067ad2f3c) Importer(815301076,1909f56bfc062723c751e8b465ee728b)  -> (artifact id: '1e3eac5a0287f41aa6f56682bc758718') in 0.026546 seconds 
========================================================================
Received Import Request.
  Time since last request: 13.799971 seconds.
  path: Assets/Doors/Prefabs/door_frame.prefab
  artifactKey: Guid(e5860c25af9af8b49bd5df070e4c9ce9) Importer(815301076,1909f56bfc062723c751e8b465ee728b)
Start importing Assets/Doors/Prefabs/door_frame.prefab using Guid(e5860c25af9af8b49bd5df070e4c9ce9) Importer(815301076,1909f56bfc062723c751e8b465ee728b)  -> (artifact id: '08d1b8c326981ba7437cb05939b823ef') in 0.046450 seconds 
========================================================================
Received Import Request.
  Time since last request: 491.338371 seconds.
  path: Assets/Doors/Materials/door_frame.mat
  artifactKey: Guid(21499841eacb6984a8e1c644fe950572) Importer(815301076,1909f56bfc062723c751e8b465ee728b)
Start importing Assets/Doors/Materials/door_frame.mat using Guid(21499841eacb6984a8e1c644fe950572) Importer(815301076,1909f56bfc062723c751e8b465ee728b)  -> (artifact id: '053564259fb1b9bb3668d494084446de') in 0.016810 seconds 
========================================================================
Received Import Request.
  Time since last request: 752.087884 seconds.
  path: Assets/Props/Column/column.obj
  artifactKey: Guid(f5f2faffc3ca82c41970522747629f65) Importer(815301076,1909f56bfc062723c751e8b465ee728b)
Start importing Assets/Props/Column/column.obj using Guid(f5f2faffc3ca82c41970522747629f65) Importer(815301076,1909f56bfc062723c751e8b465ee728b)  -> (artifact id: 'ce6bae0726494a27eadc9fb2b8046f25') in 0.033548 seconds 
========================================================================
Received Import Request.
  Time since last request: 0.000033 seconds.
  path: Assets/Props/Column/column.prefab
  artifactKey: Guid(79f4a5d9d4e53fe49b734dc823fc7fc5) Importer(815301076,1909f56bfc062723c751e8b465ee728b)
Start importing Assets/Props/Column/column.prefab using Guid(79f4a5d9d4e53fe49b734dc823fc7fc5) Importer(815301076,1909f56bfc062723c751e8b465ee728b)  -> (artifact id: '1cb7876e1450d0449e3b2523434404c7') in 0.019790 seconds 
========================================================================
Received Import Request.
  Time since last request: 15.858253 seconds.
  path: Assets/Pokomo Ngaji Drum/VolumeProfileAsset.png
  artifactKey: Guid(777a998679ea78347be73d4e7c64a6ca) Importer(815301076,1909f56bfc062723c751e8b465ee728b)
Start importing Assets/Pokomo Ngaji Drum/VolumeProfileAsset.png using Guid(777a998679ea78347be73d4e7c64a6ca) Importer(815301076,1909f56bfc062723c751e8b465ee728b)  -> (artifact id: 'a7dccf1d979b804e7b3452e6dbaf3812') in 0.013732 seconds 
========================================================================
Received Import Request.
  Time since last request: 130.967589 seconds.
  path: Assets/Meshes/Concrete pipes/Concrete pipe bend prefab.prefab
  artifactKey: Guid(40dc748b62c284942908a813a3725c69) Importer(815301076,1909f56bfc062723c751e8b465ee728b)
Start importing Assets/Meshes/Concrete pipes/Concrete pipe bend prefab.prefab using Guid(40dc748b62c284942908a813a3725c69) Importer(815301076,1909f56bfc062723c751e8b465ee728b)  -> (artifact id: '32a7f6e30b5df3c6c4f7a1a730e74c1a') in 0.043040 seconds 
========================================================================
Received Import Request.
  Time since last request: 0.000032 seconds.
  path: Assets/African Bushveld Trees/Tree base files/Weeping wattle/Weeping wattle 3_meshes/Weeping wattle 3_LOD2.mesh
  artifactKey: Guid(bb184fc1cc8333944858855dac2b9ffd) Importer(815301076,1909f56bfc062723c751e8b465ee728b)
Start importing Assets/African Bushveld Trees/Tree base files/Weeping wattle/Weeping wattle 3_meshes/Weeping wattle 3_LOD2.mesh using Guid(bb184fc1cc8333944858855dac2b9ffd) Importer(815301076,1909f56bfc062723c751e8b465ee728b)  -> (artifact id: '41552517719275a54c339b4322968d9e') in 0.023070 seconds 
========================================================================
Received Import Request.
  Time since last request: 0.000033 seconds.
  path: Assets/Meshes/Concrete pipes/Concrete pipe T-section prefab.prefab
  artifactKey: Guid(971f887c79ddebf43909921a1e0e27ab) Importer(815301076,1909f56bfc062723c751e8b465ee728b)
Start importing Assets/Meshes/Concrete pipes/Concrete pipe T-section prefab.prefab using Guid(971f887c79ddebf43909921a1e0e27ab) Importer(815301076,1909f56bfc062723c751e8b465ee728b)  -> (artifact id: 'f9e53779b6c187da2a46f8f7c5346a59') in 0.031558 seconds 
========================================================================
Received Import Request.
  Time since last request: 0.000046 seconds.
  path: Assets/African Bushveld Trees/Tree base files/Weeping wattle/Weeping wattle 2_meshes/Weeping wattle 2_LOD2.mesh
  artifactKey: Guid(0b6596ca3422ffa4fbefbd31c64e9ee4) Importer(815301076,1909f56bfc062723c751e8b465ee728b)
Start importing Assets/African Bushveld Trees/Tree base files/Weeping wattle/Weeping wattle 2_meshes/Weeping wattle 2_LOD2.mesh using Guid(0b6596ca3422ffa4fbefbd31c64e9ee4) Importer(815301076,1909f56bfc062723c751e8b465ee728b)  -> (artifact id: '09fd0694b49f561bb8e965e113b4e291') in 0.016633 seconds 
========================================================================
Received Import Request.
  Time since last request: 0.000057 seconds.
  path: Assets/African Bushveld Trees/Tree base files/Weeping wattle/Weeping wattle 3_meshes/Weeping wattle 3_billboard.png
  artifactKey: Guid(b27d72be333854448b8f9fddf4a77881) Importer(815301076,1909f56bfc062723c751e8b465ee728b)
Start importing Assets/African Bushveld Trees/Tree base files/Weeping wattle/Weeping wattle 3_meshes/Weeping wattle 3_billboard.png using Guid(b27d72be333854448b8f9fddf4a77881) Importer(815301076,1909f56bfc062723c751e8b465ee728b)  -> (artifact id: 'fbf82ed4219b07f0a2f7f5ba5b2f5ada') in 0.023619 seconds 
========================================================================
Received Import Request.
  Time since last request: 0.000047 seconds.
  path: Assets/Prefabs/Ngadji_Drum.fbx
  artifactKey: Guid(5fa54fa384dbf4b41b1806abe0391582) Importer(815301076,1909f56bfc062723c751e8b465ee728b)
Start importing Assets/Prefabs/Ngadji_Drum.fbx using Guid(5fa54fa384dbf4b41b1806abe0391582) Importer(815301076,1909f56bfc062723c751e8b465ee728b)  -> (artifact id: '1e7ed4591580e57d0a0f2a0267d111c6') in 0.152052 seconds 
========================================================================
Received Import Request.
  Time since last request: 0.000032 seconds.
  path: Assets/African Bushveld Trees/Tree base files/Weeping wattle/Weeping wattle 1_meshes/Weeping wattle 1_LOD3.mesh
  artifactKey: Guid(eee24c1c361b86a45a02cc9bdfa712e3) Importer(815301076,1909f56bfc062723c751e8b465ee728b)
Start importing Assets/African Bushveld Trees/Tree base files/Weeping wattle/Weeping wattle 1_meshes/Weeping wattle 1_LOD3.mesh using Guid(eee24c1c361b86a45a02cc9bdfa712e3) Importer(815301076,1909f56bfc062723c751e8b465ee728b)  -> (artifact id: 'fb67785a32352e5eee02dd9d0ddb1a43') in 0.017581 seconds 
========================================================================
Received Import Request.
  Time since last request: 0.000038 seconds.
  path: Assets/African Bushveld Trees/Prefabs/Weeping wattle 1.prefab
  artifactKey: Guid(605e7e06f71078f4fb876a2f9e5fb602) Importer(815301076,1909f56bfc062723c751e8b465ee728b)
Start importing Assets/African Bushveld Trees/Prefabs/Weeping wattle 1.prefab using Guid(605e7e06f71078f4fb876a2f9e5fb602) Importer(815301076,1909f56bfc062723c751e8b465ee728b)  -> (artifact id: '84c9b90e0c9d8af68c80b8eac7c7e96e') in 0.255473 seconds 
========================================================================
Received Import Request.
  Time since last request: 0.000053 seconds.
  path: Assets/African Bushveld Trees/Tree base files/Weeping wattle/Weeping wattle 2_meshes/Weeping wattle 2billboard.mat
  artifactKey: Guid(5dd383138c3e41f4181ee50beaac14da) Importer(815301076,1909f56bfc062723c751e8b465ee728b)
Start importing Assets/African Bushveld Trees/Tree base files/Weeping wattle/Weeping wattle 2_meshes/Weeping wattle 2billboard.mat using Guid(5dd383138c3e41f4181ee50beaac14da) Importer(815301076,1909f56bfc062723c751e8b465ee728b)  -> (artifact id: 'd29b77e20f68bc59529be8ac4160bbe3') in 0.098770 seconds 
========================================================================
Received Import Request.
  Time since last request: 0.000041 seconds.
  path: Assets/African Bushveld Trees/Tree base files/Weeping wattle/Weeping wattle 3_meshes/Weeping wattle 3_LOD4.mesh
  artifactKey: Guid(975d0441cb9715a42bf65de99c16ebbc) Importer(815301076,1909f56bfc062723c751e8b465ee728b)
Start importing Assets/African Bushveld Trees/Tree base files/Weeping wattle/Weeping wattle 3_meshes/Weeping wattle 3_LOD4.mesh using Guid(975d0441cb9715a42bf65de99c16ebbc) Importer(815301076,1909f56bfc062723c751e8b465ee728b)  -> (artifact id: 'ec9aabb900647b6c43ea29b85efb0b62') in 0.019428 seconds 
========================================================================
Received Import Request.
  Time since last request: 0.000033 seconds.
  path: Assets/African Bushveld Trees/Prefabs/Weeping wattle 2.prefab
  artifactKey: Guid(7fd7f036b04768e4dbb5d53014e69108) Importer(815301076,1909f56bfc062723c751e8b465ee728b)
Start importing Assets/African Bushveld Trees/Prefabs/Weeping wattle 2.prefab using Guid(7fd7f036b04768e4dbb5d53014e69108) Importer(815301076,1909f56bfc062723c751e8b465ee728b)  -> (artifact id: '6c8df317bcf477a0e266dcb4736a4f66') in 0.085087 seconds 
========================================================================
Received Import Request.
  Time since last request: 0.000043 seconds.
  path: Assets/EffectExamples/Magic Effects/Materials/RockSpike.mat
  artifactKey: Guid(2c420724f5bf46241bc8d1d616c65653) Importer(815301076,1909f56bfc062723c751e8b465ee728b)
Start importing Assets/EffectExamples/Magic Effects/Materials/RockSpike.mat using Guid(2c420724f5bf46241bc8d1d616c65653) Importer(815301076,1909f56bfc062723c751e8b465ee728b)  -> (artifact id: '1a515aaa1b0d350d324b043f2a6b9c0b') in 0.633241 seconds 
========================================================================
Received Import Request.
  Time since last request: 0.000043 seconds.
  path: Assets/African Bushveld Trees/Tree base files/Weeping wattle/Weeping wattle 1_meshes/Weeping wattle 1_LOD4.mesh
  artifactKey: Guid(26d02094942457746bfec17c43f8352f) Importer(815301076,1909f56bfc062723c751e8b465ee728b)
Start importing Assets/African Bushveld Trees/Tree base files/Weeping wattle/Weeping wattle 1_meshes/Weeping wattle 1_LOD4.mesh using Guid(26d02094942457746bfec17c43f8352f) Importer(815301076,1909f56bfc062723c751e8b465ee728b)  -> (artifact id: '02feb7b25d2b8fb6afc063b3da51ca75') in 0.018617 seconds 
========================================================================
Received Import Request.
  Time since last request: 0.000039 seconds.
  path: Assets/EffectExamples/Magic Effects/Models/RockSpike.FBX
  artifactKey: Guid(b8ba9cfb9857cfb47a50aeba9dbce801) Importer(815301076,1909f56bfc062723c751e8b465ee728b)
Start importing Assets/EffectExamples/Magic Effects/Models/RockSpike.FBX using Guid(b8ba9cfb9857cfb47a50aeba9dbce801) Importer(815301076,1909f56bfc062723c751e8b465ee728b)  -> (artifact id: 'dc70231d4eeeff17912349cffc66f134') in 0.052685 seconds 
========================================================================
Received Import Request.
  Time since last request: 13.519620 seconds.
  path: Assets/Storage Assets Pack/materials/mat_carte_plastic_s.mat
  artifactKey: Guid(0c58a8cae1f28804d9d308ac872f1437) Importer(815301076,1909f56bfc062723c751e8b465ee728b)
Start importing Assets/Storage Assets Pack/materials/mat_carte_plastic_s.mat using Guid(0c58a8cae1f28804d9d308ac872f1437) Importer(815301076,1909f56bfc062723c751e8b465ee728b)  -> (artifact id: '1a92ba3f68c44e3a5dedb46d1bc99835') in 0.075091 seconds 
========================================================================
Received Import Request.
  Time since last request: 0.000047 seconds.
  path: Assets/Storage Assets Pack/materials/mat_toolbox_n.mat
  artifactKey: Guid(b2dd4ff4cf6e5304cba615cc8379b541) Importer(815301076,1909f56bfc062723c751e8b465ee728b)
Start importing Assets/Storage Assets Pack/materials/mat_toolbox_n.mat using Guid(b2dd4ff4cf6e5304cba615cc8379b541) Importer(815301076,1909f56bfc062723c751e8b465ee728b)  -> (artifact id: 'b1d841945e3a25d226310e392569a181') in 0.051675 seconds 
========================================================================
Received Import Request.
  Time since last request: 0.000036 seconds.
  path: Assets/Storage Assets Pack/materials/mat_paint_bucket.mat
  artifactKey: Guid(c153528193bfaf640bfcda78dec7517f) Importer(815301076,1909f56bfc062723c751e8b465ee728b)
Start importing Assets/Storage Assets Pack/materials/mat_paint_bucket.mat using Guid(c153528193bfaf640bfcda78dec7517f) Importer(815301076,1909f56bfc062723c751e8b465ee728b)  -> (artifact id: 'fbcff700e99ece74119689e67dcee0d9') in 0.042139 seconds 
========================================================================
Received Import Request.
  Time since last request: 0.000045 seconds.
  path: Assets/Storage Assets Pack/materials/mat_shadow_plane_circle.mat
  artifactKey: Guid(7e7764b6b4d9c2c45ba8c9dde4d5ee1d) Importer(815301076,1909f56bfc062723c751e8b465ee728b)
Start importing Assets/Storage Assets Pack/materials/mat_shadow_plane_circle.mat using Guid(7e7764b6b4d9c2c45ba8c9dde4d5ee1d) Importer(815301076,1909f56bfc062723c751e8b465ee728b)  -> (artifact id: '9072ee2c3caf2fcdad63898fe98ecdca') in 0.050491 seconds 
========================================================================
Received Import Request.
  Time since last request: 0.000048 seconds.
  path: Assets/Storage Assets Pack/materials/mat_shadow_plane.mat
  artifactKey: Guid(34959da23c4e1b341a0196991484c3d0) Importer(815301076,1909f56bfc062723c751e8b465ee728b)
Start importing Assets/Storage Assets Pack/materials/mat_shadow_plane.mat using Guid(34959da23c4e1b341a0196991484c3d0) Importer(815301076,1909f56bfc062723c751e8b465ee728b)  -> (artifact id: 'f520b3a237a73ca721a0ea35168dc25b') in 0.023973 seconds 
========================================================================
Received Import Request.
  Time since last request: 2.053036 seconds.
  path: Assets/Storage Assets Pack/props/ms_carte_plastic_small.fbx
  artifactKey: Guid(c54eb1498c81ca541b27a7d24b52cf49) Importer(815301076,1909f56bfc062723c751e8b465ee728b)
Start importing Assets/Storage Assets Pack/props/ms_carte_plastic_small.fbx using Guid(c54eb1498c81ca541b27a7d24b52cf49) Importer(815301076,1909f56bfc062723c751e8b465ee728b)  -> (artifact id: '1a26ebde9b1945ee0799e714ba0ff33c') in 0.028930 seconds 
========================================================================
Received Import Request.
  Time since last request: 0.000028 seconds.
  path: Assets/Storage Assets Pack/props/ms_toolbox.fbx
  artifactKey: Guid(d6653a1043f6f4c4d9d1a04ab84c844f) Importer(815301076,1909f56bfc062723c751e8b465ee728b)
Start importing Assets/Storage Assets Pack/props/ms_toolbox.fbx using Guid(d6653a1043f6f4c4d9d1a04ab84c844f) Importer(815301076,1909f56bfc062723c751e8b465ee728b)  -> (artifact id: '4231e839678a8121e9e35466c8e7b4e8') in 0.028025 seconds 
========================================================================
Received Import Request.
  Time since last request: 0.000036 seconds.
  path: Assets/Storage Assets Pack/props/ms_toolbox_plastic.fbx
  artifactKey: Guid(4be74775e03267146b2687591bf5bd68) Importer(815301076,1909f56bfc062723c751e8b465ee728b)
Start importing Assets/Storage Assets Pack/props/ms_toolbox_plastic.fbx using Guid(4be74775e03267146b2687591bf5bd68) Importer(815301076,1909f56bfc062723c751e8b465ee728b)  -> (artifact id: 'eb7c0b3c8675db27435a45f7ef252eed') in 0.030035 seconds 
========================================================================
Received Import Request.
  Time since last request: 0.000037 seconds.
  path: Assets/Storage Assets Pack/props/ms_paint_bucket_lod2.fbx
  artifactKey: Guid(2af48beafb3bf664d8acad230cae91b9) Importer(815301076,1909f56bfc062723c751e8b465ee728b)
Start importing Assets/Storage Assets Pack/props/ms_paint_bucket_lod2.fbx using Guid(2af48beafb3bf664d8acad230cae91b9) Importer(815301076,1909f56bfc062723c751e8b465ee728b)  -> (artifact id: '49f75e4115ed2212323e700348a645e4') in 0.028843 seconds 
========================================================================
Received Import Request.
  Time since last request: 0.000052 seconds.
  path: Assets/Storage Assets Pack/props/ms_paper_box_small_half.fbx
  artifactKey: Guid(9169766fc19dcb94abf9369d9785cacd) Importer(815301076,1909f56bfc062723c751e8b465ee728b)
Start importing Assets/Storage Assets Pack/props/ms_paper_box_small_half.fbx using Guid(9169766fc19dcb94abf9369d9785cacd) Importer(815301076,1909f56bfc062723c751e8b465ee728b)  -> (artifact id: '8d4857ac0f0fc96bf7a95abe10cb5306') in 0.031700 seconds 
========================================================================
Received Import Request.
  Time since last request: 0.000040 seconds.
  path: Assets/Storage Assets Pack/props/ms_jerrycan_plastic_lod1.fbx
  artifactKey: Guid(64e6192a181a2294b8ca948818bd6744) Importer(815301076,1909f56bfc062723c751e8b465ee728b)
Start importing Assets/Storage Assets Pack/props/ms_jerrycan_plastic_lod1.fbx using Guid(64e6192a181a2294b8ca948818bd6744) Importer(815301076,1909f56bfc062723c751e8b465ee728b)  -> (artifact id: '7dec5ca9243733d78d833141664c3086') in 0.029260 seconds 
========================================================================
Received Import Request.
  Time since last request: 3.200325 seconds.
  path: Assets/Storage Assets Pack/prefabs/ms_carte_plastic_small.prefab
  artifactKey: Guid(6a6bfaf55baac724ba2eaf741d647c41) Importer(815301076,1909f56bfc062723c751e8b465ee728b)
Start importing Assets/Storage Assets Pack/prefabs/ms_carte_plastic_small.prefab using Guid(6a6bfaf55baac724ba2eaf741d647c41) Importer(815301076,1909f56bfc062723c751e8b465ee728b)  -> (artifact id: '206785d8fa354d386226638f21a6b7ce') in 0.045887 seconds 
========================================================================
Received Import Request.
  Time since last request: 0.000046 seconds.
  path: Assets/Storage Assets Pack/prefabs/ms_paper_box_close.prefab
  artifactKey: Guid(1961d51f5ee5db34382bfbe00a4f1982) Importer(815301076,1909f56bfc062723c751e8b465ee728b)
Start importing Assets/Storage Assets Pack/prefabs/ms_paper_box_close.prefab using Guid(1961d51f5ee5db34382bfbe00a4f1982) Importer(815301076,1909f56bfc062723c751e8b465ee728b)  -> (artifact id: 'a74cff3cda767c0d73c2fbfd0856c0c2') in 0.065874 seconds 
========================================================================
Received Import Request.
  Time since last request: 0.000080 seconds.
  path: Assets/Storage Assets Pack/prefabs/ms_toolbox.prefab
  artifactKey: Guid(b1ea877ad08ced3488828dd4b7bfad7e) Importer(815301076,1909f56bfc062723c751e8b465ee728b)
Start importing Assets/Storage Assets Pack/prefabs/ms_toolbox.prefab using Guid(b1ea877ad08ced3488828dd4b7bfad7e) Importer(815301076,1909f56bfc062723c751e8b465ee728b)  -> (artifact id: 'ea5df4b1c9303eff464f76c4de4bb0a4') in 0.057283 seconds 
========================================================================
Received Import Request.
  Time since last request: 0.000048 seconds.
  path: Assets/Storage Assets Pack/prefabs/ms_jerrycan_plastic.prefab
  artifactKey: Guid(9d2ab1e1226b4564686c737ea423d570) Importer(815301076,1909f56bfc062723c751e8b465ee728b)
Start importing Assets/Storage Assets Pack/prefabs/ms_jerrycan_plastic.prefab using Guid(9d2ab1e1226b4564686c737ea423d570) Importer(815301076,1909f56bfc062723c751e8b465ee728b)  -> (artifact id: '9370afbd9b7a6622204dd9f4cbc0b0cc') in 0.070891 seconds 
========================================================================
Received Import Request.
  Time since last request: 0.000034 seconds.
  path: Assets/Storage Assets Pack/prefabs/ms_shadow_plane_circle.prefab
  artifactKey: Guid(607b5c7a558447b40995ec42062d3271) Importer(815301076,1909f56bfc062723c751e8b465ee728b)
Start importing Assets/Storage Assets Pack/prefabs/ms_shadow_plane_circle.prefab using Guid(607b5c7a558447b40995ec42062d3271) Importer(815301076,1909f56bfc062723c751e8b465ee728b)  -> (artifact id: '2a14113dc0ef245b40e9b35235f30c91') in 0.034880 seconds 
========================================================================
Received Import Request.
  Time since last request: 1.627976 seconds.
  path: Assets/Settings/UniversalRenderer.asset
  artifactKey: Guid(4a8e21d5c33334b11b34a596161b9360) Importer(815301076,1909f56bfc062723c751e8b465ee728b)
Start importing Assets/Settings/UniversalRenderer.asset using Guid(4a8e21d5c33334b11b34a596161b9360) Importer(815301076,1909f56bfc062723c751e8b465ee728b)  -> (artifact id: '324a6ec1165b11db4b6a285cd34b9e7f') in 0.006643 seconds 
========================================================================
Received Import Request.
  Time since last request: 0.000037 seconds.
  path: Assets/Settings/UniversalRP-MediumQuality.asset
  artifactKey: Guid(d847b876476d3d6468f5dfcd34266f96) Importer(815301076,1909f56bfc062723c751e8b465ee728b)
Start importing Assets/Settings/UniversalRP-MediumQuality.asset using Guid(d847b876476d3d6468f5dfcd34266f96) Importer(815301076,1909f56bfc062723c751e8b465ee728b)  -> (artifact id: 'b4cee717be4d8cc13c97995b863b75f9') in 0.006600 seconds 
========================================================================
Received Import Request.
  Time since last request: 4.167969 seconds.
  path: Assets/Pipes/Duct/duct_curved.obj
  artifactKey: Guid(c7ae0ff9feb3f4b49a93e9ec54329da3) Importer(815301076,1909f56bfc062723c751e8b465ee728b)
Start importing Assets/Pipes/Duct/duct_curved.obj using Guid(c7ae0ff9feb3f4b49a93e9ec54329da3) Importer(815301076,1909f56bfc062723c751e8b465ee728b)  -> (artifact id: '3d72cdf4ae6483054f8303009cf5c3a3') in 0.034347 seconds 
========================================================================
Received Import Request.
  Time since last request: 3.415873 seconds.
  path: Assets/Pipes/Fan/fan.png
  artifactKey: Guid(8947e916751d043e18a1ae559b01c1f4) Importer(815301076,1909f56bfc062723c751e8b465ee728b)
Start importing Assets/Pipes/Fan/fan.png using Guid(8947e916751d043e18a1ae559b01c1f4) Importer(815301076,1909f56bfc062723c751e8b465ee728b)  -> (artifact id: '2f825805bb13459aff189387ed703472') in 0.035525 seconds 
========================================================================
Received Import Request.
  Time since last request: 0.374246 seconds.
  path: Assets/Pipes/Fence/fence.FBX
  artifactKey: Guid(a19d8c3c3a4d149e9bf5151910107f7b) Importer(815301076,1909f56bfc062723c751e8b465ee728b)
Start importing Assets/Pipes/Fence/fence.FBX using Guid(a19d8c3c3a4d149e9bf5151910107f7b) Importer(815301076,1909f56bfc062723c751e8b465ee728b)  -> (artifact id: '74e54c039290e688d4ff5a7e34374c76') in 0.025627 seconds 
========================================================================
Received Import Request.
  Time since last request: 0.439462 seconds.
  path: Assets/Pipes/Switch/switch.png
  artifactKey: Guid(eab92b72fdbab4c579393352cff6685e) Importer(815301076,1909f56bfc062723c751e8b465ee728b)
Start importing Assets/Pipes/Switch/switch.png using Guid(eab92b72fdbab4c579393352cff6685e) Importer(815301076,1909f56bfc062723c751e8b465ee728b)  -> (artifact id: '432939574f7d9959a2199fdf45d06bec') in 0.023579 seconds 
========================================================================
Received Import Request.
  Time since last request: 2.752299 seconds.
  path: Assets/Materials/Museum_Decor.mat
  artifactKey: Guid(2dc724b01e1f2a6429aca02f3c9c11ea) Importer(815301076,1909f56bfc062723c751e8b465ee728b)
Start importing Assets/Materials/Museum_Decor.mat using Guid(2dc724b01e1f2a6429aca02f3c9c11ea) Importer(815301076,1909f56bfc062723c751e8b465ee728b)  -> (artifact id: 'f4cf6ef1dc8122162a260dd60e174e18') in 0.017308 seconds 
========================================================================
Received Import Request.
  Time since last request: 2.411146 seconds.
  path: Assets/ExampleAssets/Prefabs/Props.prefab
  artifactKey: Guid(85dfab9623c67784fa7894de63cd1604) Importer(815301076,1909f56bfc062723c751e8b465ee728b)
Start importing Assets/ExampleAssets/Prefabs/Props.prefab using Guid(85dfab9623c67784fa7894de63cd1604) Importer(815301076,1909f56bfc062723c751e8b465ee728b)  -> (artifact id: '7e373ad0fa156183615459d014d8ee13') in 2.951318 seconds 
========================================================================
Received Import Request.
  Time since last request: 5.886021 seconds.
  path: Assets/Sounds/mixkit-cinematic-mystery-trailer-drum-hit-546 (1).mp3
  artifactKey: Guid(86f00bd059f5e284c8c73085a7adda87) Importer(815301076,1909f56bfc062723c751e8b465ee728b)
Start importing Assets/Sounds/mixkit-cinematic-mystery-trailer-drum-hit-546 (1).mp3 using Guid(86f00bd059f5e284c8c73085a7adda87) Importer(815301076,1909f56bfc062723c751e8b465ee728b)  -> (artifact id: '42717e4a43b818487fed046be78c9755') in 0.046214 seconds 
========================================================================
Received Import Request.
  Time since last request: 28.098808 seconds.
  path: Assets/Prefabs/broom.obj
  artifactKey: Guid(abfd4137764b0834685fc443545b71e4) Importer(815301076,1909f56bfc062723c751e8b465ee728b)
Start importing Assets/Prefabs/broom.obj using Guid(abfd4137764b0834685fc443545b71e4) Importer(815301076,1909f56bfc062723c751e8b465ee728b)  -> (artifact id: 'b85b2d458ea524e65e267b6de4a3bdb6') in 7.218668 seconds 
========================================================================
Received Import Request.
  Time since last request: 2.632101 seconds.
  path: Assets/Prefabs/prefab_materials/0e1abd83a17dd7be6eaf573c59e43dfb 1.jpg
  artifactKey: Guid(479ebe2e4e640734184f1751abe153ae) Importer(815301076,1909f56bfc062723c751e8b465ee728b)
Start importing Assets/Prefabs/prefab_materials/0e1abd83a17dd7be6eaf573c59e43dfb 1.jpg using Guid(479ebe2e4e640734184f1751abe153ae) Importer(815301076,1909f56bfc062723c751e8b465ee728b)  -> (artifact id: '3b3625952651a01163a8ae9b5d3f0afe') in 0.164596 seconds 
========================================================================
Received Import Request.
  Time since last request: 0.000052 seconds.
  path: Assets/Prefabs/prefab_materials/0e1abd83a17dd7be6eaf573c59e43dfb.jpg
  artifactKey: Guid(1c2aba379155c9b4fb53c5f41d62d5cd) Importer(815301076,1909f56bfc062723c751e8b465ee728b)
Start importing Assets/Prefabs/prefab_materials/0e1abd83a17dd7be6eaf573c59e43dfb.jpg using Guid(1c2aba379155c9b4fb53c5f41d62d5cd) Importer(815301076,1909f56bfc062723c751e8b465ee728b)  -> (artifact id: 'eb798b4f89364a9ac5aac76e37076c2b') in 0.075633 seconds 
========================================================================
Received Import Request.
  Time since last request: 0.000041 seconds.
  path: Assets/Prefabs/prefab_materials/Old_Wooden_Planks_Texture-1559 1.jpg
  artifactKey: Guid(055b92c0597c9b649beda0fad1a4da76) Importer(815301076,1909f56bfc062723c751e8b465ee728b)
Start importing Assets/Prefabs/prefab_materials/Old_Wooden_Planks_Texture-1559 1.jpg using Guid(055b92c0597c9b649beda0fad1a4da76) Importer(815301076,1909f56bfc062723c751e8b465ee728b)  -> (artifact id: '6300c6f175baa4ab1752e167c530f747') in 0.039937 seconds 
========================================================================
Received Import Request.
  Time since last request: 0.000041 seconds.
  path: Assets/Prefabs/prefab_materials/Old_Wooden_Planks_Texture-1559.jpg
  artifactKey: Guid(f5fa8ffd2f5b7384da58151488096ec6) Importer(815301076,1909f56bfc062723c751e8b465ee728b)
Start importing Assets/Prefabs/prefab_materials/Old_Wooden_Planks_Texture-1559.jpg using Guid(f5fa8ffd2f5b7384da58151488096ec6) Importer(815301076,1909f56bfc062723c751e8b465ee728b)  -> (artifact id: 'a94b7a7e6cd0ff3eb0a17ba9b7816303') in 0.046988 seconds 
========================================================================
Received Import Request.
  Time since last request: 0.000034 seconds.
  path: Assets/Prefabs/prefab_materials/transpallet_mat.mat
  artifactKey: Guid(b367cd76227bfcd40b407dc29efd8929) Importer(815301076,1909f56bfc062723c751e8b465ee728b)
Start importing Assets/Prefabs/prefab_materials/transpallet_mat.mat using Guid(b367cd76227bfcd40b407dc29efd8929) Importer(815301076,1909f56bfc062723c751e8b465ee728b)  -> (artifact id: '2180de6ca0055e57a29e8e9af4cfa19c') in 0.482616 seconds 
========================================================================
Received Import Request.
  Time since last request: 6.247703 seconds.
  path: Assets/ExampleAssets/Models/hammer_low.fbx
  artifactKey: Guid(68a66fb5a71f8204a8dcb613c97d1fa8) Importer(815301076,1909f56bfc062723c751e8b465ee728b)
Start importing Assets/ExampleAssets/Models/hammer_low.fbx using Guid(68a66fb5a71f8204a8dcb613c97d1fa8) Importer(815301076,1909f56bfc062723c751e8b465ee728b)  -> (artifact id: '6596822e87d1ffcd3b86d8cda9d2580e') in 0.038487 seconds 
========================================================================
Received Import Request.
  Time since last request: 0.000043 seconds.
  path: Assets/ExampleAssets/Models/safetygoggles_low.fbx
  artifactKey: Guid(6296e48663fd7ad46b1a2af507f871cf) Importer(815301076,1909f56bfc062723c751e8b465ee728b)
Start importing Assets/ExampleAssets/Models/safetygoggles_low.fbx using Guid(6296e48663fd7ad46b1a2af507f871cf) Importer(815301076,1909f56bfc062723c751e8b465ee728b)  -> (artifact id: 'f8015ffa8488207d62106c9437cb970b') in 0.065263 seconds 
========================================================================
Received Import Request.
  Time since last request: 0.000053 seconds.
  path: Assets/ExampleAssets/Models/safetyhat_low.fbx
  artifactKey: Guid(9d0d902f71acfe646a46cb625f815a49) Importer(815301076,1909f56bfc062723c751e8b465ee728b)
Start importing Assets/ExampleAssets/Models/safetyhat_low.fbx using Guid(9d0d902f71acfe646a46cb625f815a49) Importer(815301076,1909f56bfc062723c751e8b465ee728b)  -> (artifact id: 'ed1f159d513bb22ec74c35149e50a7be') in 0.037565 seconds 
Editor requested this worker to shutdown with reason: Scaling down because of idle timeout
AssetImportWorker is now disconnected from the server
Process exiting
Exiting without the bug reporter. Application will terminate with return code 0