Using pre-set license
Built from '2021.2/staging' branch; Version is '2021.2.8f1 (d0e5f0a7b06a) revision 13690352'; Using compiler version '192829333'; Build Type 'Release'
OS: 'Windows 10  (10.0.19042) 64bit Core' Language: 'de' Physical Memory: 15731 MB
BatchMode: 1, IsHumanControllingUs: 0, StartBugReporterOnCrash: 0, Is64bit: 1, IsPro: 0

COMMAND LINE ARGUMENTS:
C:\Users\49157\Desktop\Unity\2021.2.8f1\Editor\Unity.exe
-adb2
-batchMode
-noUpm
-name
AssetImportWorker9
-projectPath
C:/Users/49157/Dropbox/Mein PC (LAPTOP-G1C5OG0U)/Documents/GitHub/29Jan
-logFile
Logs/AssetImportWorker9.log
-srvPort
59938
Successfully changed project path to: C:/Users/49157/Dropbox/Mein PC (LAPTOP-G1C5OG0U)/Documents/GitHub/29Jan
C:/Users/49157/Dropbox/Mein PC (LAPTOP-G1C5OG0U)/Documents/GitHub/29Jan
[UnityMemory] Configuration Parameters - Can be set up in boot.config
    "memorysetup-bucket-allocator-granularity=16"
    "memorysetup-bucket-allocator-bucket-count=8"
    "memorysetup-bucket-allocator-block-size=33554432"
    "memorysetup-bucket-allocator-block-count=8"
    "memorysetup-main-allocator-block-size=16777216"
    "memorysetup-thread-allocator-block-size=16777216"
    "memorysetup-gfx-main-allocator-block-size=16777216"
    "memorysetup-gfx-thread-allocator-block-size=16777216"
    "memorysetup-cache-allocator-block-size=4194304"
    "memorysetup-typetree-allocator-block-size=2097152"
    "memorysetup-profiler-bucket-allocator-granularity=16"
    "memorysetup-profiler-bucket-allocator-bucket-count=8"
    "memorysetup-profiler-bucket-allocator-block-size=33554432"
    "memorysetup-profiler-bucket-allocator-block-count=8"
    "memorysetup-profiler-allocator-block-size=16777216"
    "memorysetup-profiler-editor-allocator-block-size=1048576"
    "memorysetup-temp-allocator-size-main=16777216"
    "memorysetup-job-temp-allocator-block-size=2097152"
    "memorysetup-job-temp-allocator-block-size-background=1048576"
    "memorysetup-job-temp-allocator-reduction-small-platforms=262144"
    "memorysetup-temp-allocator-size-background-worker=32768"
    "memorysetup-temp-allocator-size-job-worker=262144"
    "memorysetup-temp-allocator-size-preload-manager=33554432"
    "memorysetup-temp-allocator-size-nav-mesh-worker=65536"
    "memorysetup-temp-allocator-size-audio-worker=65536"
    "memorysetup-temp-allocator-size-cloud-worker=32768"
    "memorysetup-temp-allocator-size-gi-baking-worker=262144"
    "memorysetup-temp-allocator-size-gfx=262144"
Refreshing native plugins compatible for Editor in 172.20 ms, found 8 plugins.
Preloading 0 native plugins for Editor in 0.00 ms.
Initialize engine version: 2021.2.8f1 (d0e5f0a7b06a)
[Subsystems] Discovering subsystems at path C:/Users/49157/Desktop/Unity/2021.2.8f1/Editor/Data/Resources/UnitySubsystems
[Subsystems] Discovering subsystems at path C:/Users/49157/Dropbox/Mein PC (LAPTOP-G1C5OG0U)/Documents/GitHub/29Jan/Assets
GfxDevice: creating device client; threaded=0; jobified=0
Direct3D:
    Version:  Direct3D 11.0 [level 11.1]
    Renderer: NVIDIA GeForce GTX 1660 Ti with Max-Q Design (ID=0x2191)
    Vendor:   NVIDIA
    VRAM:     5991 MB
    Driver:   27.21.14.6280
Initialize mono
Mono path[0] = 'C:/Users/49157/Desktop/Unity/2021.2.8f1/Editor/Data/Managed'
Mono path[1] = 'C:/Users/49157/Desktop/Unity/2021.2.8f1/Editor/Data/MonoBleedingEdge/lib/mono/unityjit-win32'
Mono config path = 'C:/Users/49157/Desktop/Unity/2021.2.8f1/Editor/Data/MonoBleedingEdge/etc'
Using monoOptions --debugger-agent=transport=dt_socket,embedding=1,server=y,suspend=n,address=127.0.0.1:56856
Begin MonoManager ReloadAssembly
Registering precompiled unity dll's ...
Register platform support module: C:/Users/49157/Desktop/Unity/2021.2.8f1/Editor/Data/PlaybackEngines/WindowsStandaloneSupport/UnityEditor.WindowsStandalone.Extensions.dll
Registered in 0.007542 seconds.
Native extension for WindowsStandalone target not found
Refreshing native plugins compatible for Editor in 142.90 ms, found 8 plugins.
Preloading 0 native plugins for Editor in 0.00 ms.
Mono: successfully reloaded assembly
- Completed reload, in  0.767 seconds
Domain Reload Profiling:
	ReloadAssembly (768ms)
		BeginReloadAssembly (110ms)
			ExecutionOrderSort (0ms)
			DisableScriptedObjects (0ms)
			BackupInstance (0ms)
			ReleaseScriptingObjects (0ms)
			CreateAndSetChildDomain (1ms)
		EndReloadAssembly (572ms)
			LoadAssemblies (108ms)
			RebuildTransferFunctionScriptingTraits (0ms)
			SetupTypeCache (104ms)
			ReleaseScriptCaches (0ms)
			RebuildScriptCaches (33ms)
			SetupLoadedEditorAssemblies (369ms)
				LogAssemblyErrors (0ms)
				InitializePlatformSupportModulesInManaged (17ms)
				SetLoadedEditorAssemblies (0ms)
				RefreshPlugins (143ms)
				BeforeProcessingInitializeOnLoad (1ms)
				ProcessInitializeOnLoadAttributes (156ms)
				ProcessInitializeOnLoadMethodAttributes (51ms)
				AfterProcessingInitializeOnLoad (0ms)
				EditorAssembliesLoaded (0ms)
			ExecutionOrderSort2 (0ms)
			AwakeInstancesAfterBackupRestoration (0ms)
Platform modules already initialized, skipping
Registering precompiled user dll's ...
Registered in 0.026456 seconds.
Begin MonoManager ReloadAssembly
Symbol file LoadedFromMemory doesn't match image C:\Users\49157\Dropbox\Mein PC (LAPTOP-G1C5OG0U)\Documents\GitHub\29Jan\Library\PackageCache\com.unity.visualscripting@1.7.6\Editor\VisualScripting.Core\Dependencies\DotNetZip\Unity.VisualScripting.IonicZip.dll
Symbol file LoadedFromMemory doesn't match image C:\Users\49157\Dropbox\Mein PC (LAPTOP-G1C5OG0U)\Documents\GitHub\29Jan\Library\PackageCache\com.unity.visualscripting@1.7.6\Editor\VisualScripting.Core\Dependencies\YamlDotNet\Unity.VisualScripting.YamlDotNet.dll
Native extension for WindowsStandalone target not found
Refreshing native plugins compatible for Editor in 142.63 ms, found 8 plugins.
Preloading 0 native plugins for Editor in 0.00 ms.
Package Manager log level set to [2]
Mono: successfully reloaded assembly
- Completed reload, in  2.761 seconds
Domain Reload Profiling:
	ReloadAssembly (2762ms)
		BeginReloadAssembly (134ms)
			ExecutionOrderSort (0ms)
			DisableScriptedObjects (6ms)
			BackupInstance (0ms)
			ReleaseScriptingObjects (0ms)
			CreateAndSetChildDomain (21ms)
		EndReloadAssembly (2524ms)
			LoadAssemblies (173ms)
			RebuildTransferFunctionScriptingTraits (0ms)
			SetupTypeCache (350ms)
			ReleaseScriptCaches (1ms)
			RebuildScriptCaches (87ms)
			SetupLoadedEditorAssemblies (1871ms)
				LogAssemblyErrors (0ms)
				InitializePlatformSupportModulesInManaged (12ms)
				SetLoadedEditorAssemblies (0ms)
				RefreshPlugins (143ms)
				BeforeProcessingInitializeOnLoad (161ms)
				ProcessInitializeOnLoadAttributes (1457ms)
				ProcessInitializeOnLoadMethodAttributes (89ms)
				AfterProcessingInitializeOnLoad (9ms)
				EditorAssembliesLoaded (0ms)
			ExecutionOrderSort2 (0ms)
			AwakeInstancesAfterBackupRestoration (6ms)
Platform modules already initialized, skipping
========================================================================
Worker process is ready to serve import requests
Launched and connected shader compiler UnityShaderCompiler.exe after 0.05 seconds
Refreshing native plugins compatible for Editor in 1.32 ms, found 8 plugins.
Preloading 0 native plugins for Editor in 0.00 ms.
Unloading 6299 Unused Serialized files (Serialized files now loaded: 0)
Unloading 201 unused Assets / (413.8 KB). Loaded Objects now: 6714.
Memory consumption went from 255.8 MB to 255.4 MB.
Total: 5.392700 ms (FindLiveObjects: 0.673900 ms CreateObjectMapping: 0.376600 ms MarkObjects: 3.974200 ms  DeleteObjects: 0.366100 ms)

AssetImportParameters requested are different than current active one (requested -> active):
  custom:video-decoder-ogg-theora: a1e56fd34408186e4bbccfd4996cb3dc -> 
  custom:container-muxer-webm: aa71ff27fc2769a1b78a27578f13a17b -> 
  custom:container-demuxer-webm: 4f35f7cbe854078d1ac9338744f61a02 -> 
  custom:video-encoder-webm-vp8: eb34c28f22e8b96e1ab97ce403110664 -> 
  custom:video-codec-MediaFoundation-h265: 746d11721c4dcdbdad8f713fa42b33f4 -> 
  custom:audio-encoder-webm-vorbis: bf7c407c2cedff20999df2af8eb42d56 -> 
  custom:framework-win-MediaFoundation: 216162199b28c13a410421893ffa2e32 -> 
  custom:container-demuxer-ogg: 62fdf1f143b41e24485cea50d1cbac27 -> 
  custom:video-decoder-webm-vp8: 9c59270c3fd7afecdb556c50c9e8de78 -> 
  custom:audio-decoder-ogg-vorbis: bf7c407c2cedff20999df2af8eb42d56 -> 
========================================================================
Received Import Request.
  Time since last request: 265823.984681 seconds.
  path: Assets/Materials/WoodFloor046_4K-JPG/WoodFloor046_4K_Displacement.jpg
  artifactKey: Guid(10d3e04a9aafb7147ad54609da11131a) Importer(815301076,1909f56bfc062723c751e8b465ee728b)
Start importing Assets/Materials/WoodFloor046_4K-JPG/WoodFloor046_4K_Displacement.jpg using Guid(10d3e04a9aafb7147ad54609da11131a) Importer(815301076,1909f56bfc062723c751e8b465ee728b)  -> (artifact id: 'eeae0473d8ad43f737b638b3d4b2f358') in 0.386314 seconds 
========================================================================
Received Import Request.
  Time since last request: 857.160052 seconds.
  path: Assets/Materials/PaintedMetal018_4K-JPG/PaintedMetal018_4K_Color.jpg
  artifactKey: Guid(b04f8c5fe62fe1742b14e884c570436d) Importer(815301076,1909f56bfc062723c751e8b465ee728b)
Start importing Assets/Materials/PaintedMetal018_4K-JPG/PaintedMetal018_4K_Color.jpg using Guid(b04f8c5fe62fe1742b14e884c570436d) Importer(815301076,1909f56bfc062723c751e8b465ee728b)  -> (artifact id: 'e39bf88d5b8b59a5526b7108da445b38') in 0.183878 seconds 
========================================================================
Received Import Request.
  Time since last request: 0.000046 seconds.
  path: Assets/Materials/PaintedMetal018_4K-JPG/PaintedMetal018_4K_NormalGL.jpg
  artifactKey: Guid(e180db4a6fbcb8c45aa9b3aa494262f1) Importer(815301076,1909f56bfc062723c751e8b465ee728b)
Start importing Assets/Materials/PaintedMetal018_4K-JPG/PaintedMetal018_4K_NormalGL.jpg using Guid(e180db4a6fbcb8c45aa9b3aa494262f1) Importer(815301076,1909f56bfc062723c751e8b465ee728b)  -> (artifact id: 'cca75b739f80e0cda2ed44f6cae88df2') in 0.209047 seconds 
========================================================================
Received Import Request.
  Time since last request: 0.000063 seconds.
  path: Assets/Materials/PaintedMetal018_4K-JPG/PaintedMetal018_4K_NormalDX.jpg
  artifactKey: Guid(96587f32cb100f04f817f686338e085a) Importer(815301076,1909f56bfc062723c751e8b465ee728b)
Start importing Assets/Materials/PaintedMetal018_4K-JPG/PaintedMetal018_4K_NormalDX.jpg using Guid(96587f32cb100f04f817f686338e085a) Importer(815301076,1909f56bfc062723c751e8b465ee728b)  -> (artifact id: '6f767f11701a2b9a2989a0a12dc57e45') in 0.122255 seconds 
========================================================================
Received Import Request.
  Time since last request: 0.000041 seconds.
  path: Assets/Materials/PaintedMetal018_4K-JPG/PaintedMetal018_4K_Displacement.jpg
  artifactKey: Guid(44c5ad32d1b0735428e666fe417e8008) Importer(815301076,1909f56bfc062723c751e8b465ee728b)
Start importing Assets/Materials/PaintedMetal018_4K-JPG/PaintedMetal018_4K_Displacement.jpg using Guid(44c5ad32d1b0735428e666fe417e8008) Importer(815301076,1909f56bfc062723c751e8b465ee728b)  -> (artifact id: '3e1ccb473be6c6ee5a554b2aeff406c0') in 0.105652 seconds 
========================================================================
Received Import Request.
  Time since last request: 3.616156 seconds.
  path: Assets/Materials/PaintedMetal006_4K-JPG/PaintedMetal006_4K_Color.jpg
  artifactKey: Guid(7e8acd0392ae2e8458a1d46e2ff49803) Importer(815301076,1909f56bfc062723c751e8b465ee728b)
Start importing Assets/Materials/PaintedMetal006_4K-JPG/PaintedMetal006_4K_Color.jpg using Guid(7e8acd0392ae2e8458a1d46e2ff49803) Importer(815301076,1909f56bfc062723c751e8b465ee728b)  -> (artifact id: '39126f353e055b9225a547b8887af960') in 0.126209 seconds 
========================================================================
Received Import Request.
  Time since last request: 0.000033 seconds.
  path: Assets/Materials/PaintedMetal006_4K-JPG/PaintedMetal006_4K_NormalGL.jpg
  artifactKey: Guid(04018dc7b6793284082a4ec18330d321) Importer(815301076,1909f56bfc062723c751e8b465ee728b)
Start importing Assets/Materials/PaintedMetal006_4K-JPG/PaintedMetal006_4K_NormalGL.jpg using Guid(04018dc7b6793284082a4ec18330d321) Importer(815301076,1909f56bfc062723c751e8b465ee728b)  -> (artifact id: '8ce71795fc88f83bdf87592d6588755b') in 0.167519 seconds 
========================================================================
Received Import Request.
  Time since last request: 0.000044 seconds.
  path: Assets/Materials/PaintedMetal006_4K-JPG/PaintedMetal006_4K_Metalness.jpg
  artifactKey: Guid(c3e118fe2b5794849a6e603b2e7ed936) Importer(815301076,1909f56bfc062723c751e8b465ee728b)
Start importing Assets/Materials/PaintedMetal006_4K-JPG/PaintedMetal006_4K_Metalness.jpg using Guid(c3e118fe2b5794849a6e603b2e7ed936) Importer(815301076,1909f56bfc062723c751e8b465ee728b)  -> (artifact id: '310ed4c26012a45e548ed85abd879b31') in 0.114680 seconds 
========================================================================
Received Import Request.
  Time since last request: 0.000044 seconds.
  path: Assets/Materials/PaintedMetal006_4K-JPG/PaintedMetal006_PREVIEW.jpg
  artifactKey: Guid(4aafcc3ead7d88a42a82f08ff0a0f78d) Importer(815301076,1909f56bfc062723c751e8b465ee728b)
Start importing Assets/Materials/PaintedMetal006_4K-JPG/PaintedMetal006_PREVIEW.jpg using Guid(4aafcc3ead7d88a42a82f08ff0a0f78d) Importer(815301076,1909f56bfc062723c751e8b465ee728b)  -> (artifact id: '7b557f3eb2d17889d6470db46370c521') in 0.038284 seconds 
========================================================================
Received Import Request.
  Time since last request: 0.000031 seconds.
  path: Assets/Materials/PaintedMetal006_4K-JPG/PaintedMetal006_4K_Displacement.jpg
  artifactKey: Guid(be4a4fc80bdf3fa4681c20ad0fcdc07d) Importer(815301076,1909f56bfc062723c751e8b465ee728b)
Start importing Assets/Materials/PaintedMetal006_4K-JPG/PaintedMetal006_4K_Displacement.jpg using Guid(be4a4fc80bdf3fa4681c20ad0fcdc07d) Importer(815301076,1909f56bfc062723c751e8b465ee728b)  -> (artifact id: '30cb92f64e4b412b3802806ba559e678') in 0.108657 seconds 
Editor requested this worker to shutdown with reason: Scaling down because of idle timeout
AssetImportWorker is now disconnected from the server
Process exiting
Exiting without the bug reporter. Application will terminate with return code 0