Using pre-set license
Built from '2021.2/staging' branch; Version is '2021.2.8f1 (d0e5f0a7b06a) revision 13690352'; Using compiler version '192829333'; Build Type 'Release'
OS: 'Windows 10  (10.0.19042) 64bit Core' Language: 'de' Physical Memory: 15731 MB
BatchMode: 1, IsHumanControllingUs: 0, StartBugReporterOnCrash: 0, Is64bit: 1, IsPro: 0

COMMAND LINE ARGUMENTS:
C:\Users\49157\Desktop\Unity\2021.2.8f1\Editor\Unity.exe
-adb2
-batchMode
-noUpm
-name
AssetImportWorker6
-projectPath
C:/Users/49157/Dropbox/Mein PC (LAPTOP-G1C5OG0U)/Documents/GitHub/29Jan
-logFile
Logs/AssetImportWorker6.log
-srvPort
65287
Successfully changed project path to: C:/Users/49157/Dropbox/Mein PC (LAPTOP-G1C5OG0U)/Documents/GitHub/29Jan
C:/Users/49157/Dropbox/Mein PC (LAPTOP-G1C5OG0U)/Documents/GitHub/29Jan
[UnityMemory] Configuration Parameters - Can be set up in boot.config
    "memorysetup-bucket-allocator-granularity=16"
    "memorysetup-bucket-allocator-bucket-count=8"
    "memorysetup-bucket-allocator-block-size=33554432"
    "memorysetup-bucket-allocator-block-count=8"
    "memorysetup-main-allocator-block-size=16777216"
    "memorysetup-thread-allocator-block-size=16777216"
    "memorysetup-gfx-main-allocator-block-size=16777216"
    "memorysetup-gfx-thread-allocator-block-size=16777216"
    "memorysetup-cache-allocator-block-size=4194304"
    "memorysetup-typetree-allocator-block-size=2097152"
    "memorysetup-profiler-bucket-allocator-granularity=16"
    "memorysetup-profiler-bucket-allocator-bucket-count=8"
    "memorysetup-profiler-bucket-allocator-block-size=33554432"
    "memorysetup-profiler-bucket-allocator-block-count=8"
    "memorysetup-profiler-allocator-block-size=16777216"
    "memorysetup-profiler-editor-allocator-block-size=1048576"
    "memorysetup-temp-allocator-size-main=16777216"
    "memorysetup-job-temp-allocator-block-size=2097152"
    "memorysetup-job-temp-allocator-block-size-background=1048576"
    "memorysetup-job-temp-allocator-reduction-small-platforms=262144"
    "memorysetup-temp-allocator-size-background-worker=32768"
    "memorysetup-temp-allocator-size-job-worker=262144"
    "memorysetup-temp-allocator-size-preload-manager=33554432"
    "memorysetup-temp-allocator-size-nav-mesh-worker=65536"
    "memorysetup-temp-allocator-size-audio-worker=65536"
    "memorysetup-temp-allocator-size-cloud-worker=32768"
    "memorysetup-temp-allocator-size-gi-baking-worker=262144"
    "memorysetup-temp-allocator-size-gfx=262144"
Refreshing native plugins compatible for Editor in 155.61 ms, found 8 plugins.
Preloading 0 native plugins for Editor in 0.00 ms.
Initialize engine version: 2021.2.8f1 (d0e5f0a7b06a)
[Subsystems] Discovering subsystems at path C:/Users/49157/Desktop/Unity/2021.2.8f1/Editor/Data/Resources/UnitySubsystems
[Subsystems] Discovering subsystems at path C:/Users/49157/Dropbox/Mein PC (LAPTOP-G1C5OG0U)/Documents/GitHub/29Jan/Assets
GfxDevice: creating device client; threaded=0; jobified=0
Direct3D:
    Version:  Direct3D 11.0 [level 11.1]
    Renderer: NVIDIA GeForce GTX 1660 Ti with Max-Q Design (ID=0x2191)
    Vendor:   NVIDIA
    VRAM:     5991 MB
    Driver:   27.21.14.6280
Initialize mono
Mono path[0] = 'C:/Users/49157/Desktop/Unity/2021.2.8f1/Editor/Data/Managed'
Mono path[1] = 'C:/Users/49157/Desktop/Unity/2021.2.8f1/Editor/Data/MonoBleedingEdge/lib/mono/unityjit-win32'
Mono config path = 'C:/Users/49157/Desktop/Unity/2021.2.8f1/Editor/Data/MonoBleedingEdge/etc'
Using monoOptions --debugger-agent=transport=dt_socket,embedding=1,server=y,suspend=n,address=127.0.0.1:56412
Begin MonoManager ReloadAssembly
Registering precompiled unity dll's ...
Register platform support module: C:/Users/49157/Desktop/Unity/2021.2.8f1/Editor/Data/PlaybackEngines/WindowsStandaloneSupport/UnityEditor.WindowsStandalone.Extensions.dll
Registered in 0.007454 seconds.
Native extension for WindowsStandalone target not found
Refreshing native plugins compatible for Editor in 133.11 ms, found 8 plugins.
Preloading 0 native plugins for Editor in 0.00 ms.
Mono: successfully reloaded assembly
- Completed reload, in  0.694 seconds
Domain Reload Profiling:
	ReloadAssembly (695ms)
		BeginReloadAssembly (89ms)
			ExecutionOrderSort (0ms)
			DisableScriptedObjects (0ms)
			BackupInstance (0ms)
			ReleaseScriptingObjects (0ms)
			CreateAndSetChildDomain (1ms)
		EndReloadAssembly (520ms)
			LoadAssemblies (88ms)
			RebuildTransferFunctionScriptingTraits (0ms)
			SetupTypeCache (97ms)
			ReleaseScriptCaches (0ms)
			RebuildScriptCaches (30ms)
			SetupLoadedEditorAssemblies (334ms)
				LogAssemblyErrors (0ms)
				InitializePlatformSupportModulesInManaged (15ms)
				SetLoadedEditorAssemblies (0ms)
				RefreshPlugins (133ms)
				BeforeProcessingInitializeOnLoad (2ms)
				ProcessInitializeOnLoadAttributes (139ms)
				ProcessInitializeOnLoadMethodAttributes (45ms)
				AfterProcessingInitializeOnLoad (0ms)
				EditorAssembliesLoaded (0ms)
			ExecutionOrderSort2 (0ms)
			AwakeInstancesAfterBackupRestoration (0ms)
Platform modules already initialized, skipping
Registering precompiled user dll's ...
Registered in 0.023970 seconds.
Begin MonoManager ReloadAssembly
Symbol file LoadedFromMemory doesn't match image C:\Users\49157\Dropbox\Mein PC (LAPTOP-G1C5OG0U)\Documents\GitHub\29Jan\Library\PackageCache\com.unity.visualscripting@1.7.6\Editor\VisualScripting.Core\Dependencies\DotNetZip\Unity.VisualScripting.IonicZip.dll
Symbol file LoadedFromMemory doesn't match image C:\Users\49157\Dropbox\Mein PC (LAPTOP-G1C5OG0U)\Documents\GitHub\29Jan\Library\PackageCache\com.unity.visualscripting@1.7.6\Editor\VisualScripting.Core\Dependencies\YamlDotNet\Unity.VisualScripting.YamlDotNet.dll
Native extension for WindowsStandalone target not found
Refreshing native plugins compatible for Editor in 133.86 ms, found 8 plugins.
Preloading 0 native plugins for Editor in 0.00 ms.
Package Manager log level set to [2]
Mono: successfully reloaded assembly
- Completed reload, in  2.722 seconds
Domain Reload Profiling:
	ReloadAssembly (2724ms)
		BeginReloadAssembly (139ms)
			ExecutionOrderSort (0ms)
			DisableScriptedObjects (6ms)
			BackupInstance (0ms)
			ReleaseScriptingObjects (0ms)
			CreateAndSetChildDomain (21ms)
		EndReloadAssembly (2478ms)
			LoadAssemblies (161ms)
			RebuildTransferFunctionScriptingTraits (0ms)
			SetupTypeCache (325ms)
			ReleaseScriptCaches (1ms)
			RebuildScriptCaches (83ms)
			SetupLoadedEditorAssemblies (1875ms)
				LogAssemblyErrors (0ms)
				InitializePlatformSupportModulesInManaged (11ms)
				SetLoadedEditorAssemblies (0ms)
				RefreshPlugins (134ms)
				BeforeProcessingInitializeOnLoad (160ms)
				ProcessInitializeOnLoadAttributes (1466ms)
				ProcessInitializeOnLoadMethodAttributes (96ms)
				AfterProcessingInitializeOnLoad (9ms)
				EditorAssembliesLoaded (0ms)
			ExecutionOrderSort2 (0ms)
			AwakeInstancesAfterBackupRestoration (6ms)
Platform modules already initialized, skipping
========================================================================
Worker process is ready to serve import requests
Launched and connected shader compiler UnityShaderCompiler.exe after 0.05 seconds
Refreshing native plugins compatible for Editor in 1.33 ms, found 8 plugins.
Preloading 0 native plugins for Editor in 0.00 ms.
Unloading 6300 Unused Serialized files (Serialized files now loaded: 0)
Unloading 201 unused Assets / (414.1 KB). Loaded Objects now: 6715.
Memory consumption went from 255.8 MB to 255.4 MB.
Total: 5.521700 ms (FindLiveObjects: 0.605000 ms CreateObjectMapping: 0.379100 ms MarkObjects: 4.143300 ms  DeleteObjects: 0.391600 ms)

AssetImportParameters requested are different than current active one (requested -> active):
  custom:video-decoder-ogg-theora: a1e56fd34408186e4bbccfd4996cb3dc -> 
  custom:container-muxer-webm: aa71ff27fc2769a1b78a27578f13a17b -> 
  custom:container-demuxer-webm: 4f35f7cbe854078d1ac9338744f61a02 -> 
  custom:video-encoder-webm-vp8: eb34c28f22e8b96e1ab97ce403110664 -> 
  custom:video-codec-MediaFoundation-h265: 746d11721c4dcdbdad8f713fa42b33f4 -> 
  custom:audio-encoder-webm-vorbis: bf7c407c2cedff20999df2af8eb42d56 -> 
  custom:framework-win-MediaFoundation: 216162199b28c13a410421893ffa2e32 -> 
  custom:container-demuxer-ogg: 62fdf1f143b41e24485cea50d1cbac27 -> 
  custom:video-decoder-webm-vp8: 9c59270c3fd7afecdb556c50c9e8de78 -> 
  custom:audio-decoder-ogg-vorbis: bf7c407c2cedff20999df2af8eb42d56 -> 
========================================================================
Received Import Request.
  Time since last request: 317295.152522 seconds.
  path: Assets/Materials/Materials/Plaster001_1K-JPG/Plaster001_1K_Displacement.jpg
  artifactKey: Guid(7eeb66f074428aa448c2d7aaacfac5ed) Importer(815301076,1909f56bfc062723c751e8b465ee728b)
Start importing Assets/Materials/Materials/Plaster001_1K-JPG/Plaster001_1K_Displacement.jpg using Guid(7eeb66f074428aa448c2d7aaacfac5ed) Importer(815301076,1909f56bfc062723c751e8b465ee728b)  -> (artifact id: '0d1b0387debd252fdbe7ad400ccd8fcd') in 0.123482 seconds 
========================================================================
Received Import Request.
  Time since last request: 45.266693 seconds.
  path: Assets/Materials/Materials/Terrazzo019M_1K-JPG/Terrazzo019M_1K_Displacement.jpg
  artifactKey: Guid(76ef9313901e37445a121bcbabe286fd) Importer(815301076,1909f56bfc062723c751e8b465ee728b)
Start importing Assets/Materials/Materials/Terrazzo019M_1K-JPG/Terrazzo019M_1K_Displacement.jpg using Guid(76ef9313901e37445a121bcbabe286fd) Importer(815301076,1909f56bfc062723c751e8b465ee728b)  -> (artifact id: '346ebdf546afa9d5080c5f875b2dfd9a') in 0.035030 seconds 
========================================================================
Received Import Request.
  Time since last request: 0.000048 seconds.
  path: Assets/Materials/Materials/Terrazzo019M_1K-JPG/Terrazzo019M_1K_Roughness.jpg
  artifactKey: Guid(d33bab4ce5116924e88c2b971bbb9d5c) Importer(815301076,1909f56bfc062723c751e8b465ee728b)
Start importing Assets/Materials/Materials/Terrazzo019M_1K-JPG/Terrazzo019M_1K_Roughness.jpg using Guid(d33bab4ce5116924e88c2b971bbb9d5c) Importer(815301076,1909f56bfc062723c751e8b465ee728b)  -> (artifact id: 'f714f37d023e4c4dc0e5ed96675daf06') in 0.024278 seconds 
========================================================================
Received Import Request.
  Time since last request: 30.332131 seconds.
  path: Assets/Materials/Materials/Metal024_1K-JPG/Metal024_1K_Displacement.jpg
  artifactKey: Guid(09557513163bce948b1f3aa13ac3ab24) Importer(815301076,1909f56bfc062723c751e8b465ee728b)
Start importing Assets/Materials/Materials/Metal024_1K-JPG/Metal024_1K_Displacement.jpg using Guid(09557513163bce948b1f3aa13ac3ab24) Importer(815301076,1909f56bfc062723c751e8b465ee728b)  -> (artifact id: '98dc4a509fc4674ba9c05207bf79d27f') in 0.060171 seconds 
========================================================================
Received Import Request.
  Time since last request: 28.645267 seconds.
  path: Assets/Materials/Materials/Metal010_1K-JPG/Metal010_1K_Displacement.jpg
  artifactKey: Guid(397ee99d778ca5149bb2b0efc15e4fb3) Importer(815301076,1909f56bfc062723c751e8b465ee728b)
Start importing Assets/Materials/Materials/Metal010_1K-JPG/Metal010_1K_Displacement.jpg using Guid(397ee99d778ca5149bb2b0efc15e4fb3) Importer(815301076,1909f56bfc062723c751e8b465ee728b)  -> (artifact id: 'b723b3091b26877a1e632373cdf9d32d') in 0.026897 seconds 
========================================================================
Received Import Request.
  Time since last request: 0.000035 seconds.
  path: Assets/Materials/Materials/Metal010_1K-JPG/Metal010_PREVIEW.jpg
  artifactKey: Guid(cbb02c8cd27d1bf409a0f03b6d64e8f9) Importer(815301076,1909f56bfc062723c751e8b465ee728b)
Start importing Assets/Materials/Materials/Metal010_1K-JPG/Metal010_PREVIEW.jpg using Guid(cbb02c8cd27d1bf409a0f03b6d64e8f9) Importer(815301076,1909f56bfc062723c751e8b465ee728b)  -> (artifact id: '506dfd2bc2ca8125ebe3158ad6bc197d') in 0.026760 seconds 
========================================================================
Received Import Request.
  Time since last request: 21.171094 seconds.
  path: Assets/Materials/Materials/Metal021_1K-JPG/Metal021_1K_Displacement.jpg
  artifactKey: Guid(5f605646ddf762b47a2792fad52bfce2) Importer(815301076,1909f56bfc062723c751e8b465ee728b)
Start importing Assets/Materials/Materials/Metal021_1K-JPG/Metal021_1K_Displacement.jpg using Guid(5f605646ddf762b47a2792fad52bfce2) Importer(815301076,1909f56bfc062723c751e8b465ee728b)  -> (artifact id: '412b089d2c9712caf73a26fe345a86d4') in 0.029095 seconds 
========================================================================
Received Import Request.
  Time since last request: 0.000035 seconds.
  path: Assets/Materials/Materials/Metal021_1K-JPG/Metal021_1K_NormalGL.jpg
  artifactKey: Guid(af6b701b3f22fdb4db1cce1c3e2d7c94) Importer(815301076,1909f56bfc062723c751e8b465ee728b)
Start importing Assets/Materials/Materials/Metal021_1K-JPG/Metal021_1K_NormalGL.jpg using Guid(af6b701b3f22fdb4db1cce1c3e2d7c94) Importer(815301076,1909f56bfc062723c751e8b465ee728b)  -> (artifact id: '4c84dae62d9230f0a184beff2c772b42') in 0.032779 seconds 
========================================================================
Received Import Request.
  Time since last request: 11.961833 seconds.
  path: Assets/Materials/Materials/Metal022_1K-JPG/Metal022_1K_Displacement.jpg
  artifactKey: Guid(588c44886833406409a7486ed403c0a2) Importer(815301076,1909f56bfc062723c751e8b465ee728b)
Start importing Assets/Materials/Materials/Metal022_1K-JPG/Metal022_1K_Displacement.jpg using Guid(588c44886833406409a7486ed403c0a2) Importer(815301076,1909f56bfc062723c751e8b465ee728b)  -> (artifact id: '2eac992b2aaad54b3922879b17a7fa40') in 0.035576 seconds 
========================================================================
Received Import Request.
  Time since last request: 0.000035 seconds.
  path: Assets/Materials/Materials/Metal022_1K-JPG/Metal022_1K_NormalGL.jpg
  artifactKey: Guid(3ace88b0586156d4e93e05d876746bc2) Importer(815301076,1909f56bfc062723c751e8b465ee728b)
Start importing Assets/Materials/Materials/Metal022_1K-JPG/Metal022_1K_NormalGL.jpg using Guid(3ace88b0586156d4e93e05d876746bc2) Importer(815301076,1909f56bfc062723c751e8b465ee728b)  -> (artifact id: '22c08df1d8775f38ebe7d3f2e0a9249d') in 0.030671 seconds 
========================================================================
Received Import Request.
  Time since last request: 19.056385 seconds.
  path: Assets/Materials/Materials/Metal021_1K-JPG/Materials/Metal021_1K_Color 2.mat
  artifactKey: Guid(af2b6d4fedaf2834383aca401d7907e0) Importer(815301076,1909f56bfc062723c751e8b465ee728b)
Start importing Assets/Materials/Materials/Metal021_1K-JPG/Materials/Metal021_1K_Color 2.mat using Guid(af2b6d4fedaf2834383aca401d7907e0) Importer(815301076,1909f56bfc062723c751e8b465ee728b)  -> (artifact id: '3eb12b127fc91851388905e145e5e788') in 0.269770 seconds 
========================================================================
Received Import Request.
  Time since last request: 11.593739 seconds.
  path: Assets/Materials/Materials/Metal022_1K-JPG/Materials/Metal022_1K_Color.mat
  artifactKey: Guid(609b8ce7e92076b438a88d5878ab8f04) Importer(815301076,1909f56bfc062723c751e8b465ee728b)
Start importing Assets/Materials/Materials/Metal022_1K-JPG/Materials/Metal022_1K_Color.mat using Guid(609b8ce7e92076b438a88d5878ab8f04) Importer(815301076,1909f56bfc062723c751e8b465ee728b)  -> (artifact id: '8ad7ff3e5b3a16e6a28ad47ec17a24bb') in 0.034805 seconds 
========================================================================
Received Import Request.
  Time since last request: 0.000069 seconds.
  path: Assets/Materials/Materials/Metal024_1K-JPG/Materials/Metal024_1K_Color 3.mat
  artifactKey: Guid(362091a98f44cdd42b5953afe1291b0d) Importer(815301076,1909f56bfc062723c751e8b465ee728b)
Start importing Assets/Materials/Materials/Metal024_1K-JPG/Materials/Metal024_1K_Color 3.mat using Guid(362091a98f44cdd42b5953afe1291b0d) Importer(815301076,1909f56bfc062723c751e8b465ee728b)  -> (artifact id: '61369b05609e3b7f171ff9c393df06c3') in 0.033258 seconds 
========================================================================
Received Import Request.
  Time since last request: 0.000057 seconds.
  path: Assets/Materials/Materials/Metal024_1K-JPG/Materials/Metal024_1K_Color 2.mat
  artifactKey: Guid(07414d7bd4f899f42a0fdbe2c02ae068) Importer(815301076,1909f56bfc062723c751e8b465ee728b)
Start importing Assets/Materials/Materials/Metal024_1K-JPG/Materials/Metal024_1K_Color 2.mat using Guid(07414d7bd4f899f42a0fdbe2c02ae068) Importer(815301076,1909f56bfc062723c751e8b465ee728b)  -> (artifact id: '433fce1dc3faa6c5a51fdb69ae8aaed0') in 0.020476 seconds 
