Using pre-set license
Built from '2021.2/staging' branch; Version is '2021.2.8f1 (d0e5f0a7b06a) revision 13690352'; Using compiler version '192829333'; Build Type 'Release'
OS: 'Windows 10  (10.0.19042) 64bit Core' Language: 'de' Physical Memory: 15731 MB
BatchMode: 1, IsHumanControllingUs: 0, StartBugReporterOnCrash: 0, Is64bit: 1, IsPro: 0

COMMAND LINE ARGUMENTS:
C:\Users\49157\Desktop\Unity\2021.2.8f1\Editor\Unity.exe
-adb2
-batchMode
-noUpm
-name
AssetImportWorker8
-projectPath
C:/Users/49157/Dropbox/Mein PC (LAPTOP-G1C5OG0U)/Documents/GitHub/29Jan
-logFile
Logs/AssetImportWorker8.log
-srvPort
59938
Successfully changed project path to: C:/Users/49157/Dropbox/Mein PC (LAPTOP-G1C5OG0U)/Documents/GitHub/29Jan
C:/Users/49157/Dropbox/Mein PC (LAPTOP-G1C5OG0U)/Documents/GitHub/29Jan
[UnityMemory] Configuration Parameters - Can be set up in boot.config
    "memorysetup-bucket-allocator-granularity=16"
    "memorysetup-bucket-allocator-bucket-count=8"
    "memorysetup-bucket-allocator-block-size=33554432"
    "memorysetup-bucket-allocator-block-count=8"
    "memorysetup-main-allocator-block-size=16777216"
    "memorysetup-thread-allocator-block-size=16777216"
    "memorysetup-gfx-main-allocator-block-size=16777216"
    "memorysetup-gfx-thread-allocator-block-size=16777216"
    "memorysetup-cache-allocator-block-size=4194304"
    "memorysetup-typetree-allocator-block-size=2097152"
    "memorysetup-profiler-bucket-allocator-granularity=16"
    "memorysetup-profiler-bucket-allocator-bucket-count=8"
    "memorysetup-profiler-bucket-allocator-block-size=33554432"
    "memorysetup-profiler-bucket-allocator-block-count=8"
    "memorysetup-profiler-allocator-block-size=16777216"
    "memorysetup-profiler-editor-allocator-block-size=1048576"
    "memorysetup-temp-allocator-size-main=16777216"
    "memorysetup-job-temp-allocator-block-size=2097152"
    "memorysetup-job-temp-allocator-block-size-background=1048576"
    "memorysetup-job-temp-allocator-reduction-small-platforms=262144"
    "memorysetup-temp-allocator-size-background-worker=32768"
    "memorysetup-temp-allocator-size-job-worker=262144"
    "memorysetup-temp-allocator-size-preload-manager=33554432"
    "memorysetup-temp-allocator-size-nav-mesh-worker=65536"
    "memorysetup-temp-allocator-size-audio-worker=65536"
    "memorysetup-temp-allocator-size-cloud-worker=32768"
    "memorysetup-temp-allocator-size-gi-baking-worker=262144"
    "memorysetup-temp-allocator-size-gfx=262144"
Refreshing native plugins compatible for Editor in 154.80 ms, found 8 plugins.
Preloading 0 native plugins for Editor in 0.00 ms.
Initialize engine version: 2021.2.8f1 (d0e5f0a7b06a)
[Subsystems] Discovering subsystems at path C:/Users/49157/Desktop/Unity/2021.2.8f1/Editor/Data/Resources/UnitySubsystems
[Subsystems] Discovering subsystems at path C:/Users/49157/Dropbox/Mein PC (LAPTOP-G1C5OG0U)/Documents/GitHub/29Jan/Assets
GfxDevice: creating device client; threaded=0; jobified=0
Direct3D:
    Version:  Direct3D 11.0 [level 11.1]
    Renderer: NVIDIA GeForce GTX 1660 Ti with Max-Q Design (ID=0x2191)
    Vendor:   NVIDIA
    VRAM:     5991 MB
    Driver:   27.21.14.6280
Initialize mono
Mono path[0] = 'C:/Users/49157/Desktop/Unity/2021.2.8f1/Editor/Data/Managed'
Mono path[1] = 'C:/Users/49157/Desktop/Unity/2021.2.8f1/Editor/Data/MonoBleedingEdge/lib/mono/unityjit-win32'
Mono config path = 'C:/Users/49157/Desktop/Unity/2021.2.8f1/Editor/Data/MonoBleedingEdge/etc'
Using monoOptions --debugger-agent=transport=dt_socket,embedding=1,server=y,suspend=n,address=127.0.0.1:56368
Begin MonoManager ReloadAssembly
Registering precompiled unity dll's ...
Register platform support module: C:/Users/49157/Desktop/Unity/2021.2.8f1/Editor/Data/PlaybackEngines/WindowsStandaloneSupport/UnityEditor.WindowsStandalone.Extensions.dll
Registered in 0.007221 seconds.
Native extension for WindowsStandalone target not found
Refreshing native plugins compatible for Editor in 134.59 ms, found 8 plugins.
Preloading 0 native plugins for Editor in 0.00 ms.
Mono: successfully reloaded assembly
- Completed reload, in  0.709 seconds
Domain Reload Profiling:
	ReloadAssembly (710ms)
		BeginReloadAssembly (94ms)
			ExecutionOrderSort (0ms)
			DisableScriptedObjects (0ms)
			BackupInstance (0ms)
			ReleaseScriptingObjects (0ms)
			CreateAndSetChildDomain (1ms)
		EndReloadAssembly (535ms)
			LoadAssemblies (91ms)
			RebuildTransferFunctionScriptingTraits (0ms)
			SetupTypeCache (101ms)
			ReleaseScriptCaches (0ms)
			RebuildScriptCaches (31ms)
			SetupLoadedEditorAssemblies (346ms)
				LogAssemblyErrors (0ms)
				InitializePlatformSupportModulesInManaged (16ms)
				SetLoadedEditorAssemblies (0ms)
				RefreshPlugins (135ms)
				BeforeProcessingInitializeOnLoad (1ms)
				ProcessInitializeOnLoadAttributes (149ms)
				ProcessInitializeOnLoadMethodAttributes (45ms)
				AfterProcessingInitializeOnLoad (0ms)
				EditorAssembliesLoaded (0ms)
			ExecutionOrderSort2 (0ms)
			AwakeInstancesAfterBackupRestoration (0ms)
Platform modules already initialized, skipping
Registering precompiled user dll's ...
Registered in 0.022596 seconds.
Begin MonoManager ReloadAssembly
Symbol file LoadedFromMemory doesn't match image C:\Users\49157\Dropbox\Mein PC (LAPTOP-G1C5OG0U)\Documents\GitHub\29Jan\Library\PackageCache\com.unity.visualscripting@1.7.6\Editor\VisualScripting.Core\Dependencies\DotNetZip\Unity.VisualScripting.IonicZip.dll
Symbol file LoadedFromMemory doesn't match image C:\Users\49157\Dropbox\Mein PC (LAPTOP-G1C5OG0U)\Documents\GitHub\29Jan\Library\PackageCache\com.unity.visualscripting@1.7.6\Editor\VisualScripting.Core\Dependencies\YamlDotNet\Unity.VisualScripting.YamlDotNet.dll
Native extension for WindowsStandalone target not found
Refreshing native plugins compatible for Editor in 150.13 ms, found 8 plugins.
Preloading 0 native plugins for Editor in 0.00 ms.
Package Manager log level set to [2]
Mono: successfully reloaded assembly
- Completed reload, in  2.783 seconds
Domain Reload Profiling:
	ReloadAssembly (2784ms)
		BeginReloadAssembly (130ms)
			ExecutionOrderSort (0ms)
			DisableScriptedObjects (5ms)
			BackupInstance (0ms)
			ReleaseScriptingObjects (0ms)
			CreateAndSetChildDomain (20ms)
		EndReloadAssembly (2547ms)
			LoadAssemblies (152ms)
			RebuildTransferFunctionScriptingTraits (0ms)
			SetupTypeCache (311ms)
			ReleaseScriptCaches (1ms)
			RebuildScriptCaches (84ms)
			SetupLoadedEditorAssemblies (1959ms)
				LogAssemblyErrors (0ms)
				InitializePlatformSupportModulesInManaged (13ms)
				SetLoadedEditorAssemblies (0ms)
				RefreshPlugins (150ms)
				BeforeProcessingInitializeOnLoad (169ms)
				ProcessInitializeOnLoadAttributes (1520ms)
				ProcessInitializeOnLoadMethodAttributes (98ms)
				AfterProcessingInitializeOnLoad (9ms)
				EditorAssembliesLoaded (0ms)
			ExecutionOrderSort2 (0ms)
			AwakeInstancesAfterBackupRestoration (6ms)
Platform modules already initialized, skipping
========================================================================
Worker process is ready to serve import requests
Launched and connected shader compiler UnityShaderCompiler.exe after 0.05 seconds
Refreshing native plugins compatible for Editor in 1.44 ms, found 8 plugins.
Preloading 0 native plugins for Editor in 0.00 ms.
Unloading 6299 Unused Serialized files (Serialized files now loaded: 0)
Unloading 201 unused Assets / (413.8 KB). Loaded Objects now: 6714.
Memory consumption went from 255.9 MB to 255.5 MB.
Total: 6.159100 ms (FindLiveObjects: 0.539100 ms CreateObjectMapping: 0.707600 ms MarkObjects: 4.426400 ms  DeleteObjects: 0.484000 ms)

AssetImportParameters requested are different than current active one (requested -> active):
  custom:video-decoder-ogg-theora: a1e56fd34408186e4bbccfd4996cb3dc -> 
  custom:container-muxer-webm: aa71ff27fc2769a1b78a27578f13a17b -> 
  custom:container-demuxer-webm: 4f35f7cbe854078d1ac9338744f61a02 -> 
  custom:video-encoder-webm-vp8: eb34c28f22e8b96e1ab97ce403110664 -> 
  custom:video-codec-MediaFoundation-h265: 746d11721c4dcdbdad8f713fa42b33f4 -> 
  custom:audio-encoder-webm-vorbis: bf7c407c2cedff20999df2af8eb42d56 -> 
  custom:framework-win-MediaFoundation: 216162199b28c13a410421893ffa2e32 -> 
  custom:container-demuxer-ogg: 62fdf1f143b41e24485cea50d1cbac27 -> 
  custom:video-decoder-webm-vp8: 9c59270c3fd7afecdb556c50c9e8de78 -> 
  custom:audio-decoder-ogg-vorbis: bf7c407c2cedff20999df2af8eb42d56 -> 
========================================================================
Received Import Request.
  Time since last request: 265781.999470 seconds.
  path: Assets/Materials/Terrazzo019M_4K-JPG
  artifactKey: Guid(1fd3cfc4dbc86394398955ad7943b09a) Importer(815301076,1909f56bfc062723c751e8b465ee728b)
Start importing Assets/Materials/Terrazzo019M_4K-JPG using Guid(1fd3cfc4dbc86394398955ad7943b09a) Importer(815301076,1909f56bfc062723c751e8b465ee728b)  -> (artifact id: '90e68a4dcdc36d615a04fc557bf7bb7f') in 0.014623 seconds 
========================================================================
Received Import Request.
  Time since last request: 0.027339 seconds.
  path: Assets/Materials/Terrazzo019M_4K-JPG/Terrazzo019M_4K_Color.jpg
  artifactKey: Guid(78d6cbe7af514754a93a997c53167490) Importer(815301076,1909f56bfc062723c751e8b465ee728b)
Start importing Assets/Materials/Terrazzo019M_4K-JPG/Terrazzo019M_4K_Color.jpg using Guid(78d6cbe7af514754a93a997c53167490) Importer(815301076,1909f56bfc062723c751e8b465ee728b)  -> (artifact id: '8a92dd86bb308c5194e042357001c25d') in 0.236190 seconds 
========================================================================
Received Import Request.
  Time since last request: 0.000036 seconds.
  path: Assets/Materials/Terrazzo019M_4K-JPG/Terrazzo019M_PREVIEW.jpg
  artifactKey: Guid(f7bc67e0cc1df40409f65159158d3b36) Importer(815301076,1909f56bfc062723c751e8b465ee728b)
Start importing Assets/Materials/Terrazzo019M_4K-JPG/Terrazzo019M_PREVIEW.jpg using Guid(f7bc67e0cc1df40409f65159158d3b36) Importer(815301076,1909f56bfc062723c751e8b465ee728b)  -> (artifact id: 'a7d7107d7d448006f496b163f5259b5e') in 0.028273 seconds 
========================================================================
Received Import Request.
  Time since last request: 0.000042 seconds.
  path: Assets/Materials/Terrazzo019M_4K-JPG/Terrazzo019M_4K_NormalGL.jpg
  artifactKey: Guid(04a4c3094eadc08458a8bc1da6097ebe) Importer(815301076,1909f56bfc062723c751e8b465ee728b)
Start importing Assets/Materials/Terrazzo019M_4K-JPG/Terrazzo019M_4K_NormalGL.jpg using Guid(04a4c3094eadc08458a8bc1da6097ebe) Importer(815301076,1909f56bfc062723c751e8b465ee728b)  -> (artifact id: '92e9e387dff07ae51454dc20698838cc') in 0.188380 seconds 
========================================================================
Received Import Request.
  Time since last request: 41.411634 seconds.
  path: Assets/Materials/WoodFloor046_4K-JPG
  artifactKey: Guid(f52b45f5f3994c1469cce03c71d06f74) Importer(815301076,1909f56bfc062723c751e8b465ee728b)
Start importing Assets/Materials/WoodFloor046_4K-JPG using Guid(f52b45f5f3994c1469cce03c71d06f74) Importer(815301076,1909f56bfc062723c751e8b465ee728b)  -> (artifact id: 'de5dbcc8671c89d40a149c0e79a7838d') in 0.003318 seconds 
========================================================================
Received Import Request.
  Time since last request: 0.017598 seconds.
  path: Assets/Materials/WoodFloor046_4K-JPG/WoodFloor046_4K_Color.jpg
  artifactKey: Guid(5a6408650ec860e4a80ab004ada41a86) Importer(815301076,1909f56bfc062723c751e8b465ee728b)
Start importing Assets/Materials/WoodFloor046_4K-JPG/WoodFloor046_4K_Color.jpg using Guid(5a6408650ec860e4a80ab004ada41a86) Importer(815301076,1909f56bfc062723c751e8b465ee728b)  -> (artifact id: '1dc474ba37f39a32bfae977c981b480b') in 0.195584 seconds 
========================================================================
Received Import Request.
  Time since last request: 0.000063 seconds.
  path: Assets/Materials/WoodFloor046_4K-JPG/WoodFloor046_PREVIEW.jpg
  artifactKey: Guid(2fc047d95f508364096acbba338a41b2) Importer(815301076,1909f56bfc062723c751e8b465ee728b)
Start importing Assets/Materials/WoodFloor046_4K-JPG/WoodFloor046_PREVIEW.jpg using Guid(2fc047d95f508364096acbba338a41b2) Importer(815301076,1909f56bfc062723c751e8b465ee728b)  -> (artifact id: '9a6356b5c4687260122ff363184e0d33') in 0.062246 seconds 
========================================================================
Received Import Request.
  Time since last request: 0.000046 seconds.
  path: Assets/Materials/WoodFloor046_4K-JPG/WoodFloor046_4K_Roughness.jpg
  artifactKey: Guid(5f010e3d4451d094c946021347b7c235) Importer(815301076,1909f56bfc062723c751e8b465ee728b)
Start importing Assets/Materials/WoodFloor046_4K-JPG/WoodFloor046_4K_Roughness.jpg using Guid(5f010e3d4451d094c946021347b7c235) Importer(815301076,1909f56bfc062723c751e8b465ee728b)  -> (artifact id: 'f6654291f69874849e0d5d5b5ac0427b') in 0.116457 seconds 
========================================================================
Received Import Request.
  Time since last request: 48.766958 seconds.
  path: Assets/Materials/WoodFloor046_4K-JPG/WoodFloor046_4K_NormalDX.jpg
  artifactKey: Guid(25be8d3e873efaa4fb0e8ae4e6fbf0e7) Importer(815301076,1909f56bfc062723c751e8b465ee728b)
Start importing Assets/Materials/WoodFloor046_4K-JPG/WoodFloor046_4K_NormalDX.jpg using Guid(25be8d3e873efaa4fb0e8ae4e6fbf0e7) Importer(815301076,1909f56bfc062723c751e8b465ee728b)  -> (artifact id: 'ed8a0d555fb11dcee5fec9cedf51a5ab') in 0.107129 seconds 
========================================================================
Received Import Request.
  Time since last request: 55.510046 seconds.
  path: Assets/Materials/rusty_metal_three_by_marlborolt_d79n6o8(1).jpg
  artifactKey: Guid(97f3fb22aaa2c79428641dd93de9a45a) Importer(815301076,1909f56bfc062723c751e8b465ee728b)
Start importing Assets/Materials/rusty_metal_three_by_marlborolt_d79n6o8(1).jpg using Guid(97f3fb22aaa2c79428641dd93de9a45a) Importer(815301076,1909f56bfc062723c751e8b465ee728b)  -> (artifact id: '22de8f510159d2069ebffe2b0a1877b9') in 0.018961 seconds 
========================================================================
Received Import Request.
  Time since last request: 244.493828 seconds.
  path: Assets/Materials/Materials
  artifactKey: Guid(0a79d72a85dbb284b8d46d5aa79b7cca) Importer(815301076,1909f56bfc062723c751e8b465ee728b)
Start importing Assets/Materials/Materials using Guid(0a79d72a85dbb284b8d46d5aa79b7cca) Importer(815301076,1909f56bfc062723c751e8b465ee728b)  -> (artifact id: '22760ab18a1f66dc04e56bc670af56f1') in 0.005402 seconds 
========================================================================
Received Import Request.
  Time since last request: 507.948933 seconds.
  path: Assets/Materials/PaintedMetal018_4K-JPG
  artifactKey: Guid(d8d6f8ea3cc6dc6489c3cba8d0862163) Importer(815301076,1909f56bfc062723c751e8b465ee728b)
Start importing Assets/Materials/PaintedMetal018_4K-JPG using Guid(d8d6f8ea3cc6dc6489c3cba8d0862163) Importer(815301076,1909f56bfc062723c751e8b465ee728b)  -> (artifact id: 'fb80d70c339d3105271e0133aa394e8d') in 0.004092 seconds 
========================================================================
Received Import Request.
  Time since last request: 0.234921 seconds.
  path: Assets/Materials/PaintedMetal018_4K-JPG/PaintedMetal018_4K_AmbientOcclusion.jpg
  artifactKey: Guid(12f0b124ae0d8ea44acea202c74535e0) Importer(815301076,1909f56bfc062723c751e8b465ee728b)
Start importing Assets/Materials/PaintedMetal018_4K-JPG/PaintedMetal018_4K_AmbientOcclusion.jpg using Guid(12f0b124ae0d8ea44acea202c74535e0) Importer(815301076,1909f56bfc062723c751e8b465ee728b)  -> (artifact id: '596c64ef6377f521930e7a40c9634858') in 0.253234 seconds 
========================================================================
Received Import Request.
  Time since last request: 0.000043 seconds.
  path: Assets/Materials/PaintedMetal018_4K-JPG/PaintedMetal018_4K_Metalness.jpg
  artifactKey: Guid(8b20c9490c07e2c4e83cececa011c6bd) Importer(815301076,1909f56bfc062723c751e8b465ee728b)
Start importing Assets/Materials/PaintedMetal018_4K-JPG/PaintedMetal018_4K_Metalness.jpg using Guid(8b20c9490c07e2c4e83cececa011c6bd) Importer(815301076,1909f56bfc062723c751e8b465ee728b)  -> (artifact id: 'd8f97a4516951671404a343d81905296') in 0.091075 seconds 
========================================================================
Received Import Request.
  Time since last request: 0.000035 seconds.
  path: Assets/Materials/PaintedMetal018_4K-JPG/PaintedMetal018_4K_Roughness.jpg
  artifactKey: Guid(43e630511a91149438d68a73e65e0649) Importer(815301076,1909f56bfc062723c751e8b465ee728b)
Start importing Assets/Materials/PaintedMetal018_4K-JPG/PaintedMetal018_4K_Roughness.jpg using Guid(43e630511a91149438d68a73e65e0649) Importer(815301076,1909f56bfc062723c751e8b465ee728b)  -> (artifact id: '497aee253e91a2f307e61ef1eca6ebe4') in 0.156353 seconds 
========================================================================
Received Import Request.
  Time since last request: 0.000028 seconds.
  path: Assets/Materials/PaintedMetal018_4K-JPG/PaintedMetal018_PREVIEW.jpg
  artifactKey: Guid(f150820ce942966419d14ba2d7c4e4cd) Importer(815301076,1909f56bfc062723c751e8b465ee728b)
Start importing Assets/Materials/PaintedMetal018_4K-JPG/PaintedMetal018_PREVIEW.jpg using Guid(f150820ce942966419d14ba2d7c4e4cd) Importer(815301076,1909f56bfc062723c751e8b465ee728b)  -> (artifact id: 'a5eeac8f714b4cf2a48b7d957cf52ec4') in 0.025888 seconds 
========================================================================
Received Import Request.
  Time since last request: 3.676245 seconds.
  path: Assets/Materials/PaintedMetal006_4K-JPG
  artifactKey: Guid(200c8bfec7aabd04794cebc5d8226898) Importer(815301076,1909f56bfc062723c751e8b465ee728b)
Start importing Assets/Materials/PaintedMetal006_4K-JPG using Guid(200c8bfec7aabd04794cebc5d8226898) Importer(815301076,1909f56bfc062723c751e8b465ee728b)  -> (artifact id: '3d5efe94658c74a323fcfc259e2901d4') in 0.004543 seconds 
========================================================================
Received Import Request.
  Time since last request: 0.035300 seconds.
  path: Assets/Materials/PaintedMetal006_4K-JPG/PaintedMetal006_4K_AmbientOcclusion.jpg
  artifactKey: Guid(8bf6b98201f613346ae04f0947a27b3b) Importer(815301076,1909f56bfc062723c751e8b465ee728b)
Start importing Assets/Materials/PaintedMetal006_4K-JPG/PaintedMetal006_4K_AmbientOcclusion.jpg using Guid(8bf6b98201f613346ae04f0947a27b3b) Importer(815301076,1909f56bfc062723c751e8b465ee728b)  -> (artifact id: '7ce7597ad099f547d7b9f6a68c9fb44a') in 0.174574 seconds 
========================================================================
Received Import Request.
  Time since last request: 0.000035 seconds.
  path: Assets/Materials/PaintedMetal006_4K-JPG/PaintedMetal006_4K_NormalDX.jpg
  artifactKey: Guid(4234a6ac11c00cf46a5095bf03f5645d) Importer(815301076,1909f56bfc062723c751e8b465ee728b)
Start importing Assets/Materials/PaintedMetal006_4K-JPG/PaintedMetal006_4K_NormalDX.jpg using Guid(4234a6ac11c00cf46a5095bf03f5645d) Importer(815301076,1909f56bfc062723c751e8b465ee728b)  -> (artifact id: 'fa5d1078c480243735c33db72bb0d70f') in 0.172511 seconds 
========================================================================
Received Import Request.
  Time since last request: 0.000196 seconds.
  path: Assets/Materials/PaintedMetal006_4K-JPG/PaintedMetal006_4K_Roughness.jpg
  artifactKey: Guid(993c8100319054744b1879c3c665f43e) Importer(815301076,1909f56bfc062723c751e8b465ee728b)
Start importing Assets/Materials/PaintedMetal006_4K-JPG/PaintedMetal006_4K_Roughness.jpg using Guid(993c8100319054744b1879c3c665f43e) Importer(815301076,1909f56bfc062723c751e8b465ee728b)  -> (artifact id: 'd349c17d2285f67ca0acd68c2d0d7d60') in 0.118574 seconds 
Editor requested this worker to shutdown with reason: Scaling down because of idle timeout
AssetImportWorker is now disconnected from the server
Process exiting
Exiting without the bug reporter. Application will terminate with return code 0