Using pre-set license
Built from '2021.2/staging' branch; Version is '2021.2.8f1 (d0e5f0a7b06a) revision 13690352'; Using compiler version '192829333'; Build Type 'Release'
OS: 'Windows 10  (10.0.19042) 64bit Core' Language: 'de' Physical Memory: 15731 MB
BatchMode: 1, IsHumanControllingUs: 0, StartBugReporterOnCrash: 0, Is64bit: 1, IsPro: 0

COMMAND LINE ARGUMENTS:
C:\Users\49157\Desktop\Unity\2021.2.8f1\Editor\Unity.exe
-adb2
-batchMode
-noUpm
-name
AssetImportWorker13
-projectPath
C:/Users/49157/Dropbox/Mein PC (LAPTOP-G1C5OG0U)/Documents/GitHub/29Jan
-logFile
Logs/AssetImportWorker13.log
-srvPort
59938
Successfully changed project path to: C:/Users/49157/Dropbox/Mein PC (LAPTOP-G1C5OG0U)/Documents/GitHub/29Jan
C:/Users/49157/Dropbox/Mein PC (LAPTOP-G1C5OG0U)/Documents/GitHub/29Jan
[UnityMemory] Configuration Parameters - Can be set up in boot.config
    "memorysetup-bucket-allocator-granularity=16"
    "memorysetup-bucket-allocator-bucket-count=8"
    "memorysetup-bucket-allocator-block-size=33554432"
    "memorysetup-bucket-allocator-block-count=8"
    "memorysetup-main-allocator-block-size=16777216"
    "memorysetup-thread-allocator-block-size=16777216"
    "memorysetup-gfx-main-allocator-block-size=16777216"
    "memorysetup-gfx-thread-allocator-block-size=16777216"
    "memorysetup-cache-allocator-block-size=4194304"
    "memorysetup-typetree-allocator-block-size=2097152"
    "memorysetup-profiler-bucket-allocator-granularity=16"
    "memorysetup-profiler-bucket-allocator-bucket-count=8"
    "memorysetup-profiler-bucket-allocator-block-size=33554432"
    "memorysetup-profiler-bucket-allocator-block-count=8"
    "memorysetup-profiler-allocator-block-size=16777216"
    "memorysetup-profiler-editor-allocator-block-size=1048576"
    "memorysetup-temp-allocator-size-main=16777216"
    "memorysetup-job-temp-allocator-block-size=2097152"
    "memorysetup-job-temp-allocator-block-size-background=1048576"
    "memorysetup-job-temp-allocator-reduction-small-platforms=262144"
    "memorysetup-temp-allocator-size-background-worker=32768"
    "memorysetup-temp-allocator-size-job-worker=262144"
    "memorysetup-temp-allocator-size-preload-manager=33554432"
    "memorysetup-temp-allocator-size-nav-mesh-worker=65536"
    "memorysetup-temp-allocator-size-audio-worker=65536"
    "memorysetup-temp-allocator-size-cloud-worker=32768"
    "memorysetup-temp-allocator-size-gi-baking-worker=262144"
    "memorysetup-temp-allocator-size-gfx=262144"
Refreshing native plugins compatible for Editor in 161.14 ms, found 8 plugins.
Preloading 0 native plugins for Editor in 0.00 ms.
Initialize engine version: 2021.2.8f1 (d0e5f0a7b06a)
[Subsystems] Discovering subsystems at path C:/Users/49157/Desktop/Unity/2021.2.8f1/Editor/Data/Resources/UnitySubsystems
[Subsystems] Discovering subsystems at path C:/Users/49157/Dropbox/Mein PC (LAPTOP-G1C5OG0U)/Documents/GitHub/29Jan/Assets
GfxDevice: creating device client; threaded=0; jobified=0
Direct3D:
    Version:  Direct3D 11.0 [level 11.1]
    Renderer: NVIDIA GeForce GTX 1660 Ti with Max-Q Design (ID=0x2191)
    Vendor:   NVIDIA
    VRAM:     5991 MB
    Driver:   27.21.14.6280
Initialize mono
Mono path[0] = 'C:/Users/49157/Desktop/Unity/2021.2.8f1/Editor/Data/Managed'
Mono path[1] = 'C:/Users/49157/Desktop/Unity/2021.2.8f1/Editor/Data/MonoBleedingEdge/lib/mono/unityjit-win32'
Mono config path = 'C:/Users/49157/Desktop/Unity/2021.2.8f1/Editor/Data/MonoBleedingEdge/etc'
Using monoOptions --debugger-agent=transport=dt_socket,embedding=1,server=y,suspend=n,address=127.0.0.1:56752
Begin MonoManager ReloadAssembly
Registering precompiled unity dll's ...
Register platform support module: C:/Users/49157/Desktop/Unity/2021.2.8f1/Editor/Data/PlaybackEngines/WindowsStandaloneSupport/UnityEditor.WindowsStandalone.Extensions.dll
Registered in 0.009121 seconds.
Native extension for WindowsStandalone target not found
Refreshing native plugins compatible for Editor in 143.87 ms, found 8 plugins.
Preloading 0 native plugins for Editor in 0.00 ms.
Mono: successfully reloaded assembly
- Completed reload, in  0.762 seconds
Domain Reload Profiling:
	ReloadAssembly (763ms)
		BeginReloadAssembly (92ms)
			ExecutionOrderSort (0ms)
			DisableScriptedObjects (0ms)
			BackupInstance (0ms)
			ReleaseScriptingObjects (0ms)
			CreateAndSetChildDomain (1ms)
		EndReloadAssembly (586ms)
			LoadAssemblies (90ms)
			RebuildTransferFunctionScriptingTraits (0ms)
			SetupTypeCache (111ms)
			ReleaseScriptCaches (0ms)
			RebuildScriptCaches (34ms)
			SetupLoadedEditorAssemblies (377ms)
				LogAssemblyErrors (0ms)
				InitializePlatformSupportModulesInManaged (18ms)
				SetLoadedEditorAssemblies (0ms)
				RefreshPlugins (144ms)
				BeforeProcessingInitializeOnLoad (1ms)
				ProcessInitializeOnLoadAttributes (163ms)
				ProcessInitializeOnLoadMethodAttributes (50ms)
				AfterProcessingInitializeOnLoad (0ms)
				EditorAssembliesLoaded (0ms)
			ExecutionOrderSort2 (0ms)
			AwakeInstancesAfterBackupRestoration (0ms)
Platform modules already initialized, skipping
Registering precompiled user dll's ...
Registered in 0.024726 seconds.
Begin MonoManager ReloadAssembly
Symbol file LoadedFromMemory doesn't match image C:\Users\49157\Dropbox\Mein PC (LAPTOP-G1C5OG0U)\Documents\GitHub\29Jan\Library\PackageCache\com.unity.visualscripting@1.7.6\Editor\VisualScripting.Core\Dependencies\DotNetZip\Unity.VisualScripting.IonicZip.dll
Symbol file LoadedFromMemory doesn't match image C:\Users\49157\Dropbox\Mein PC (LAPTOP-G1C5OG0U)\Documents\GitHub\29Jan\Library\PackageCache\com.unity.visualscripting@1.7.6\Editor\VisualScripting.Core\Dependencies\YamlDotNet\Unity.VisualScripting.YamlDotNet.dll
Native extension for WindowsStandalone target not found
Refreshing native plugins compatible for Editor in 144.63 ms, found 8 plugins.
Preloading 0 native plugins for Editor in 0.00 ms.
Package Manager log level set to [2]
Mono: successfully reloaded assembly
- Completed reload, in  3.066 seconds
Domain Reload Profiling:
	ReloadAssembly (3067ms)
		BeginReloadAssembly (144ms)
			ExecutionOrderSort (0ms)
			DisableScriptedObjects (6ms)
			BackupInstance (0ms)
			ReleaseScriptingObjects (0ms)
			CreateAndSetChildDomain (21ms)
		EndReloadAssembly (2794ms)
			LoadAssemblies (258ms)
			RebuildTransferFunctionScriptingTraits (0ms)
			SetupTypeCache (335ms)
			ReleaseScriptCaches (1ms)
			RebuildScriptCaches (95ms)
			SetupLoadedEditorAssemblies (2073ms)
				LogAssemblyErrors (0ms)
				InitializePlatformSupportModulesInManaged (12ms)
				SetLoadedEditorAssemblies (0ms)
				RefreshPlugins (145ms)
				BeforeProcessingInitializeOnLoad (164ms)
				ProcessInitializeOnLoadAttributes (1634ms)
				ProcessInitializeOnLoadMethodAttributes (108ms)
				AfterProcessingInitializeOnLoad (10ms)
				EditorAssembliesLoaded (0ms)
			ExecutionOrderSort2 (0ms)
			AwakeInstancesAfterBackupRestoration (6ms)
Platform modules already initialized, skipping
========================================================================
Worker process is ready to serve import requests
Launched and connected shader compiler UnityShaderCompiler.exe after 0.06 seconds
Refreshing native plugins compatible for Editor in 1.54 ms, found 8 plugins.
Preloading 0 native plugins for Editor in 0.00 ms.
Unloading 6299 Unused Serialized files (Serialized files now loaded: 0)
Unloading 201 unused Assets / (414.7 KB). Loaded Objects now: 6714.
Memory consumption went from 255.9 MB to 255.5 MB.
Total: 6.088400 ms (FindLiveObjects: 0.717000 ms CreateObjectMapping: 0.456900 ms MarkObjects: 4.508900 ms  DeleteObjects: 0.403600 ms)

AssetImportParameters requested are different than current active one (requested -> active):
  custom:video-decoder-ogg-theora: a1e56fd34408186e4bbccfd4996cb3dc -> 
  custom:container-muxer-webm: aa71ff27fc2769a1b78a27578f13a17b -> 
  custom:container-demuxer-webm: 4f35f7cbe854078d1ac9338744f61a02 -> 
  custom:video-encoder-webm-vp8: eb34c28f22e8b96e1ab97ce403110664 -> 
  custom:video-codec-MediaFoundation-h265: 746d11721c4dcdbdad8f713fa42b33f4 -> 
  custom:audio-encoder-webm-vorbis: bf7c407c2cedff20999df2af8eb42d56 -> 
  custom:framework-win-MediaFoundation: 216162199b28c13a410421893ffa2e32 -> 
  custom:container-demuxer-ogg: 62fdf1f143b41e24485cea50d1cbac27 -> 
  custom:video-decoder-webm-vp8: 9c59270c3fd7afecdb556c50c9e8de78 -> 
  custom:audio-decoder-ogg-vorbis: bf7c407c2cedff20999df2af8eb42d56 -> 
========================================================================
Received Import Request.
  Time since last request: 269235.850588 seconds.
  path: Assets/Materials/PaintedMetal006_4K-JPG 1/PaintedMetal006_4K_Metalness.jpg
  artifactKey: Guid(215255d46f50b6b4b911a3e0f81c15e2) Importer(815301076,1909f56bfc062723c751e8b465ee728b)
Start importing Assets/Materials/PaintedMetal006_4K-JPG 1/PaintedMetal006_4K_Metalness.jpg using Guid(215255d46f50b6b4b911a3e0f81c15e2) Importer(815301076,1909f56bfc062723c751e8b465ee728b)  -> (artifact id: '55327327858f32eac445dbccb2bfab1b') in 0.662974 seconds 
========================================================================
Received Import Request.
  Time since last request: 9.998931 seconds.
  path: Assets/Materials/Tiles007_4K-JPG/Tiles007_4K_NormalDX.jpg
  artifactKey: Guid(d670785b289eb7940a2291a9c4c00309) Importer(815301076,1909f56bfc062723c751e8b465ee728b)
Start importing Assets/Materials/Tiles007_4K-JPG/Tiles007_4K_NormalDX.jpg using Guid(d670785b289eb7940a2291a9c4c00309) Importer(815301076,1909f56bfc062723c751e8b465ee728b)  -> (artifact id: '873b66668dd5a474d22ce2c1fbe729ba') in 0.280469 seconds 
========================================================================
Received Import Request.
  Time since last request: 0.000043 seconds.
  path: Assets/Materials/Tiles007_4K-JPG/Tiles007_4K_Roughness.jpg
  artifactKey: Guid(d815974e7c750204a894b86c0b7305cd) Importer(815301076,1909f56bfc062723c751e8b465ee728b)
Start importing Assets/Materials/Tiles007_4K-JPG/Tiles007_4K_Roughness.jpg using Guid(d815974e7c750204a894b86c0b7305cd) Importer(815301076,1909f56bfc062723c751e8b465ee728b)  -> (artifact id: '922b5c8a930547ad02926011c1e7d762') in 0.124169 seconds 
========================================================================
Received Import Request.
  Time since last request: 6.831050 seconds.
  path: Assets/Materials/Metal006_4K-JPG(1)/Metal006_4K_NormalDX.jpg
  artifactKey: Guid(06cc4e0878d4e7e4ca485ac887091d87) Importer(815301076,1909f56bfc062723c751e8b465ee728b)
Start importing Assets/Materials/Metal006_4K-JPG(1)/Metal006_4K_NormalDX.jpg using Guid(06cc4e0878d4e7e4ca485ac887091d87) Importer(815301076,1909f56bfc062723c751e8b465ee728b)  -> (artifact id: 'b5edb886904ff8b1915840386d0a75e9') in 0.183888 seconds 
========================================================================
Received Import Request.
  Time since last request: 0.000037 seconds.
  path: Assets/Materials/Metal006_4K-JPG(1)/Metal006_4K_NormalGL.jpg
  artifactKey: Guid(370c5b4aef210a34789369e61a85161e) Importer(815301076,1909f56bfc062723c751e8b465ee728b)
Start importing Assets/Materials/Metal006_4K-JPG(1)/Metal006_4K_NormalGL.jpg using Guid(370c5b4aef210a34789369e61a85161e) Importer(815301076,1909f56bfc062723c751e8b465ee728b)  -> (artifact id: '3b056fae3746627301da80dafc77b801') in 0.136561 seconds 
========================================================================
Received Import Request.
  Time since last request: 16.551561 seconds.
  path: Assets/Materials/Metal010_4K-JPG/Metal010_4K_NormalDX.jpg
  artifactKey: Guid(2e96aaa435acca341bef95b49f7c7762) Importer(815301076,1909f56bfc062723c751e8b465ee728b)
Start importing Assets/Materials/Metal010_4K-JPG/Metal010_4K_NormalDX.jpg using Guid(2e96aaa435acca341bef95b49f7c7762) Importer(815301076,1909f56bfc062723c751e8b465ee728b)  -> (artifact id: 'd8910b9cbf91e89a7a718cfc23ddde9e') in 0.276648 seconds 
========================================================================
Received Import Request.
  Time since last request: 0.000074 seconds.
  path: Assets/Materials/Metal010_4K-JPG/Metal010_4K_NormalGL.jpg
  artifactKey: Guid(b25d8f38c1195c6438411b0976cac1a7) Importer(815301076,1909f56bfc062723c751e8b465ee728b)
Start importing Assets/Materials/Metal010_4K-JPG/Metal010_4K_NormalGL.jpg using Guid(b25d8f38c1195c6438411b0976cac1a7) Importer(815301076,1909f56bfc062723c751e8b465ee728b)  -> (artifact id: 'e015597e6df85ffb8593bc519b35e166') in 0.110254 seconds 
========================================================================
Received Import Request.
  Time since last request: 14.120101 seconds.
  path: Assets/Materials/Metal015_4K-JPG/Metal015_4K_NormalDX.jpg
  artifactKey: Guid(aaaedb2428fc24d40878321dad25e136) Importer(815301076,1909f56bfc062723c751e8b465ee728b)
Start importing Assets/Materials/Metal015_4K-JPG/Metal015_4K_NormalDX.jpg using Guid(aaaedb2428fc24d40878321dad25e136) Importer(815301076,1909f56bfc062723c751e8b465ee728b)  -> (artifact id: '695006727de07bd5726e92281bc64d82') in 0.266990 seconds 
========================================================================
Received Import Request.
  Time since last request: 0.000036 seconds.
  path: Assets/Materials/Metal015_4K-JPG/Metal015_4K_Roughness.jpg
  artifactKey: Guid(03a808ed382d86749903f7a515a36d77) Importer(815301076,1909f56bfc062723c751e8b465ee728b)
Start importing Assets/Materials/Metal015_4K-JPG/Metal015_4K_Roughness.jpg using Guid(03a808ed382d86749903f7a515a36d77) Importer(815301076,1909f56bfc062723c751e8b465ee728b)  -> (artifact id: 'b419a9286f8c2b9cdc2ccc703e29025d') in 0.182915 seconds 
========================================================================
Received Import Request.
  Time since last request: 248.844900 seconds.
  path: Assets/Materials/PaintedPlaster014_4K-JPG/PaintedPlaster014_4K_Color.jpg
  artifactKey: Guid(ef79eb16ce35fae41a9dd2cbcb9f68b1) Importer(815301076,1909f56bfc062723c751e8b465ee728b)
Start importing Assets/Materials/PaintedPlaster014_4K-JPG/PaintedPlaster014_4K_Color.jpg using Guid(ef79eb16ce35fae41a9dd2cbcb9f68b1) Importer(815301076,1909f56bfc062723c751e8b465ee728b)  -> (artifact id: '48a8bf141ccbdb3d708f04307ea58e07') in 0.224491 seconds 
========================================================================
Received Import Request.
  Time since last request: 0.000044 seconds.
  path: Assets/Materials/PaintedPlaster014_4K-JPG/PaintedPlaster014_PREVIEW.jpg
  artifactKey: Guid(47a414f9c5eb85f4f8441a74da1c508e) Importer(815301076,1909f56bfc062723c751e8b465ee728b)
Start importing Assets/Materials/PaintedPlaster014_4K-JPG/PaintedPlaster014_PREVIEW.jpg using Guid(47a414f9c5eb85f4f8441a74da1c508e) Importer(815301076,1909f56bfc062723c751e8b465ee728b)  -> (artifact id: '1804196d0786d6ce22569c619998053b') in 0.083329 seconds 
========================================================================
Received Import Request.
  Time since last request: 0.000042 seconds.
  path: Assets/Materials/PaintedPlaster014_4K-JPG/PaintedPlaster014_4K_NormalGL.jpg
  artifactKey: Guid(aea6be06c5c5a8642b6e998438705ff5) Importer(815301076,1909f56bfc062723c751e8b465ee728b)
Start importing Assets/Materials/PaintedPlaster014_4K-JPG/PaintedPlaster014_4K_NormalGL.jpg using Guid(aea6be06c5c5a8642b6e998438705ff5) Importer(815301076,1909f56bfc062723c751e8b465ee728b)  -> (artifact id: '42ed0d6af1e853887fe203da215938fb') in 0.200151 seconds 
========================================================================
Received Import Request.
  Time since last request: 0.000041 seconds.
  path: Assets/Materials/PaintedPlaster014_4K-JPG/PaintedPlaster014_4K_NormalDX.jpg
  artifactKey: Guid(bcba1e1a84421154e968c963567da77f) Importer(815301076,1909f56bfc062723c751e8b465ee728b)
Start importing Assets/Materials/PaintedPlaster014_4K-JPG/PaintedPlaster014_4K_NormalDX.jpg using Guid(bcba1e1a84421154e968c963567da77f) Importer(815301076,1909f56bfc062723c751e8b465ee728b)  -> (artifact id: '3f8c566170f8b566226a866ad56be72b') in 0.119451 seconds 
Editor requested this worker to shutdown with reason: Scaling down because of idle timeout
AssetImportWorker is now disconnected from the server
Process exiting
Exiting without the bug reporter. Application will terminate with return code 0