Using pre-set license
Built from '2021.2/staging' branch; Version is '2021.2.8f1 (d0e5f0a7b06a) revision 13690352'; Using compiler version '192829333'; Build Type 'Release'
OS: 'Windows 10  (10.0.19042) 64bit Core' Language: 'de' Physical Memory: 15731 MB
BatchMode: 1, IsHumanControllingUs: 0, StartBugReporterOnCrash: 0, Is64bit: 1, IsPro: 0

COMMAND LINE ARGUMENTS:
C:\Users\49157\Desktop\Unity\2021.2.8f1\Editor\Unity.exe
-adb2
-batchMode
-noUpm
-name
AssetImportWorker12
-projectPath
C:/Users/49157/Dropbox/Mein PC (LAPTOP-G1C5OG0U)/Documents/GitHub/29Jan
-logFile
Logs/AssetImportWorker12.log
-srvPort
59938
Successfully changed project path to: C:/Users/49157/Dropbox/Mein PC (LAPTOP-G1C5OG0U)/Documents/GitHub/29Jan
C:/Users/49157/Dropbox/Mein PC (LAPTOP-G1C5OG0U)/Documents/GitHub/29Jan
[UnityMemory] Configuration Parameters - Can be set up in boot.config
    "memorysetup-bucket-allocator-granularity=16"
    "memorysetup-bucket-allocator-bucket-count=8"
    "memorysetup-bucket-allocator-block-size=33554432"
    "memorysetup-bucket-allocator-block-count=8"
    "memorysetup-main-allocator-block-size=16777216"
    "memorysetup-thread-allocator-block-size=16777216"
    "memorysetup-gfx-main-allocator-block-size=16777216"
    "memorysetup-gfx-thread-allocator-block-size=16777216"
    "memorysetup-cache-allocator-block-size=4194304"
    "memorysetup-typetree-allocator-block-size=2097152"
    "memorysetup-profiler-bucket-allocator-granularity=16"
    "memorysetup-profiler-bucket-allocator-bucket-count=8"
    "memorysetup-profiler-bucket-allocator-block-size=33554432"
    "memorysetup-profiler-bucket-allocator-block-count=8"
    "memorysetup-profiler-allocator-block-size=16777216"
    "memorysetup-profiler-editor-allocator-block-size=1048576"
    "memorysetup-temp-allocator-size-main=16777216"
    "memorysetup-job-temp-allocator-block-size=2097152"
    "memorysetup-job-temp-allocator-block-size-background=1048576"
    "memorysetup-job-temp-allocator-reduction-small-platforms=262144"
    "memorysetup-temp-allocator-size-background-worker=32768"
    "memorysetup-temp-allocator-size-job-worker=262144"
    "memorysetup-temp-allocator-size-preload-manager=33554432"
    "memorysetup-temp-allocator-size-nav-mesh-worker=65536"
    "memorysetup-temp-allocator-size-audio-worker=65536"
    "memorysetup-temp-allocator-size-cloud-worker=32768"
    "memorysetup-temp-allocator-size-gi-baking-worker=262144"
    "memorysetup-temp-allocator-size-gfx=262144"
Refreshing native plugins compatible for Editor in 169.60 ms, found 8 plugins.
Preloading 0 native plugins for Editor in 0.00 ms.
Initialize engine version: 2021.2.8f1 (d0e5f0a7b06a)
[Subsystems] Discovering subsystems at path C:/Users/49157/Desktop/Unity/2021.2.8f1/Editor/Data/Resources/UnitySubsystems
[Subsystems] Discovering subsystems at path C:/Users/49157/Dropbox/Mein PC (LAPTOP-G1C5OG0U)/Documents/GitHub/29Jan/Assets
GfxDevice: creating device client; threaded=0; jobified=0
Direct3D:
    Version:  Direct3D 11.0 [level 11.1]
    Renderer: NVIDIA GeForce GTX 1660 Ti with Max-Q Design (ID=0x2191)
    Vendor:   NVIDIA
    VRAM:     5991 MB
    Driver:   27.21.14.6280
Initialize mono
Mono path[0] = 'C:/Users/49157/Desktop/Unity/2021.2.8f1/Editor/Data/Managed'
Mono path[1] = 'C:/Users/49157/Desktop/Unity/2021.2.8f1/Editor/Data/MonoBleedingEdge/lib/mono/unityjit-win32'
Mono config path = 'C:/Users/49157/Desktop/Unity/2021.2.8f1/Editor/Data/MonoBleedingEdge/etc'
Using monoOptions --debugger-agent=transport=dt_socket,embedding=1,server=y,suspend=n,address=127.0.0.1:56900
Begin MonoManager ReloadAssembly
Registering precompiled unity dll's ...
Register platform support module: C:/Users/49157/Desktop/Unity/2021.2.8f1/Editor/Data/PlaybackEngines/WindowsStandaloneSupport/UnityEditor.WindowsStandalone.Extensions.dll
Registered in 0.009166 seconds.
Native extension for WindowsStandalone target not found
Refreshing native plugins compatible for Editor in 155.67 ms, found 8 plugins.
Preloading 0 native plugins for Editor in 0.00 ms.
Mono: successfully reloaded assembly
- Completed reload, in  0.780 seconds
Domain Reload Profiling:
	ReloadAssembly (781ms)
		BeginReloadAssembly (99ms)
			ExecutionOrderSort (0ms)
			DisableScriptedObjects (0ms)
			BackupInstance (0ms)
			ReleaseScriptingObjects (0ms)
			CreateAndSetChildDomain (1ms)
		EndReloadAssembly (597ms)
			LoadAssemblies (97ms)
			RebuildTransferFunctionScriptingTraits (0ms)
			SetupTypeCache (109ms)
			ReleaseScriptCaches (0ms)
			RebuildScriptCaches (35ms)
			SetupLoadedEditorAssemblies (384ms)
				LogAssemblyErrors (0ms)
				InitializePlatformSupportModulesInManaged (19ms)
				SetLoadedEditorAssemblies (0ms)
				RefreshPlugins (156ms)
				BeforeProcessingInitializeOnLoad (1ms)
				ProcessInitializeOnLoadAttributes (158ms)
				ProcessInitializeOnLoadMethodAttributes (51ms)
				AfterProcessingInitializeOnLoad (0ms)
				EditorAssembliesLoaded (0ms)
			ExecutionOrderSort2 (0ms)
			AwakeInstancesAfterBackupRestoration (0ms)
Platform modules already initialized, skipping
Registering precompiled user dll's ...
Registered in 0.024174 seconds.
Begin MonoManager ReloadAssembly
Symbol file LoadedFromMemory doesn't match image C:\Users\49157\Dropbox\Mein PC (LAPTOP-G1C5OG0U)\Documents\GitHub\29Jan\Library\PackageCache\com.unity.visualscripting@1.7.6\Editor\VisualScripting.Core\Dependencies\DotNetZip\Unity.VisualScripting.IonicZip.dll
Symbol file LoadedFromMemory doesn't match image C:\Users\49157\Dropbox\Mein PC (LAPTOP-G1C5OG0U)\Documents\GitHub\29Jan\Library\PackageCache\com.unity.visualscripting@1.7.6\Editor\VisualScripting.Core\Dependencies\YamlDotNet\Unity.VisualScripting.YamlDotNet.dll
Native extension for WindowsStandalone target not found
Refreshing native plugins compatible for Editor in 147.63 ms, found 8 plugins.
Preloading 0 native plugins for Editor in 0.00 ms.
Package Manager log level set to [2]
Mono: successfully reloaded assembly
- Completed reload, in  3.047 seconds
Domain Reload Profiling:
	ReloadAssembly (3048ms)
		BeginReloadAssembly (143ms)
			ExecutionOrderSort (0ms)
			DisableScriptedObjects (7ms)
			BackupInstance (0ms)
			ReleaseScriptingObjects (0ms)
			CreateAndSetChildDomain (23ms)
		EndReloadAssembly (2791ms)
			LoadAssemblies (245ms)
			RebuildTransferFunctionScriptingTraits (0ms)
			SetupTypeCache (340ms)
			ReleaseScriptCaches (1ms)
			RebuildScriptCaches (93ms)
			SetupLoadedEditorAssemblies (2076ms)
				LogAssemblyErrors (0ms)
				InitializePlatformSupportModulesInManaged (12ms)
				SetLoadedEditorAssemblies (0ms)
				RefreshPlugins (148ms)
				BeforeProcessingInitializeOnLoad (165ms)
				ProcessInitializeOnLoadAttributes (1620ms)
				ProcessInitializeOnLoadMethodAttributes (121ms)
				AfterProcessingInitializeOnLoad (8ms)
				EditorAssembliesLoaded (0ms)
			ExecutionOrderSort2 (0ms)
			AwakeInstancesAfterBackupRestoration (6ms)
Platform modules already initialized, skipping
========================================================================
Worker process is ready to serve import requests
Launched and connected shader compiler UnityShaderCompiler.exe after 0.06 seconds
Refreshing native plugins compatible for Editor in 2.23 ms, found 8 plugins.
Preloading 0 native plugins for Editor in 0.00 ms.
Unloading 6299 Unused Serialized files (Serialized files now loaded: 0)
Unloading 201 unused Assets / (414.7 KB). Loaded Objects now: 6714.
Memory consumption went from 255.9 MB to 255.5 MB.
Total: 6.726400 ms (FindLiveObjects: 0.658000 ms CreateObjectMapping: 0.517600 ms MarkObjects: 4.988800 ms  DeleteObjects: 0.557700 ms)

AssetImportParameters requested are different than current active one (requested -> active):
  custom:video-decoder-ogg-theora: a1e56fd34408186e4bbccfd4996cb3dc -> 
  custom:container-muxer-webm: aa71ff27fc2769a1b78a27578f13a17b -> 
  custom:container-demuxer-webm: 4f35f7cbe854078d1ac9338744f61a02 -> 
  custom:video-encoder-webm-vp8: eb34c28f22e8b96e1ab97ce403110664 -> 
  custom:video-codec-MediaFoundation-h265: 746d11721c4dcdbdad8f713fa42b33f4 -> 
  custom:audio-encoder-webm-vorbis: bf7c407c2cedff20999df2af8eb42d56 -> 
  custom:framework-win-MediaFoundation: 216162199b28c13a410421893ffa2e32 -> 
  custom:container-demuxer-ogg: 62fdf1f143b41e24485cea50d1cbac27 -> 
  custom:video-decoder-webm-vp8: 9c59270c3fd7afecdb556c50c9e8de78 -> 
  custom:audio-decoder-ogg-vorbis: bf7c407c2cedff20999df2af8eb42d56 -> 
========================================================================
Received Import Request.
  Time since last request: 269235.850156 seconds.
  path: Assets/Materials/PaintedMetal006_4K-JPG 1/PaintedMetal006_4K_Color.jpg
  artifactKey: Guid(6c874709b4caad942b0037bb634a68a9) Importer(815301076,1909f56bfc062723c751e8b465ee728b)
Start importing Assets/Materials/PaintedMetal006_4K-JPG 1/PaintedMetal006_4K_Color.jpg using Guid(6c874709b4caad942b0037bb634a68a9) Importer(815301076,1909f56bfc062723c751e8b465ee728b)  -> (artifact id: '3279eccdda8c583ba1e6833cc93693c3') in 0.602148 seconds 
========================================================================
Received Import Request.
  Time since last request: 10.058045 seconds.
  path: Assets/Materials/Tiles007_4K-JPG/Tiles007_4K_Color.jpg
  artifactKey: Guid(0038bff2eca1ef2418feec4b61ee7f85) Importer(815301076,1909f56bfc062723c751e8b465ee728b)
Start importing Assets/Materials/Tiles007_4K-JPG/Tiles007_4K_Color.jpg using Guid(0038bff2eca1ef2418feec4b61ee7f85) Importer(815301076,1909f56bfc062723c751e8b465ee728b)  -> (artifact id: '988b37b49eef284e1711d87f76cc63df') in 0.292479 seconds 
========================================================================
Received Import Request.
  Time since last request: 6.957727 seconds.
  path: Assets/Materials/Metal006_4K-JPG(1)/Metal006_4K_Displacement.jpg
  artifactKey: Guid(7078e5588c6b83b4fab6c5aace6f69bb) Importer(815301076,1909f56bfc062723c751e8b465ee728b)
Start importing Assets/Materials/Metal006_4K-JPG(1)/Metal006_4K_Displacement.jpg using Guid(7078e5588c6b83b4fab6c5aace6f69bb) Importer(815301076,1909f56bfc062723c751e8b465ee728b)  -> (artifact id: 'edec6d1cd172b0949e96dbb010e9d016') in 0.186386 seconds 
========================================================================
Received Import Request.
  Time since last request: 0.000037 seconds.
  path: Assets/Materials/Metal006_4K-JPG(1)/Metal006_4K_Roughness.jpg
  artifactKey: Guid(6bad91e1d19cdf4418372fc66ae5547e) Importer(815301076,1909f56bfc062723c751e8b465ee728b)
Start importing Assets/Materials/Metal006_4K-JPG(1)/Metal006_4K_Roughness.jpg using Guid(6bad91e1d19cdf4418372fc66ae5547e) Importer(815301076,1909f56bfc062723c751e8b465ee728b)  -> (artifact id: 'a028e5424dd9110806e0d734d0d75a72') in 0.148547 seconds 
========================================================================
Received Import Request.
  Time since last request: 16.535308 seconds.
  path: Assets/Materials/Metal010_4K-JPG/Metal010_4K_Displacement.jpg
  artifactKey: Guid(e753d3da9becca64cafa0a53bc441d16) Importer(815301076,1909f56bfc062723c751e8b465ee728b)
Start importing Assets/Materials/Metal010_4K-JPG/Metal010_4K_Displacement.jpg using Guid(e753d3da9becca64cafa0a53bc441d16) Importer(815301076,1909f56bfc062723c751e8b465ee728b)  -> (artifact id: 'fe579bc0d429590968a75556f8c11c73') in 0.285573 seconds 
========================================================================
Received Import Request.
  Time since last request: 0.000076 seconds.
  path: Assets/Materials/Metal010_4K-JPG/Metal010_PREVIEW.jpg
  artifactKey: Guid(e2618b5f4a7f5da499a698ebd15ef11d) Importer(815301076,1909f56bfc062723c751e8b465ee728b)
Start importing Assets/Materials/Metal010_4K-JPG/Metal010_PREVIEW.jpg using Guid(e2618b5f4a7f5da499a698ebd15ef11d) Importer(815301076,1909f56bfc062723c751e8b465ee728b)  -> (artifact id: '90a7ec9b7839243f174d70400db82153') in 0.081086 seconds 
========================================================================
Received Import Request.
  Time since last request: 14.135267 seconds.
  path: Assets/Materials/Metal015_4K-JPG/Metal015_4K_Displacement.jpg
  artifactKey: Guid(71e28b9ce5c83f548858202d42a9adbf) Importer(815301076,1909f56bfc062723c751e8b465ee728b)
Start importing Assets/Materials/Metal015_4K-JPG/Metal015_4K_Displacement.jpg using Guid(71e28b9ce5c83f548858202d42a9adbf) Importer(815301076,1909f56bfc062723c751e8b465ee728b)  -> (artifact id: '26da99af3dfc809d53d6f8a5b2d5bfb3') in 0.326393 seconds 
Editor requested this worker to shutdown with reason: Scaling down because of idle timeout
AssetImportWorker is now disconnected from the server
Process exiting
Exiting without the bug reporter. Application will terminate with return code 0