Using pre-set license
Built from '2021.2/staging' branch; Version is '2021.2.8f1 (d0e5f0a7b06a) revision 13690352'; Using compiler version '192829333'; Build Type 'Release'
OS: 'Windows 10  (10.0.19042) 64bit Core' Language: 'de' Physical Memory: 15731 MB
BatchMode: 1, IsHumanControllingUs: 0, StartBugReporterOnCrash: 0, Is64bit: 1, IsPro: 0

COMMAND LINE ARGUMENTS:
C:\Users\49157\Desktop\Unity\2021.2.8f1\Editor\Unity.exe
-adb2
-batchMode
-noUpm
-name
AssetImportWorker5
-projectPath
C:/Users/49157/Dropbox/Mein PC (LAPTOP-G1C5OG0U)/Documents/GitHub/29Jan
-logFile
Logs/AssetImportWorker5.log
-srvPort
58496
Successfully changed project path to: C:/Users/49157/Dropbox/Mein PC (LAPTOP-G1C5OG0U)/Documents/GitHub/29Jan
C:/Users/49157/Dropbox/Mein PC (LAPTOP-G1C5OG0U)/Documents/GitHub/29Jan
[UnityMemory] Configuration Parameters - Can be set up in boot.config
    "memorysetup-bucket-allocator-granularity=16"
    "memorysetup-bucket-allocator-bucket-count=8"
    "memorysetup-bucket-allocator-block-size=33554432"
    "memorysetup-bucket-allocator-block-count=8"
    "memorysetup-main-allocator-block-size=16777216"
    "memorysetup-thread-allocator-block-size=16777216"
    "memorysetup-gfx-main-allocator-block-size=16777216"
    "memorysetup-gfx-thread-allocator-block-size=16777216"
    "memorysetup-cache-allocator-block-size=4194304"
    "memorysetup-typetree-allocator-block-size=2097152"
    "memorysetup-profiler-bucket-allocator-granularity=16"
    "memorysetup-profiler-bucket-allocator-bucket-count=8"
    "memorysetup-profiler-bucket-allocator-block-size=33554432"
    "memorysetup-profiler-bucket-allocator-block-count=8"
    "memorysetup-profiler-allocator-block-size=16777216"
    "memorysetup-profiler-editor-allocator-block-size=1048576"
    "memorysetup-temp-allocator-size-main=16777216"
    "memorysetup-job-temp-allocator-block-size=2097152"
    "memorysetup-job-temp-allocator-block-size-background=1048576"
    "memorysetup-job-temp-allocator-reduction-small-platforms=262144"
    "memorysetup-temp-allocator-size-background-worker=32768"
    "memorysetup-temp-allocator-size-job-worker=262144"
    "memorysetup-temp-allocator-size-preload-manager=33554432"
    "memorysetup-temp-allocator-size-nav-mesh-worker=65536"
    "memorysetup-temp-allocator-size-audio-worker=65536"
    "memorysetup-temp-allocator-size-cloud-worker=32768"
    "memorysetup-temp-allocator-size-gi-baking-worker=262144"
    "memorysetup-temp-allocator-size-gfx=262144"
Refreshing native plugins compatible for Editor in 206.96 ms, found 8 plugins.
Preloading 0 native plugins for Editor in 0.00 ms.
Initialize engine version: 2021.2.8f1 (d0e5f0a7b06a)
[Subsystems] Discovering subsystems at path C:/Users/49157/Desktop/Unity/2021.2.8f1/Editor/Data/Resources/UnitySubsystems
[Subsystems] Discovering subsystems at path C:/Users/49157/Dropbox/Mein PC (LAPTOP-G1C5OG0U)/Documents/GitHub/29Jan/Assets
GfxDevice: creating device client; threaded=0; jobified=0
Direct3D:
    Version:  Direct3D 11.0 [level 11.1]
    Renderer: NVIDIA GeForce GTX 1660 Ti with Max-Q Design (ID=0x2191)
    Vendor:   NVIDIA
    VRAM:     5991 MB
    Driver:   27.21.14.6280
Initialize mono
Mono path[0] = 'C:/Users/49157/Desktop/Unity/2021.2.8f1/Editor/Data/Managed'
Mono path[1] = 'C:/Users/49157/Desktop/Unity/2021.2.8f1/Editor/Data/MonoBleedingEdge/lib/mono/unityjit-win32'
Mono config path = 'C:/Users/49157/Desktop/Unity/2021.2.8f1/Editor/Data/MonoBleedingEdge/etc'
Using monoOptions --debugger-agent=transport=dt_socket,embedding=1,server=y,suspend=n,address=127.0.0.1:56076
Begin MonoManager ReloadAssembly
Registering precompiled unity dll's ...
Register platform support module: C:/Users/49157/Desktop/Unity/2021.2.8f1/Editor/Data/PlaybackEngines/WindowsStandaloneSupport/UnityEditor.WindowsStandalone.Extensions.dll
Registered in 0.011965 seconds.
Native extension for WindowsStandalone target not found
Refreshing native plugins compatible for Editor in 162.19 ms, found 8 plugins.
Preloading 0 native plugins for Editor in 0.00 ms.
Mono: successfully reloaded assembly
- Completed reload, in  0.894 seconds
Domain Reload Profiling:
	ReloadAssembly (895ms)
		BeginReloadAssembly (128ms)
			ExecutionOrderSort (0ms)
			DisableScriptedObjects (0ms)
			BackupInstance (0ms)
			ReleaseScriptingObjects (0ms)
			CreateAndSetChildDomain (1ms)
		EndReloadAssembly (666ms)
			LoadAssemblies (125ms)
			RebuildTransferFunctionScriptingTraits (0ms)
			SetupTypeCache (153ms)
			ReleaseScriptCaches (0ms)
			RebuildScriptCaches (41ms)
			SetupLoadedEditorAssemblies (395ms)
				LogAssemblyErrors (0ms)
				InitializePlatformSupportModulesInManaged (23ms)
				SetLoadedEditorAssemblies (0ms)
				RefreshPlugins (162ms)
				BeforeProcessingInitializeOnLoad (1ms)
				ProcessInitializeOnLoadAttributes (157ms)
				ProcessInitializeOnLoadMethodAttributes (51ms)
				AfterProcessingInitializeOnLoad (0ms)
				EditorAssembliesLoaded (0ms)
			ExecutionOrderSort2 (0ms)
			AwakeInstancesAfterBackupRestoration (0ms)
Platform modules already initialized, skipping
Registering precompiled user dll's ...
Registered in 0.023782 seconds.
Begin MonoManager ReloadAssembly
Symbol file LoadedFromMemory doesn't match image C:\Users\49157\Dropbox\Mein PC (LAPTOP-G1C5OG0U)\Documents\GitHub\29Jan\Library\PackageCache\com.unity.visualscripting@1.7.6\Editor\VisualScripting.Core\Dependencies\DotNetZip\Unity.VisualScripting.IonicZip.dll
Symbol file LoadedFromMemory doesn't match image C:\Users\49157\Dropbox\Mein PC (LAPTOP-G1C5OG0U)\Documents\GitHub\29Jan\Library\PackageCache\com.unity.visualscripting@1.7.6\Editor\VisualScripting.Core\Dependencies\YamlDotNet\Unity.VisualScripting.YamlDotNet.dll
Native extension for WindowsStandalone target not found
Refreshing native plugins compatible for Editor in 139.76 ms, found 8 plugins.
Preloading 0 native plugins for Editor in 0.00 ms.
Package Manager log level set to [2]
Mono: successfully reloaded assembly
- Completed reload, in  2.592 seconds
Domain Reload Profiling:
	ReloadAssembly (2593ms)
		BeginReloadAssembly (124ms)
			ExecutionOrderSort (0ms)
			DisableScriptedObjects (5ms)
			BackupInstance (0ms)
			ReleaseScriptingObjects (0ms)
			CreateAndSetChildDomain (22ms)
		EndReloadAssembly (2370ms)
			LoadAssemblies (144ms)
			RebuildTransferFunctionScriptingTraits (0ms)
			SetupTypeCache (312ms)
			ReleaseScriptCaches (1ms)
			RebuildScriptCaches (81ms)
			SetupLoadedEditorAssemblies (1794ms)
				LogAssemblyErrors (0ms)
				InitializePlatformSupportModulesInManaged (12ms)
				SetLoadedEditorAssemblies (0ms)
				RefreshPlugins (140ms)
				BeforeProcessingInitializeOnLoad (157ms)
				ProcessInitializeOnLoadAttributes (1387ms)
				ProcessInitializeOnLoadMethodAttributes (89ms)
				AfterProcessingInitializeOnLoad (8ms)
				EditorAssembliesLoaded (0ms)
			ExecutionOrderSort2 (0ms)
			AwakeInstancesAfterBackupRestoration (5ms)
Platform modules already initialized, skipping
========================================================================
Worker process is ready to serve import requests
Launched and connected shader compiler UnityShaderCompiler.exe after 0.05 seconds
Refreshing native plugins compatible for Editor in 1.54 ms, found 8 plugins.
Preloading 0 native plugins for Editor in 0.00 ms.
Unloading 6299 Unused Serialized files (Serialized files now loaded: 0)
Unloading 201 unused Assets / (414.1 KB). Loaded Objects now: 6714.
Memory consumption went from 255.8 MB to 255.4 MB.
Total: 7.327600 ms (FindLiveObjects: 0.952700 ms CreateObjectMapping: 0.656800 ms MarkObjects: 5.293000 ms  DeleteObjects: 0.422100 ms)

AssetImportParameters requested are different than current active one (requested -> active):
  custom:video-decoder-ogg-theora: a1e56fd34408186e4bbccfd4996cb3dc -> 
  custom:container-muxer-webm: aa71ff27fc2769a1b78a27578f13a17b -> 
  custom:container-demuxer-webm: 4f35f7cbe854078d1ac9338744f61a02 -> 
  custom:video-encoder-webm-vp8: eb34c28f22e8b96e1ab97ce403110664 -> 
  custom:video-codec-MediaFoundation-h265: 746d11721c4dcdbdad8f713fa42b33f4 -> 
  custom:audio-encoder-webm-vorbis: bf7c407c2cedff20999df2af8eb42d56 -> 
  custom:framework-win-MediaFoundation: 216162199b28c13a410421893ffa2e32 -> 
  custom:container-demuxer-ogg: 62fdf1f143b41e24485cea50d1cbac27 -> 
  custom:video-decoder-webm-vp8: 9c59270c3fd7afecdb556c50c9e8de78 -> 
  custom:audio-decoder-ogg-vorbis: bf7c407c2cedff20999df2af8eb42d56 -> 
========================================================================
Received Import Request.
  Time since last request: 170109.644394 seconds.
  path: Assets/Storage Assets Pack/materials/mat_carte_wooden_box.mat
  artifactKey: Guid(da08be1e591978a49bb38211f37e0999) Importer(815301076,1909f56bfc062723c751e8b465ee728b)
Start importing Assets/Storage Assets Pack/materials/mat_carte_wooden_box.mat using Guid(da08be1e591978a49bb38211f37e0999) Importer(815301076,1909f56bfc062723c751e8b465ee728b)  -> (artifact id: 'e86f8de2a403200ccf12907974b720a2') in 0.422740 seconds 
========================================================================
Received Import Request.
  Time since last request: 1.935785 seconds.
  path: Assets/Storage Assets Pack/props/ms_carte_wooden.fbx
  artifactKey: Guid(f6519877b023f9b499ef1cb6d7094cb3) Importer(815301076,1909f56bfc062723c751e8b465ee728b)
Start importing Assets/Storage Assets Pack/props/ms_carte_wooden.fbx using Guid(f6519877b023f9b499ef1cb6d7094cb3) Importer(815301076,1909f56bfc062723c751e8b465ee728b)  -> (artifact id: '06ca72aa6a2492d8f80532d067419653') in 0.073058 seconds 
========================================================================
Received Import Request.
  Time since last request: 0.000053 seconds.
  path: Assets/Storage Assets Pack/props/ms_shadow_plane.fbx
  artifactKey: Guid(121ecbd5423ee9946a3fe87773ce8a52) Importer(815301076,1909f56bfc062723c751e8b465ee728b)
Start importing Assets/Storage Assets Pack/props/ms_shadow_plane.fbx using Guid(121ecbd5423ee9946a3fe87773ce8a52) Importer(815301076,1909f56bfc062723c751e8b465ee728b)  -> (artifact id: 'edef2d7a235d1064d61646a716a86af6') in 0.029223 seconds 
========================================================================
Received Import Request.
  Time since last request: 0.000030 seconds.
  path: Assets/Storage Assets Pack/props/ms_paint_bucket_lod0.fbx
  artifactKey: Guid(86a346198502d3d49a08adcf26815673) Importer(815301076,1909f56bfc062723c751e8b465ee728b)
Start importing Assets/Storage Assets Pack/props/ms_paint_bucket_lod0.fbx using Guid(86a346198502d3d49a08adcf26815673) Importer(815301076,1909f56bfc062723c751e8b465ee728b)  -> (artifact id: 'bf08db2a32509f735e22c127ceeeaf8d') in 0.031704 seconds 
========================================================================
Received Import Request.
  Time since last request: 0.000064 seconds.
  path: Assets/Storage Assets Pack/props/ms_paper_box_open.fbx
  artifactKey: Guid(360fc3154bfeac3469d5a9a851c7428f) Importer(815301076,1909f56bfc062723c751e8b465ee728b)
Start importing Assets/Storage Assets Pack/props/ms_paper_box_open.fbx using Guid(360fc3154bfeac3469d5a9a851c7428f) Importer(815301076,1909f56bfc062723c751e8b465ee728b)  -> (artifact id: 'e77f2079e7f07e8e86bb83c8c9b055b4') in 0.030768 seconds 
========================================================================
Received Import Request.
  Time since last request: 3.236809 seconds.
  path: Assets/Storage Assets Pack/prefabs/ms_carte_wooden.prefab
  artifactKey: Guid(f03493d1943a7d943b79158cf7c6031b) Importer(815301076,1909f56bfc062723c751e8b465ee728b)
Start importing Assets/Storage Assets Pack/prefabs/ms_carte_wooden.prefab using Guid(f03493d1943a7d943b79158cf7c6031b) Importer(815301076,1909f56bfc062723c751e8b465ee728b)  -> (artifact id: 'b45089c965da50e7b81238209a31e52f') in 0.057239 seconds 
========================================================================
Received Import Request.
  Time since last request: 0.000038 seconds.
  path: Assets/Storage Assets Pack/prefabs/ms_paper_box_small_half.prefab
  artifactKey: Guid(4a937439e212fbf4a8928e6d3e6209a4) Importer(815301076,1909f56bfc062723c751e8b465ee728b)
Start importing Assets/Storage Assets Pack/prefabs/ms_paper_box_small_half.prefab using Guid(4a937439e212fbf4a8928e6d3e6209a4) Importer(815301076,1909f56bfc062723c751e8b465ee728b)  -> (artifact id: '363b0622e70f52181e3dc27431b41d95') in 0.058176 seconds 
========================================================================
Received Import Request.
  Time since last request: 0.000043 seconds.
  path: Assets/Storage Assets Pack/prefabs/ms_paper_box_small_close.prefab
  artifactKey: Guid(4243a373508df004cb8456a18d64e888) Importer(815301076,1909f56bfc062723c751e8b465ee728b)
Start importing Assets/Storage Assets Pack/prefabs/ms_paper_box_small_close.prefab using Guid(4243a373508df004cb8456a18d64e888) Importer(815301076,1909f56bfc062723c751e8b465ee728b)  -> (artifact id: 'f640a9afa16be3e86936e9e0a50cc5f6') in 0.056659 seconds 
========================================================================
Received Import Request.
  Time since last request: 0.000056 seconds.
  path: Assets/Storage Assets Pack/prefabs/ms_paper_box_open.prefab
  artifactKey: Guid(6836457e15ce08d488742a0684e0937d) Importer(815301076,1909f56bfc062723c751e8b465ee728b)
Start importing Assets/Storage Assets Pack/prefabs/ms_paper_box_open.prefab using Guid(6836457e15ce08d488742a0684e0937d) Importer(815301076,1909f56bfc062723c751e8b465ee728b)  -> (artifact id: '1739fe5071587382b3d96cf3707ac47a') in 0.068642 seconds 
========================================================================
Received Import Request.
  Time since last request: 1.679509 seconds.
  path: Assets/Settings/UniversalRP-HighQuality.asset
  artifactKey: Guid(19ba41d7c0026c3459d37c2fe90c55a0) Importer(815301076,1909f56bfc062723c751e8b465ee728b)
Start importing Assets/Settings/UniversalRP-HighQuality.asset using Guid(19ba41d7c0026c3459d37c2fe90c55a0) Importer(815301076,1909f56bfc062723c751e8b465ee728b)  -> (artifact id: 'ddc1a65ac17b30d71bf152e73165824f') in 0.006970 seconds 
========================================================================
Received Import Request.
  Time since last request: 4.185457 seconds.
  path: Assets/Pipes/Duct/duct_curved.prefab
  artifactKey: Guid(9376368eef23b13469fbc195a99da385) Importer(815301076,1909f56bfc062723c751e8b465ee728b)
Start importing Assets/Pipes/Duct/duct_curved.prefab using Guid(9376368eef23b13469fbc195a99da385) Importer(815301076,1909f56bfc062723c751e8b465ee728b)  -> (artifact id: '7b72586e230160dea9339dff3a2d8cb1') in 0.024767 seconds 
========================================================================
Received Import Request.
  Time since last request: 0.000054 seconds.
  path: Assets/Pipes/Duct/duct_straight.obj
  artifactKey: Guid(7b6612d57f1eb654ba1107b40061de56) Importer(815301076,1909f56bfc062723c751e8b465ee728b)
Start importing Assets/Pipes/Duct/duct_straight.obj using Guid(7b6612d57f1eb654ba1107b40061de56) Importer(815301076,1909f56bfc062723c751e8b465ee728b)  -> (artifact id: '50ede6fd6d8f4cd584dc9ddff2c72e51') in 0.031517 seconds 
========================================================================
Received Import Request.
  Time since last request: 3.382292 seconds.
  path: Assets/Pipes/Fan/Fan.prefab
  artifactKey: Guid(daa4bab7fa8ec45bea856286af4172f7) Importer(815301076,1909f56bfc062723c751e8b465ee728b)
Start importing Assets/Pipes/Fan/Fan.prefab using Guid(daa4bab7fa8ec45bea856286af4172f7) Importer(815301076,1909f56bfc062723c751e8b465ee728b)  -> (artifact id: 'd99bd4d4e6c9d7fea8750581bc1529bb') in 0.039122 seconds 
========================================================================
Received Import Request.
  Time since last request: 0.372876 seconds.
  path: Assets/Pipes/Fence/fence.prefab
  artifactKey: Guid(ba42315a3e0f54668b19aad700f0b6f2) Importer(815301076,1909f56bfc062723c751e8b465ee728b)
Start importing Assets/Pipes/Fence/fence.prefab using Guid(ba42315a3e0f54668b19aad700f0b6f2) Importer(815301076,1909f56bfc062723c751e8b465ee728b)  -> (artifact id: '9ca7f3152e94e70a28ec5a214667564c') in 0.018108 seconds 
========================================================================
Received Import Request.
  Time since last request: 0.449366 seconds.
  path: Assets/Pipes/Switch/switch.prefab
  artifactKey: Guid(7f223392c241447d3bd42bef045fffba) Importer(815301076,1909f56bfc062723c751e8b465ee728b)
Start importing Assets/Pipes/Switch/switch.prefab using Guid(7f223392c241447d3bd42bef045fffba) Importer(815301076,1909f56bfc062723c751e8b465ee728b)  -> (artifact id: '9bdab6766e654d87c9d525c4cf507d37') in 0.022509 seconds 
========================================================================
Received Import Request.
  Time since last request: 5.192805 seconds.
  path: Assets/ExampleAssets/Prefabs/Workbench.prefab
  artifactKey: Guid(8850d132797ff49298ba781e8e1c9bfe) Importer(815301076,1909f56bfc062723c751e8b465ee728b)
Start importing Assets/ExampleAssets/Prefabs/Workbench.prefab using Guid(8850d132797ff49298ba781e8e1c9bfe) Importer(815301076,1909f56bfc062723c751e8b465ee728b)  -> (artifact id: '2dbc3cf25677130023e37a382c625de8') in 1.299040 seconds 
========================================================================
Received Import Request.
  Time since last request: 0.000054 seconds.
  path: Assets/ExampleAssets/Prefabs/Workbench_LOD1.prefab
  artifactKey: Guid(38d5ecfa2b93c4095b4cc5d4a590e676) Importer(815301076,1909f56bfc062723c751e8b465ee728b)
Start importing Assets/ExampleAssets/Prefabs/Workbench_LOD1.prefab using Guid(38d5ecfa2b93c4095b4cc5d4a590e676) Importer(815301076,1909f56bfc062723c751e8b465ee728b)  -> (artifact id: '3ced08c5ec6698dab644d39ae332e95e') in 0.054357 seconds 
========================================================================
Received Import Request.
  Time since last request: 35.620212 seconds.
  path: Assets/Prefabs/bucket.fbx
  artifactKey: Guid(df804dc6052851a42ad73aa79814634b) Importer(815301076,1909f56bfc062723c751e8b465ee728b)
Start importing Assets/Prefabs/bucket.fbx using Guid(df804dc6052851a42ad73aa79814634b) Importer(815301076,1909f56bfc062723c751e8b465ee728b)  -> (artifact id: 'e9da6b1c07362eef36877ec6688deb4f') in 0.102732 seconds 
========================================================================
Received Import Request.
  Time since last request: 0.000034 seconds.
  path: Assets/Prefabs/camera_fbx.FBX
  artifactKey: Guid(660719d454853b2409f81eafc72f12af) Importer(815301076,1909f56bfc062723c751e8b465ee728b)
Start importing Assets/Prefabs/camera_fbx.FBX using Guid(660719d454853b2409f81eafc72f12af) Importer(815301076,1909f56bfc062723c751e8b465ee728b)  -> (artifact id: '9cbdb38a9752fc4ee1981a13d507af87') in 0.115494 seconds 
========================================================================
Received Import Request.
  Time since last request: 0.000041 seconds.
  path: Assets/Prefabs/Pallet.fbx
  artifactKey: Guid(9084100da931d254499f06768d8af540) Importer(815301076,1909f56bfc062723c751e8b465ee728b)
Start importing Assets/Prefabs/Pallet.fbx using Guid(9084100da931d254499f06768d8af540) Importer(815301076,1909f56bfc062723c751e8b465ee728b)  -> (artifact id: '143c8d05cd7850c9ca01deaacfe44acf') in 0.039148 seconds 
========================================================================
Received Import Request.
  Time since last request: 0.000047 seconds.
  path: Assets/Prefabs/Light_Barrier.fbx
  artifactKey: Guid(109aa0e4c2eb6424098662e8ad9b5e79) Importer(815301076,1909f56bfc062723c751e8b465ee728b)
Start importing Assets/Prefabs/Light_Barrier.fbx using Guid(109aa0e4c2eb6424098662e8ad9b5e79) Importer(815301076,1909f56bfc062723c751e8b465ee728b)  -> (artifact id: 'e1df1b510fd37617d630d6702191b513') in 0.030813 seconds 
========================================================================
Received Import Request.
  Time since last request: 0.000036 seconds.
  path: Assets/Prefabs/museum_fractures.fbx
  artifactKey: Guid(b7e9c89800cbb6b418e05106817e4273) Importer(815301076,1909f56bfc062723c751e8b465ee728b)
Start importing Assets/Prefabs/museum_fractures.fbx using Guid(b7e9c89800cbb6b418e05106817e4273) Importer(815301076,1909f56bfc062723c751e8b465ee728b)  -> (artifact id: 'c9dcd5823ea0baed123a63aed71454b7') in 15.676002 seconds 
========================================================================
Received Import Request.
  Time since last request: 0.956968 seconds.
  path: Assets/ExampleAssets/Models/jigsaw_low.fbx
  artifactKey: Guid(8b73e8872ca76104bbca4ee2b704a1b4) Importer(815301076,1909f56bfc062723c751e8b465ee728b)
Start importing Assets/ExampleAssets/Models/jigsaw_low.fbx using Guid(8b73e8872ca76104bbca4ee2b704a1b4) Importer(815301076,1909f56bfc062723c751e8b465ee728b)  -> (artifact id: 'e815ce909378027cd37085e2800f45d8') in 0.049019 seconds 
========================================================================
Received Import Request.
  Time since last request: 0.000042 seconds.
  path: Assets/ExampleAssets/Models/Workbench.fbx
  artifactKey: Guid(efe9381559c516743bd05cef82f39ebb) Importer(815301076,1909f56bfc062723c751e8b465ee728b)
Start importing Assets/ExampleAssets/Models/Workbench.fbx using Guid(efe9381559c516743bd05cef82f39ebb) Importer(815301076,1909f56bfc062723c751e8b465ee728b)  -> (artifact id: '4efabb7d2a5f3622e706e814bac82b4d') in 0.154751 seconds 
========================================================================
Received Import Request.
  Time since last request: 311.999396 seconds.
  path: Assets/Materials/Wall.mat
  artifactKey: Guid(c1cd3fbdccb32904d990c9ce7e2b19ee) Importer(815301076,1909f56bfc062723c751e8b465ee728b)
Start importing Assets/Materials/Wall.mat using Guid(c1cd3fbdccb32904d990c9ce7e2b19ee) Importer(815301076,1909f56bfc062723c751e8b465ee728b)  -> (artifact id: 'bec14db26c58fcb5ca206de5d234923c') in 0.286805 seconds 
========================================================================
Received Import Request.
  Time since last request: 85.388899 seconds.
  path: Assets/Materials/Wall.mat
  artifactKey: Guid(c1cd3fbdccb32904d990c9ce7e2b19ee) Importer(815301076,1909f56bfc062723c751e8b465ee728b)
Start importing Assets/Materials/Wall.mat using Guid(c1cd3fbdccb32904d990c9ce7e2b19ee) Importer(815301076,1909f56bfc062723c751e8b465ee728b)  -> (artifact id: '91283f4f778e66e7b9869e290b1530c4') in 0.022339 seconds 
