Using pre-set license
Built from '2021.2/staging' branch; Version is '2021.2.8f1 (d0e5f0a7b06a) revision 13690352'; Using compiler version '192829333'; Build Type 'Release'
OS: 'Windows 10  (10.0.19043) 64bit Education' Language: 'en' Physical Memory: 32600 MB
BatchMode: 1, IsHumanControllingUs: 0, StartBugReporterOnCrash: 0, Is64bit: 1, IsPro: 0

COMMAND LINE ARGUMENTS:
C:\Program Files\Unity\Hub\Editor\2021.2.8f1\Editor\Unity.exe
-adb2
-batchMode
-noUpm
-name
AssetImportWorker7
-projectPath
C:/Users/Student/Documents/Imad/Unity/reminiscence29Jan/29Jan
-logFile
Logs/AssetImportWorker7.log
-srvPort
56402
Successfully changed project path to: C:/Users/Student/Documents/Imad/Unity/reminiscence29Jan/29Jan
C:/Users/Student/Documents/Imad/Unity/reminiscence29Jan/29Jan
[UnityMemory] Configuration Parameters - Can be set up in boot.config
    "memorysetup-bucket-allocator-granularity=16"
    "memorysetup-bucket-allocator-bucket-count=8"
    "memorysetup-bucket-allocator-block-size=33554432"
    "memorysetup-bucket-allocator-block-count=8"
    "memorysetup-main-allocator-block-size=16777216"
    "memorysetup-thread-allocator-block-size=16777216"
    "memorysetup-gfx-main-allocator-block-size=16777216"
    "memorysetup-gfx-thread-allocator-block-size=16777216"
    "memorysetup-cache-allocator-block-size=4194304"
    "memorysetup-typetree-allocator-block-size=2097152"
    "memorysetup-profiler-bucket-allocator-granularity=16"
    "memorysetup-profiler-bucket-allocator-bucket-count=8"
    "memorysetup-profiler-bucket-allocator-block-size=33554432"
    "memorysetup-profiler-bucket-allocator-block-count=8"
    "memorysetup-profiler-allocator-block-size=16777216"
    "memorysetup-profiler-editor-allocator-block-size=1048576"
    "memorysetup-temp-allocator-size-main=16777216"
    "memorysetup-job-temp-allocator-block-size=2097152"
    "memorysetup-job-temp-allocator-block-size-background=1048576"
    "memorysetup-job-temp-allocator-reduction-small-platforms=262144"
    "memorysetup-temp-allocator-size-background-worker=32768"
    "memorysetup-temp-allocator-size-job-worker=262144"
    "memorysetup-temp-allocator-size-preload-manager=33554432"
    "memorysetup-temp-allocator-size-nav-mesh-worker=65536"
    "memorysetup-temp-allocator-size-audio-worker=65536"
    "memorysetup-temp-allocator-size-cloud-worker=32768"
    "memorysetup-temp-allocator-size-gi-baking-worker=262144"
    "memorysetup-temp-allocator-size-gfx=262144"
Refreshing native plugins compatible for Editor in 178.06 ms, found 8 plugins.
Preloading 0 native plugins for Editor in 0.00 ms.
Initialize engine version: 2021.2.8f1 (d0e5f0a7b06a)
[Subsystems] Discovering subsystems at path C:/Program Files/Unity/Hub/Editor/2021.2.8f1/Editor/Data/Resources/UnitySubsystems
[Subsystems] Discovering subsystems at path C:/Users/Student/Documents/Imad/Unity/reminiscence29Jan/29Jan/Assets
GfxDevice: creating device client; threaded=0; jobified=0
Direct3D:
    Version:  Direct3D 11.0 [level 11.1]
    Renderer: NVIDIA GeForce RTX 2070 (ID=0x1f14)
    Vendor:   NVIDIA
    VRAM:     8031 MB
    Driver:   30.0.14.9709
Initialize mono
Mono path[0] = 'C:/Program Files/Unity/Hub/Editor/2021.2.8f1/Editor/Data/Managed'
Mono path[1] = 'C:/Program Files/Unity/Hub/Editor/2021.2.8f1/Editor/Data/MonoBleedingEdge/lib/mono/unityjit-win32'
Mono config path = 'C:/Program Files/Unity/Hub/Editor/2021.2.8f1/Editor/Data/MonoBleedingEdge/etc'
Using monoOptions --debugger-agent=transport=dt_socket,embedding=1,server=y,suspend=n,address=127.0.0.1:56516
Begin MonoManager ReloadAssembly
Registering precompiled unity dll's ...
Register platform support module: C:/Program Files/Unity/Hub/Editor/2021.2.8f1/Editor/Data/PlaybackEngines/WindowsStandaloneSupport/UnityEditor.WindowsStandalone.Extensions.dll
Registered in 0.006058 seconds.
Native extension for WindowsStandalone target not found
Refreshing native plugins compatible for Editor in 138.31 ms, found 8 plugins.
Preloading 0 native plugins for Editor in 0.00 ms.
Mono: successfully reloaded assembly
- Completed reload, in  0.749 seconds
Domain Reload Profiling:
	ReloadAssembly (750ms)
		BeginReloadAssembly (86ms)
			ExecutionOrderSort (0ms)
			DisableScriptedObjects (0ms)
			BackupInstance (0ms)
			ReleaseScriptingObjects (0ms)
			CreateAndSetChildDomain (1ms)
		EndReloadAssembly (577ms)
			LoadAssemblies (83ms)
			RebuildTransferFunctionScriptingTraits (0ms)
			SetupTypeCache (122ms)
			ReleaseScriptCaches (0ms)
			RebuildScriptCaches (31ms)
			SetupLoadedEditorAssemblies (363ms)
				LogAssemblyErrors (0ms)
				InitializePlatformSupportModulesInManaged (16ms)
				SetLoadedEditorAssemblies (0ms)
				RefreshPlugins (138ms)
				BeforeProcessingInitializeOnLoad (1ms)
				ProcessInitializeOnLoadAttributes (156ms)
				ProcessInitializeOnLoadMethodAttributes (50ms)
				AfterProcessingInitializeOnLoad (0ms)
				EditorAssembliesLoaded (0ms)
			ExecutionOrderSort2 (0ms)
			AwakeInstancesAfterBackupRestoration (0ms)
Platform modules already initialized, skipping
Registering precompiled user dll's ...
Registered in 0.011046 seconds.
Begin MonoManager ReloadAssembly
Symbol file LoadedFromMemory doesn't match image C:\Users\Student\Documents\Imad\Unity\reminiscence29Jan\29Jan\Library\PackageCache\com.unity.visualscripting@1.7.6\Editor\VisualScripting.Core\Dependencies\DotNetZip\Unity.VisualScripting.IonicZip.dll
Symbol file LoadedFromMemory doesn't match image C:\Users\Student\Documents\Imad\Unity\reminiscence29Jan\29Jan\Library\PackageCache\com.unity.visualscripting@1.7.6\Editor\VisualScripting.Core\Dependencies\YamlDotNet\Unity.VisualScripting.YamlDotNet.dll
Native extension for WindowsStandalone target not found
Refreshing native plugins compatible for Editor in 145.67 ms, found 8 plugins.
Preloading 0 native plugins for Editor in 0.00 ms.
Package Manager log level set to [2]
Mono: successfully reloaded assembly
- Completed reload, in  3.917 seconds
Domain Reload Profiling:
	ReloadAssembly (3918ms)
		BeginReloadAssembly (133ms)
			ExecutionOrderSort (0ms)
			DisableScriptedObjects (7ms)
			BackupInstance (0ms)
			ReleaseScriptingObjects (0ms)
			CreateAndSetChildDomain (20ms)
		EndReloadAssembly (3681ms)
			LoadAssemblies (214ms)
			RebuildTransferFunctionScriptingTraits (0ms)
			SetupTypeCache (387ms)
			ReleaseScriptCaches (1ms)
			RebuildScriptCaches (78ms)
			SetupLoadedEditorAssemblies (2944ms)
				LogAssemblyErrors (0ms)
				InitializePlatformSupportModulesInManaged (13ms)
				SetLoadedEditorAssemblies (0ms)
				RefreshPlugins (146ms)
				BeforeProcessingInitializeOnLoad (170ms)
				ProcessInitializeOnLoadAttributes (1768ms)
				ProcessInitializeOnLoadMethodAttributes (840ms)
				AfterProcessingInitializeOnLoad (8ms)
				EditorAssembliesLoaded (0ms)
			ExecutionOrderSort2 (0ms)
			AwakeInstancesAfterBackupRestoration (5ms)
Platform modules already initialized, skipping
========================================================================
Worker process is ready to serve import requests
Launched and connected shader compiler UnityShaderCompiler.exe after 0.07 seconds
Refreshing native plugins compatible for Editor in 1.56 ms, found 8 plugins.
Preloading 0 native plugins for Editor in 0.00 ms.
Unloading 6293 Unused Serialized files (Serialized files now loaded: 0)
Unloading 200 unused Assets / (387.4 KB). Loaded Objects now: 6717.
Memory consumption went from 329.1 MB to 328.7 MB.
Total: 6.391800 ms (FindLiveObjects: 0.657700 ms CreateObjectMapping: 0.785900 ms MarkObjects: 4.507300 ms  DeleteObjects: 0.439400 ms)

AssetImportParameters requested are different than current active one (requested -> active):
  custom:video-decoder-ogg-theora: a1e56fd34408186e4bbccfd4996cb3dc -> 
  custom:container-muxer-webm: aa71ff27fc2769a1b78a27578f13a17b -> 
  custom:container-demuxer-webm: 4f35f7cbe854078d1ac9338744f61a02 -> 
  custom:video-encoder-webm-vp8: eb34c28f22e8b96e1ab97ce403110664 -> 
  custom:audio-encoder-webm-vorbis: bf7c407c2cedff20999df2af8eb42d56 -> 
  custom:framework-win-MediaFoundation: 216162199b28c13a410421893ffa2e32 -> 
  custom:container-demuxer-ogg: 62fdf1f143b41e24485cea50d1cbac27 -> 
  custom:video-decoder-webm-vp8: 9c59270c3fd7afecdb556c50c9e8de78 -> 
  custom:audio-decoder-ogg-vorbis: bf7c407c2cedff20999df2af8eb42d56 -> 
========================================================================
Received Import Request.
  Time since last request: 601980.530134 seconds.
  path: Assets/African Bushveld Trees/Prefabs/Bushwillow 4.prefab
  artifactKey: Guid(03109ff3c49cf10408dec36cb9d418fa) Importer(815301076,1909f56bfc062723c751e8b465ee728b)
Start importing Assets/African Bushveld Trees/Prefabs/Bushwillow 4.prefab using Guid(03109ff3c49cf10408dec36cb9d418fa) Importer(815301076,1909f56bfc062723c751e8b465ee728b)  -> (artifact id: 'b5285920072640b7b674e2be80863574') in 0.431997 seconds 
========================================================================
Received Import Request.
  Time since last request: 0.000027 seconds.
  path: Assets/African Bushveld Trees/Prefabs/Mopane 4.prefab
  artifactKey: Guid(a83d0d61d625e2c40911daf0ee0ae341) Importer(815301076,1909f56bfc062723c751e8b465ee728b)
Start importing Assets/African Bushveld Trees/Prefabs/Mopane 4.prefab using Guid(a83d0d61d625e2c40911daf0ee0ae341) Importer(815301076,1909f56bfc062723c751e8b465ee728b)  -> (artifact id: 'e95d244d9a5c359ddf9731783ed2153c') in 0.188101 seconds 
========================================================================
Received Import Request.
  Time since last request: 0.000029 seconds.
  path: Assets/African Bushveld Trees/Prefabs/Cassia 2.prefab
  artifactKey: Guid(dddb2d86b57df70418f9ed7a1282b72d) Importer(815301076,1909f56bfc062723c751e8b465ee728b)
Start importing Assets/African Bushveld Trees/Prefabs/Cassia 2.prefab using Guid(dddb2d86b57df70418f9ed7a1282b72d) Importer(815301076,1909f56bfc062723c751e8b465ee728b)  -> (artifact id: 'f184db5a61e38b01dde6cd6191900c9d') in 0.123815 seconds 
========================================================================
Received Import Request.
  Time since last request: 0.000022 seconds.
  path: Assets/African Bushveld Trees/Grass textures/plant 1.png
  artifactKey: Guid(4c32e1e8ab297ca4fa5067921a1d371c) Importer(815301076,1909f56bfc062723c751e8b465ee728b)
Start importing Assets/African Bushveld Trees/Grass textures/plant 1.png using Guid(4c32e1e8ab297ca4fa5067921a1d371c) Importer(815301076,1909f56bfc062723c751e8b465ee728b)  -> (artifact id: '0c893bdc7e27d7a708365c695074969c') in 0.064109 seconds 
========================================================================
Received Import Request.
  Time since last request: 0.000024 seconds.
  path: Assets/African Bushveld Trees/Prefabs/Acacia 3.prefab
  artifactKey: Guid(c4b399082292c424a9d488eca9e7f501) Importer(815301076,1909f56bfc062723c751e8b465ee728b)
Start importing Assets/African Bushveld Trees/Prefabs/Acacia 3.prefab using Guid(c4b399082292c424a9d488eca9e7f501) Importer(815301076,1909f56bfc062723c751e8b465ee728b)  -> (artifact id: '2e87325622633e241fb73e9383654fcf') in 0.110147 seconds 
========================================================================
Received Import Request.
  Time since last request: 0.000029 seconds.
  path: Assets/African Bushveld Trees/Prefabs/Nyala tree 2.prefab
  artifactKey: Guid(fe927918a3b6c8f41a7cc83e168bac5b) Importer(815301076,1909f56bfc062723c751e8b465ee728b)
Start importing Assets/African Bushveld Trees/Prefabs/Nyala tree 2.prefab using Guid(fe927918a3b6c8f41a7cc83e168bac5b) Importer(815301076,1909f56bfc062723c751e8b465ee728b)  -> (artifact id: '3742ac64b2afa9b65b18e5c0934315c3') in 0.186256 seconds 
========================================================================
Received Import Request.
  Time since last request: 0.000021 seconds.
  path: Assets/African Bushveld Trees/Prefabs/Jackalberry 3.prefab
  artifactKey: Guid(5fccec999b371e743bd507708c8d40f9) Importer(815301076,1909f56bfc062723c751e8b465ee728b)
Start importing Assets/African Bushveld Trees/Prefabs/Jackalberry 3.prefab using Guid(5fccec999b371e743bd507708c8d40f9) Importer(815301076,1909f56bfc062723c751e8b465ee728b)  -> (artifact id: 'a793848a7d728e2c0ebe311bf8d763b9') in 0.149022 seconds 
========================================================================
Received Import Request.
  Time since last request: 0.000023 seconds.
  path: Assets/African Bushveld Trees/Prefabs/Jackalberry 2.prefab
  artifactKey: Guid(3804f2fb81e340643b07bb0279f9d906) Importer(815301076,1909f56bfc062723c751e8b465ee728b)
Start importing Assets/African Bushveld Trees/Prefabs/Jackalberry 2.prefab using Guid(3804f2fb81e340643b07bb0279f9d906) Importer(815301076,1909f56bfc062723c751e8b465ee728b)  -> (artifact id: '1c43a09f0d028d0c1621e626515be064') in 0.132571 seconds 
========================================================================
Received Import Request.
  Time since last request: 0.000052 seconds.
  path: Assets/African Bushveld Trees/Prefabs/raisin bush 3.prefab
  artifactKey: Guid(28cb2f381075d984eb8e7cc201caae84) Importer(815301076,1909f56bfc062723c751e8b465ee728b)
Start importing Assets/African Bushveld Trees/Prefabs/raisin bush 3.prefab using Guid(28cb2f381075d984eb8e7cc201caae84) Importer(815301076,1909f56bfc062723c751e8b465ee728b)  -> (artifact id: 'd97807f57f4476c0c16a395172d63308') in 0.086638 seconds 
========================================================================
Received Import Request.
  Time since last request: 0.000022 seconds.
  path: Assets/African Bushveld Trees/Prefabs/Acacia 1.prefab
  artifactKey: Guid(19ac483e818b45a49a3319f2f76ef874) Importer(815301076,1909f56bfc062723c751e8b465ee728b)
Start importing Assets/African Bushveld Trees/Prefabs/Acacia 1.prefab using Guid(19ac483e818b45a49a3319f2f76ef874) Importer(815301076,1909f56bfc062723c751e8b465ee728b)  -> (artifact id: 'ff432606a632799c81fea64a84f521f3') in 0.090956 seconds 
========================================================================
Received Import Request.
  Time since last request: 0.000027 seconds.
  path: Assets/African Bushveld Trees/Prefabs/Bushwillow 3.prefab
  artifactKey: Guid(25b1e17fc7ccd974d94fa6d3f08ff228) Importer(815301076,1909f56bfc062723c751e8b465ee728b)
Start importing Assets/African Bushveld Trees/Prefabs/Bushwillow 3.prefab using Guid(25b1e17fc7ccd974d94fa6d3f08ff228) Importer(815301076,1909f56bfc062723c751e8b465ee728b)  -> (artifact id: '692e442d9859fc74fb0de67d179d90d5') in 0.094671 seconds 
========================================================================
Received Import Request.
  Time since last request: 0.000022 seconds.
  path: Assets/African Bushveld Trees/Materials/jackalberry leaf.FBX
  artifactKey: Guid(aea8c9f3653e47848b294016c8709805) Importer(815301076,1909f56bfc062723c751e8b465ee728b)
Start importing Assets/African Bushveld Trees/Materials/jackalberry leaf.FBX using Guid(aea8c9f3653e47848b294016c8709805) Importer(815301076,1909f56bfc062723c751e8b465ee728b)  -> (artifact id: 'a26f301fefa406d19a3b4c6a5b1529f1') in 0.059259 seconds 
========================================================================
Received Import Request.
  Time since last request: 0.000031 seconds.
  path: Assets/African Bushveld Trees/Prefabs/Pod mahogany 4.prefab
  artifactKey: Guid(d37f440b22125bf43919a8fc2034dffb) Importer(815301076,1909f56bfc062723c751e8b465ee728b)
Start importing Assets/African Bushveld Trees/Prefabs/Pod mahogany 4.prefab using Guid(d37f440b22125bf43919a8fc2034dffb) Importer(815301076,1909f56bfc062723c751e8b465ee728b)  -> (artifact id: 'eff702e62e64d2ef60da6fb727f2a442') in 0.095877 seconds 
========================================================================
Received Import Request.
  Time since last request: 0.000029 seconds.
  path: Assets/African Bushveld Trees/Prefabs/White berry bush 4.prefab
  artifactKey: Guid(a66553f10e36d4148a929d85af430e97) Importer(815301076,1909f56bfc062723c751e8b465ee728b)
Start importing Assets/African Bushveld Trees/Prefabs/White berry bush 4.prefab using Guid(a66553f10e36d4148a929d85af430e97) Importer(815301076,1909f56bfc062723c751e8b465ee728b)  -> (artifact id: '63b4d8b444283fb8a8c783979e0267e0') in 0.069520 seconds 
========================================================================
Received Import Request.
  Time since last request: 0.000022 seconds.
  path: Assets/African Bushveld Trees/Prefabs/sausage tree 3.prefab
  artifactKey: Guid(2a463d5a9c7046c41bedf41454b92d0a) Importer(815301076,1909f56bfc062723c751e8b465ee728b)
Start importing Assets/African Bushveld Trees/Prefabs/sausage tree 3.prefab using Guid(2a463d5a9c7046c41bedf41454b92d0a) Importer(815301076,1909f56bfc062723c751e8b465ee728b)  -> (artifact id: '4d6c68ef5d94d78625dc62648f906722') in 0.108238 seconds 
========================================================================
Received Import Request.
  Time since last request: 0.000028 seconds.
  path: Assets/African Bushveld Trees/Prefabs/Cassia 3.prefab
  artifactKey: Guid(1ac82872600612841bf0fb602a707c4d) Importer(815301076,1909f56bfc062723c751e8b465ee728b)
Start importing Assets/African Bushveld Trees/Prefabs/Cassia 3.prefab using Guid(1ac82872600612841bf0fb602a707c4d) Importer(815301076,1909f56bfc062723c751e8b465ee728b)  -> (artifact id: 'a09d7eea0532af1773b965b819ed491b') in 0.088965 seconds 
========================================================================
Received Import Request.
  Time since last request: 0.000029 seconds.
  path: Assets/African Bushveld Trees/Prefabs/rain tree 3.prefab
  artifactKey: Guid(bca94ac48d99d9e438d7f7bf32f713e1) Importer(815301076,1909f56bfc062723c751e8b465ee728b)
Start importing Assets/African Bushveld Trees/Prefabs/rain tree 3.prefab using Guid(bca94ac48d99d9e438d7f7bf32f713e1) Importer(815301076,1909f56bfc062723c751e8b465ee728b)  -> (artifact id: 'ed36e5083a440ace511709887f814151') in 0.115404 seconds 
========================================================================
Received Import Request.
  Time since last request: 0.000022 seconds.
  path: Assets/African Bushveld Trees/Prefabs/Boer bean 1.prefab
  artifactKey: Guid(d7b8f2b63ba3892408f39ae4ce98d2a2) Importer(815301076,1909f56bfc062723c751e8b465ee728b)
Start importing Assets/African Bushveld Trees/Prefabs/Boer bean 1.prefab using Guid(d7b8f2b63ba3892408f39ae4ce98d2a2) Importer(815301076,1909f56bfc062723c751e8b465ee728b)  -> (artifact id: '5957356859728c85424cdbacccdaabd1') in 0.115491 seconds 
========================================================================
Received Import Request.
  Time since last request: 0.000024 seconds.
  path: Assets/African Bushveld Trees/Prefabs/Mopane 1.prefab
  artifactKey: Guid(d3f3d9e2332bc2b4f9d7b3a60af26986) Importer(815301076,1909f56bfc062723c751e8b465ee728b)
Start importing Assets/African Bushveld Trees/Prefabs/Mopane 1.prefab using Guid(d3f3d9e2332bc2b4f9d7b3a60af26986) Importer(815301076,1909f56bfc062723c751e8b465ee728b)  -> (artifact id: 'cd35a45f7acd0cad0217027bafcf7256') in 0.114608 seconds 
========================================================================
Received Import Request.
  Time since last request: 0.000030 seconds.
  path: Assets/African Bushveld Trees/Grass textures/grass 2.png
  artifactKey: Guid(59a600d7700b3254d85142f0bfc0f724) Importer(815301076,1909f56bfc062723c751e8b465ee728b)
Start importing Assets/African Bushveld Trees/Grass textures/grass 2.png using Guid(59a600d7700b3254d85142f0bfc0f724) Importer(815301076,1909f56bfc062723c751e8b465ee728b)  -> (artifact id: '86706993279d034ca2e6a8ce08f7f904') in 0.020851 seconds 
========================================================================
Received Import Request.
  Time since last request: 0.000023 seconds.
  path: Assets/African Bushveld Trees/Prefabs/raisin bush 4.prefab
  artifactKey: Guid(08fee88e1570b194a9ee68324bb541b3) Importer(815301076,1909f56bfc062723c751e8b465ee728b)
Start importing Assets/African Bushveld Trees/Prefabs/raisin bush 4.prefab using Guid(08fee88e1570b194a9ee68324bb541b3) Importer(815301076,1909f56bfc062723c751e8b465ee728b)  -> (artifact id: '1e82f4fdc93ab800c06a88d45af9607b') in 0.062573 seconds 
========================================================================
Received Import Request.
  Time since last request: 0.000019 seconds.
  path: Assets/African Bushveld Trees/Prefabs/Fig tree 2.prefab
  artifactKey: Guid(32f4361f29243b94e8badfcb2ab8b151) Importer(815301076,1909f56bfc062723c751e8b465ee728b)
Start importing Assets/African Bushveld Trees/Prefabs/Fig tree 2.prefab using Guid(32f4361f29243b94e8badfcb2ab8b151) Importer(815301076,1909f56bfc062723c751e8b465ee728b)  -> (artifact id: '5ef0e0c64c56c853f6f6f7ed04b60b00') in 0.119666 seconds 
========================================================================
Received Import Request.
  Time since last request: 0.000028 seconds.
  path: Assets/African Bushveld Trees/Prefabs/Cape ash 2.prefab
  artifactKey: Guid(59d163d0779cea144a1f159f6ea2f147) Importer(815301076,1909f56bfc062723c751e8b465ee728b)
Start importing Assets/African Bushveld Trees/Prefabs/Cape ash 2.prefab using Guid(59d163d0779cea144a1f159f6ea2f147) Importer(815301076,1909f56bfc062723c751e8b465ee728b)  -> (artifact id: '6beacebe2eb54d8fdfce130d3dde3e7e') in 0.120924 seconds 
========================================================================
Received Import Request.
  Time since last request: 0.000028 seconds.
  path: Assets/African Bushveld Trees/Prefabs/Fever tree 3.prefab
  artifactKey: Guid(8d4dcd4ab93f64d41958989e23fe6f6f) Importer(815301076,1909f56bfc062723c751e8b465ee728b)
Start importing Assets/African Bushveld Trees/Prefabs/Fever tree 3.prefab using Guid(8d4dcd4ab93f64d41958989e23fe6f6f) Importer(815301076,1909f56bfc062723c751e8b465ee728b)  -> (artifact id: '8fbbf9e0a8a7f5b1dbbb8e5709768ca5') in 0.108900 seconds 
========================================================================
Received Import Request.
  Time since last request: 0.000025 seconds.
  path: Assets/African Bushveld Trees/Prefabs/Acacia 4.prefab
  artifactKey: Guid(23865ebd97b4d3d4893bc6638055f3be) Importer(815301076,1909f56bfc062723c751e8b465ee728b)
Start importing Assets/African Bushveld Trees/Prefabs/Acacia 4.prefab using Guid(23865ebd97b4d3d4893bc6638055f3be) Importer(815301076,1909f56bfc062723c751e8b465ee728b)  -> (artifact id: '88f8e02ce6f6ae4f9bca49d152259b99') in 0.100392 seconds 
========================================================================
Received Import Request.
  Time since last request: 0.000029 seconds.
  path: Assets/African Bushveld Trees/Prefabs/sausage tree 1.prefab
  artifactKey: Guid(43ac36c5b88783c4d8a0171d1d430195) Importer(815301076,1909f56bfc062723c751e8b465ee728b)
Start importing Assets/African Bushveld Trees/Prefabs/sausage tree 1.prefab using Guid(43ac36c5b88783c4d8a0171d1d430195) Importer(815301076,1909f56bfc062723c751e8b465ee728b)  -> (artifact id: '5208821effa8eae2549d6d7030005297') in 0.104627 seconds 
========================================================================
Received Import Request.
  Time since last request: 0.000029 seconds.
  path: Assets/African Bushveld Trees/Prefabs/Baobab 1.prefab
  artifactKey: Guid(d76c957dc56dd5943a43921079abe03b) Importer(815301076,1909f56bfc062723c751e8b465ee728b)
Start importing Assets/African Bushveld Trees/Prefabs/Baobab 1.prefab using Guid(d76c957dc56dd5943a43921079abe03b) Importer(815301076,1909f56bfc062723c751e8b465ee728b)  -> (artifact id: '7a70978888f2a3a7bcd37b3686055a2b') in 0.115528 seconds 
Editor requested this worker to shutdown with reason: Scaling down because of idle timeout
AssetImportWorkerClient::OnTransportError - code=2 error=End of file
AssetImportWorker is now disconnected from the server
Process exiting
Exiting without the bug reporter. Application will terminate with return code 0