Using pre-set license
Built from '2021.2/staging' branch; Version is '2021.2.8f1 (d0e5f0a7b06a) revision 13690352'; Using compiler version '192829333'; Build Type 'Release'
OS: 'Windows 10  (10.0.19043) 64bit Education' Language: 'en' Physical Memory: 32600 MB
BatchMode: 1, IsHumanControllingUs: 0, StartBugReporterOnCrash: 0, Is64bit: 1, IsPro: 0

COMMAND LINE ARGUMENTS:
C:\Program Files\Unity\Hub\Editor\2021.2.8f1\Editor\Unity.exe
-adb2
-batchMode
-noUpm
-name
AssetImportWorker11
-projectPath
C:/Users/Student/Documents/Imad/Unity/reminiscence29Jan/29Jan
-logFile
Logs/AssetImportWorker11.log
-srvPort
53615
Successfully changed project path to: C:/Users/Student/Documents/Imad/Unity/reminiscence29Jan/29Jan
C:/Users/Student/Documents/Imad/Unity/reminiscence29Jan/29Jan
[UnityMemory] Configuration Parameters - Can be set up in boot.config
    "memorysetup-bucket-allocator-granularity=16"
    "memorysetup-bucket-allocator-bucket-count=8"
    "memorysetup-bucket-allocator-block-size=33554432"
    "memorysetup-bucket-allocator-block-count=8"
    "memorysetup-main-allocator-block-size=16777216"
    "memorysetup-thread-allocator-block-size=16777216"
    "memorysetup-gfx-main-allocator-block-size=16777216"
    "memorysetup-gfx-thread-allocator-block-size=16777216"
    "memorysetup-cache-allocator-block-size=4194304"
    "memorysetup-typetree-allocator-block-size=2097152"
    "memorysetup-profiler-bucket-allocator-granularity=16"
    "memorysetup-profiler-bucket-allocator-bucket-count=8"
    "memorysetup-profiler-bucket-allocator-block-size=33554432"
    "memorysetup-profiler-bucket-allocator-block-count=8"
    "memorysetup-profiler-allocator-block-size=16777216"
    "memorysetup-profiler-editor-allocator-block-size=1048576"
    "memorysetup-temp-allocator-size-main=16777216"
    "memorysetup-job-temp-allocator-block-size=2097152"
    "memorysetup-job-temp-allocator-block-size-background=1048576"
    "memorysetup-job-temp-allocator-reduction-small-platforms=262144"
    "memorysetup-temp-allocator-size-background-worker=32768"
    "memorysetup-temp-allocator-size-job-worker=262144"
    "memorysetup-temp-allocator-size-preload-manager=33554432"
    "memorysetup-temp-allocator-size-nav-mesh-worker=65536"
    "memorysetup-temp-allocator-size-audio-worker=65536"
    "memorysetup-temp-allocator-size-cloud-worker=32768"
    "memorysetup-temp-allocator-size-gi-baking-worker=262144"
    "memorysetup-temp-allocator-size-gfx=262144"
Refreshing native plugins compatible for Editor in 237.50 ms, found 8 plugins.
Preloading 0 native plugins for Editor in 0.00 ms.
Initialize engine version: 2021.2.8f1 (d0e5f0a7b06a)
[Subsystems] Discovering subsystems at path C:/Program Files/Unity/Hub/Editor/2021.2.8f1/Editor/Data/Resources/UnitySubsystems
[Subsystems] Discovering subsystems at path C:/Users/Student/Documents/Imad/Unity/reminiscence29Jan/29Jan/Assets
GfxDevice: creating device client; threaded=0; jobified=0
Direct3D:
    Version:  Direct3D 11.0 [level 11.1]
    Renderer: NVIDIA GeForce RTX 2070 (ID=0x1f14)
    Vendor:   NVIDIA
    VRAM:     8031 MB
    Driver:   30.0.14.9709
Initialize mono
Mono path[0] = 'C:/Program Files/Unity/Hub/Editor/2021.2.8f1/Editor/Data/Managed'
Mono path[1] = 'C:/Program Files/Unity/Hub/Editor/2021.2.8f1/Editor/Data/MonoBleedingEdge/lib/mono/unityjit-win32'
Mono config path = 'C:/Program Files/Unity/Hub/Editor/2021.2.8f1/Editor/Data/MonoBleedingEdge/etc'
Using monoOptions --debugger-agent=transport=dt_socket,embedding=1,server=y,suspend=n,address=127.0.0.1:56640
Begin MonoManager ReloadAssembly
Registering precompiled unity dll's ...
Register platform support module: C:/Program Files/Unity/Hub/Editor/2021.2.8f1/Editor/Data/PlaybackEngines/WindowsStandaloneSupport/UnityEditor.WindowsStandalone.Extensions.dll
Registered in 0.010204 seconds.
Native extension for WindowsStandalone target not found
Refreshing native plugins compatible for Editor in 197.24 ms, found 8 plugins.
Preloading 0 native plugins for Editor in 0.00 ms.
Mono: successfully reloaded assembly
- Completed reload, in  0.987 seconds
Domain Reload Profiling:
	ReloadAssembly (987ms)
		BeginReloadAssembly (116ms)
			ExecutionOrderSort (0ms)
			DisableScriptedObjects (0ms)
			BackupInstance (0ms)
			ReleaseScriptingObjects (0ms)
			CreateAndSetChildDomain (1ms)
		EndReloadAssembly (750ms)
			LoadAssemblies (113ms)
			RebuildTransferFunctionScriptingTraits (0ms)
			SetupTypeCache (158ms)
			ReleaseScriptCaches (0ms)
			RebuildScriptCaches (42ms)
			SetupLoadedEditorAssemblies (474ms)
				LogAssemblyErrors (0ms)
				InitializePlatformSupportModulesInManaged (21ms)
				SetLoadedEditorAssemblies (0ms)
				RefreshPlugins (197ms)
				BeforeProcessingInitializeOnLoad (2ms)
				ProcessInitializeOnLoadAttributes (196ms)
				ProcessInitializeOnLoadMethodAttributes (57ms)
				AfterProcessingInitializeOnLoad (0ms)
				EditorAssembliesLoaded (0ms)
			ExecutionOrderSort2 (0ms)
			AwakeInstancesAfterBackupRestoration (0ms)
Platform modules already initialized, skipping
Registering precompiled user dll's ...
Registered in 0.011891 seconds.
Begin MonoManager ReloadAssembly
Native extension for WindowsStandalone target not found
Refreshing native plugins compatible for Editor in 143.85 ms, found 8 plugins.
Preloading 0 native plugins for Editor in 0.00 ms.
Package Manager log level set to [2]
Mono: successfully reloaded assembly
- Completed reload, in  2.710 seconds
Domain Reload Profiling:
	ReloadAssembly (2711ms)
		BeginReloadAssembly (120ms)
			ExecutionOrderSort (0ms)
			DisableScriptedObjects (6ms)
			BackupInstance (0ms)
			ReleaseScriptingObjects (0ms)
			CreateAndSetChildDomain (20ms)
		EndReloadAssembly (2481ms)
			LoadAssemblies (102ms)
			RebuildTransferFunctionScriptingTraits (0ms)
			SetupTypeCache (363ms)
			ReleaseScriptCaches (1ms)
			RebuildScriptCaches (87ms)
			SetupLoadedEditorAssemblies (1880ms)
				LogAssemblyErrors (0ms)
				InitializePlatformSupportModulesInManaged (12ms)
				SetLoadedEditorAssemblies (0ms)
				RefreshPlugins (144ms)
				BeforeProcessingInitializeOnLoad (156ms)
				ProcessInitializeOnLoadAttributes (1468ms)
				ProcessInitializeOnLoadMethodAttributes (91ms)
				AfterProcessingInitializeOnLoad (8ms)
				EditorAssembliesLoaded (0ms)
			ExecutionOrderSort2 (0ms)
			AwakeInstancesAfterBackupRestoration (6ms)
Platform modules already initialized, skipping
========================================================================
Worker process is ready to serve import requests
Launched and connected shader compiler UnityShaderCompiler.exe after 0.06 seconds
Refreshing native plugins compatible for Editor in 4.27 ms, found 8 plugins.
Preloading 0 native plugins for Editor in 0.00 ms.
Unloading 6647 Unused Serialized files (Serialized files now loaded: 0)
Unloading 240 unused Assets / (3.0 MB). Loaded Objects now: 7065.
Memory consumption went from 363.6 MB to 360.5 MB.
Total: 13.490900 ms (FindLiveObjects: 1.649200 ms CreateObjectMapping: 1.172300 ms MarkObjects: 8.828400 ms  DeleteObjects: 1.838100 ms)

AssetImportParameters requested are different than current active one (requested -> active):
  custom:video-decoder-ogg-theora: a1e56fd34408186e4bbccfd4996cb3dc -> 
  custom:container-muxer-webm: aa71ff27fc2769a1b78a27578f13a17b -> 
  custom:container-demuxer-webm: 4f35f7cbe854078d1ac9338744f61a02 -> 
  custom:video-encoder-webm-vp8: eb34c28f22e8b96e1ab97ce403110664 -> 
  custom:audio-encoder-webm-vorbis: bf7c407c2cedff20999df2af8eb42d56 -> 
  custom:framework-win-MediaFoundation: 216162199b28c13a410421893ffa2e32 -> 
  custom:container-demuxer-ogg: 62fdf1f143b41e24485cea50d1cbac27 -> 
  custom:video-decoder-webm-vp8: 9c59270c3fd7afecdb556c50c9e8de78 -> 
  custom:audio-decoder-ogg-vorbis: bf7c407c2cedff20999df2af8eb42d56 -> 
========================================================================
Received Import Request.
  Time since last request: 224734.525806 seconds.
  path: Assets/EffectExamples/Smoke & Steam Effects/Materials/Embers.mat
  artifactKey: Guid(cb54088e4fe82ce44aafb5f3dc12b530) Importer(815301076,1909f56bfc062723c751e8b465ee728b)
Start importing Assets/EffectExamples/Smoke & Steam Effects/Materials/Embers.mat using Guid(cb54088e4fe82ce44aafb5f3dc12b530) Importer(815301076,1909f56bfc062723c751e8b465ee728b)  -> (artifact id: '85dd5225137e13be2161df71881fb1ba') in 0.289505 seconds 
========================================================================
Received Prepare
Registering precompiled user dll's ...
Registered in 0.010490 seconds.
Begin MonoManager ReloadAssembly
Native extension for WindowsStandalone target not found
Refreshing native plugins compatible for Editor in 1.70 ms, found 8 plugins.
Preloading 0 native plugins for Editor in 0.00 ms.
Warning: Annotation not found!
UnityEngine.StackTraceUtility:ExtractStackTrace ()
UnityEditor.ProBuilder.EditorUtility:SetGizmoIconEnabled (System.Type,bool) (at Library/PackageCache/com.unity.probuilder@5.0.3/Editor/EditorCore/EditorUtility.cs:575)
UnityEditor.ProBuilder.HierarchyListener:.cctor () (at Library/PackageCache/com.unity.probuilder@5.0.3/Editor/EditorCore/HierarchyListener.cs:21)
System.Runtime.CompilerServices.RuntimeHelpers:RunClassConstructor (System.RuntimeTypeHandle)
UnityEditor.EditorAssemblies:ProcessInitializeOnLoadAttributes (System.Type[])

[Library/PackageCache/com.unity.probuilder@5.0.3/Editor/EditorCore/EditorUtility.cs line 575]

Received signal SIGSEGV
Obtained 54 stack frames
0x00007ff638324f05 (Unity) scripting_object_get_class
0x00007ff63831e361 (Unity) Scripting::FindObjectsOfType
0x00007ff638236f55 (Unity) Resources_Bindings::FindObjectsOfTypeAll
0x00007ff63763d6fe (Unity) ResourcesAPIInternal_CUSTOM_FindObjectsOfTypeAll
0x0000020266770ada (Mono JIT Code) (wrapper managed-to-native) UnityEngine.ResourcesAPIInternal:FindObjectsOfTypeAll (System.Type)
0x0000020266770a23 (Mono JIT Code) UnityEngine.ResourcesAPI:FindObjectsOfTypeAll (System.Type)
0x000002026677085b (Mono JIT Code) UnityEngine.Resources:FindObjectsOfTypeAll (System.Type)
0x00000202667707c3 (Mono JIT Code) UnityEngine.Resources:FindObjectsOfTypeAll<T_REF> ()
0x000002026674b433 (Mono JIT Code) [InputSystem.cs:3186] UnityEngine.InputSystem.InputSystem:InitializeInEditor (UnityEngine.InputSystem.LowLevel.IInputRuntime) 
0x000002026674b203 (Mono JIT Code) [InputSystem.cs:3158] UnityEngine.InputSystem.InputSystem:.cctor () 
0x000002026674b2d5 (Mono JIT Code) (wrapper runtime-invoke) object:runtime_invoke_void (object,intptr,intptr,intptr)
0x00007ffaae6ee034 (mono-2.0-bdwgc) [mini-runtime.c:3445] mono_jit_runtime_invoke 
0x00007ffaae62e724 (mono-2.0-bdwgc) [object.c:3064] do_runtime_invoke 
0x00007ffaae6297e0 (mono-2.0-bdwgc) [object.c:563] mono_runtime_class_init_full 
0x00007ffaae6e57be (mono-2.0-bdwgc) [mini.c:4222] mono_jit_compile_method_inner 
0x00007ffaae6ebf5c (mono-2.0-bdwgc) [mini-runtime.c:2700] mono_jit_compile_method_with_opt 
0x00007ffaae7dedcf (mono-2.0-bdwgc) [mini-trampolines.c:641] common_call_trampoline 
0x00007ffaae7df978 (mono-2.0-bdwgc) [mini-trampolines.c:779] mono_magic_trampoline 
0x00000202611503a6 ((<unknown>)) 
0x000002026674b0cb (Mono JIT Code) [SimulatedInputLayoutLoader.cs:38] UnityEngine.XR.Interaction.Toolkit.Inputs.Simulation.SimulatedInputLayoutLoader:RegisterInputLayouts () 
0x000002026674af03 (Mono JIT Code) [SimulatedInputLayoutLoader.cs:24] UnityEngine.XR.Interaction.Toolkit.Inputs.Simulation.SimulatedInputLayoutLoader:.cctor () 
0x000002026674afd5 (Mono JIT Code) (wrapper runtime-invoke) object:runtime_invoke_void (object,intptr,intptr,intptr)
0x00007ffaae6ee034 (mono-2.0-bdwgc) [mini-runtime.c:3445] mono_jit_runtime_invoke 
0x00007ffaae62e724 (mono-2.0-bdwgc) [object.c:3064] do_runtime_invoke 
0x00007ffaae6297e0 (mono-2.0-bdwgc) [object.c:563] mono_runtime_class_init_full 
0x00007ffaae596240 (mono-2.0-bdwgc) [icall-def.h:751] ves_icall_System_Runtime_CompilerServices_RuntimeHelpers_RunClassConstructor_raw 
0x000002003350cb0a (Mono JIT Code) (wrapper managed-to-native) System.Runtime.CompilerServices.RuntimeHelpers:RunClassConstructor (intptr)
0x000002003350c9fb (Mono JIT Code) System.Runtime.CompilerServices.RuntimeHelpers:RunClassConstructor (System.RuntimeTypeHandle)
0x000002003350b803 (Mono JIT Code) UnityEditor.EditorAssemblies:ProcessInitializeOnLoadAttributes (System.Type[])
0x0000020273a534f8 (Mono JIT Code) (wrapper runtime-invoke) <Module>:runtime_invoke_void_object (object,intptr,intptr,intptr)
0x00007ffaae6ee034 (mono-2.0-bdwgc) [mini-runtime.c:3445] mono_jit_runtime_invoke 
0x00007ffaae62e724 (mono-2.0-bdwgc) [object.c:3064] do_runtime_invoke 
0x00007ffaae62e8bc (mono-2.0-bdwgc) [object.c:3111] mono_runtime_invoke 
0x00007ff638324e44 (Unity) scripting_method_invoke
0x00007ff63831fa64 (Unity) ScriptingInvocation::Invoke
0x00007ff6383193a5 (Unity) ScriptingInvocation::Invoke<void>
0x00007ff63843d143 (Unity) Scripting::UnityEditor::EditorAssembliesProxy::ProcessInitializeOnLoadAttributes
0x00007ff6382f90fb (Unity) MonoManager::SetupLoadedEditorAssemblies
0x00007ff6382eeccd (Unity) MonoManager::EndReloadAssembly
0x00007ff6382f66f8 (Unity) MonoManager::ReloadAssembly
0x00007ff63920dcc2 (Unity) LoadDomainAndUserAssemblies
0x00007ff63920e3f4 (Unity) LoadUserAssemblies
0x00007ff63969d898 (Unity) <lambda_c8aac203af85da22e031a8e6d38250eb>::operator()
0x00007ff639732252 (Unity) asio::detail::completion_handler<core::mutable_function<void __cdecl(void)> >::do_complete
0x00007ff6397344dd (Unity) asio::detail::win_iocp_io_service::do_one
0x00007ff6397378fe (Unity) asio::io_service::run
0x00007ff6397306f1 (Unity) IOService::Run
0x00007ff6396c9de8 (Unity) RunAssetImportWorkerClientV2
0x00007ff6396c9ebb (Unity) RunAssetImporterV2
0x00007ff638f10f10 (Unity) Application::InitializeProject
0x00007ff63935c608 (Unity) WinMain
0x00007ff63a66d942 (Unity) __scrt_common_main_seh
0x00007ffb477a7034 (KERNEL32) BaseThreadInitThunk
0x00007ffb49702651 (ntdll) RtlUserThreadStart

